[ 2017-05-27T21:41:47+08:00 ] ::1 /web/shop2/
INFO: [ app_init ] --START--
INFO: Run Behavior\BuildLiteBehavior [ RunTime:0.000095s ]
INFO: [ app_init ] --END-- [ RunTime:0.049927s ]
INFO: [ app_begin ] --START--
INFO: Run Behavior\ReadHtmlCacheBehavior [ RunTime:0.065141s ]
INFO: [ app_begin ] --END-- [ RunTime:0.065629s ]
SQL: SHOW COLUMNS FROM `goods` [ RunTime:0.0617s ]
SQL: SELECT * FROM `goods` WHERE ( is_hot='1' ) ORDER BY goods_id desc  [ RunTime:0.0012s ]
INFO: [ view_parse ] --START--
INFO: [ template_filter ] --START--
INFO: Run Behavior\ContentReplaceBehavior [ RunTime:0.019131s ]
INFO: [ template_filter ] --END-- [ RunTime:0.019812s ]
NOTIC: [8] Undefined variable: v D:\wamp-win10\www\web\shop2\Runtime\Cache\Home\fcec68853132fd31f32bcf6cc6f4d660.php 第 63 行.
NOTIC: [8] Undefined variable: is_login D:\wamp-win10\www\web\shop2\Runtime\Cache\Home\fcec68853132fd31f32bcf6cc6f4d660.php 第 187 行.
NOTIC: [8] Undefined variable: arr_id D:\wamp-win10\www\web\shop2\Runtime\Cache\Home\fcec68853132fd31f32bcf6cc6f4d660.php 第 197 行.
NOTIC: [2] in_array() expects parameter 2 to be array, null given D:\wamp-win10\www\web\shop2\Runtime\Cache\Home\fcec68853132fd31f32bcf6cc6f4d660.php 第 197 行.
NOTIC: [8] Undefined variable: arr_id D:\wamp-win10\www\web\shop2\Runtime\Cache\Home\fcec68853132fd31f32bcf6cc6f4d660.php 第 197 行.
NOTIC: [2] in_array() expects parameter 2 to be array, null given D:\wamp-win10\www\web\shop2\Runtime\Cache\Home\fcec68853132fd31f32bcf6cc6f4d660.php 第 197 行.
NOTIC: [8] Undefined variable: arr_id D:\wamp-win10\www\web\shop2\Runtime\Cache\Home\fcec68853132fd31f32bcf6cc6f4d660.php 第 197 行.
NOTIC: [2] in_array() expects parameter 2 to be array, null given D:\wamp-win10\www\web\shop2\Runtime\Cache\Home\fcec68853132fd31f32bcf6cc6f4d660.php 第 197 行.
NOTIC: [8] Undefined variable: arr_id D:\wamp-win10\www\web\shop2\Runtime\Cache\Home\fcec68853132fd31f32bcf6cc6f4d660.php 第 197 行.
NOTIC: [2] in_array() expects parameter 2 to be array, null given D:\wamp-win10\www\web\shop2\Runtime\Cache\Home\fcec68853132fd31f32bcf6cc6f4d660.php 第 197 行.
NOTIC: [8] Undefined variable: arr_id D:\wamp-win10\www\web\shop2\Runtime\Cache\Home\fcec68853132fd31f32bcf6cc6f4d660.php 第 197 行.
NOTIC: [2] in_array() expects parameter 2 to be array, null given D:\wamp-win10\www\web\shop2\Runtime\Cache\Home\fcec68853132fd31f32bcf6cc6f4d660.php 第 197 行.
NOTIC: [8] Undefined variable: arr_id D:\wamp-win10\www\web\shop2\Runtime\Cache\Home\fcec68853132fd31f32bcf6cc6f4d660.php 第 197 行.
NOTIC: [2] in_array() expects parameter 2 to be array, null given D:\wamp-win10\www\web\shop2\Runtime\Cache\Home\fcec68853132fd31f32bcf6cc6f4d660.php 第 197 行.
NOTIC: [8] Undefined variable: arr_id D:\wamp-win10\www\web\shop2\Runtime\Cache\Home\fcec68853132fd31f32bcf6cc6f4d660.php 第 197 行.
NOTIC: [2] in_array() expects parameter 2 to be array, null given D:\wamp-win10\www\web\shop2\Runtime\Cache\Home\fcec68853132fd31f32bcf6cc6f4d660.php 第 197 行.
NOTIC: [8] Undefined variable: arr_id D:\wamp-win10\www\web\shop2\Runtime\Cache\Home\fcec68853132fd31f32bcf6cc6f4d660.php 第 197 行.
NOTIC: [2] in_array() expects parameter 2 to be array, null given D:\wamp-win10\www\web\shop2\Runtime\Cache\Home\fcec68853132fd31f32bcf6cc6f4d660.php 第 197 行.
NOTIC: [8] Undefined variable: arr_id D:\wamp-win10\www\web\shop2\Runtime\Cache\Home\fcec68853132fd31f32bcf6cc6f4d660.php 第 197 行.
NOTIC: [2] in_array() expects parameter 2 to be array, null given D:\wamp-win10\www\web\shop2\Runtime\Cache\Home\fcec68853132fd31f32bcf6cc6f4d660.php 第 197 行.
NOTIC: [8] Undefined variable: arr_id D:\wamp-win10\www\web\shop2\Runtime\Cache\Home\fcec68853132fd31f32bcf6cc6f4d660.php 第 197 行.
NOTIC: [2] in_array() expects parameter 2 to be array, null given D:\wamp-win10\www\web\shop2\Runtime\Cache\Home\fcec68853132fd31f32bcf6cc6f4d660.php 第 197 行.
INFO: Run Behavior\ParseTemplateBehavior [ RunTime:0.178504s ]
INFO: [ view_parse ] --END-- [ RunTime:0.179059s ]
INFO: [ view_filter ] --START--
INFO: Run Behavior\WriteHtmlCacheBehavior [ RunTime:0.090668s ]
INFO: [ view_filter ] --END-- [ RunTime:0.091178s ]
INFO: [ app_end ] --START--
INFO: Run Behavior\ShowPageTraceBehavior [ RunTime:0.018176s ]
INFO: [ app_end ] --END-- [ RunTime:0.018710s ]

[ 2017-05-27T21:47:15+08:00 ] ::1 /web/shop2/index.php/Home/Index/myaccount.html
INFO: [ app_init ] --START--
INFO: Run Behavior\BuildLiteBehavior [ RunTime:0.000100s ]
INFO: [ app_init ] --END-- [ RunTime:0.001691s ]
INFO: [ app_begin ] --START--
INFO: Run Behavior\ReadHtmlCacheBehavior [ RunTime:0.001391s ]
INFO: [ app_begin ] --END-- [ RunTime:0.001717s ]
INFO: [ view_parse ] --START--
INFO: [ template_filter ] --START--
INFO: Run Behavior\ContentReplaceBehavior [ RunTime:0.000249s ]
INFO: [ template_filter ] --END-- [ RunTime:0.000498s ]
NOTIC: [8] Undefined variable: user_name D:\wamp-win10\www\web\shop2\Runtime\Cache\Home\b1ce3e92ab5b808ddb21be3f2191197b.php 第 197 行.
INFO: Run Behavior\ParseTemplateBehavior [ RunTime:0.037158s ]
INFO: [ view_parse ] --END-- [ RunTime:0.037490s ]
INFO: [ view_filter ] --START--
INFO: Run Behavior\WriteHtmlCacheBehavior [ RunTime:0.000722s ]
INFO: [ view_filter ] --END-- [ RunTime:0.000945s ]
INFO: [ app_end ] --START--
INFO: Run Behavior\ShowPageTraceBehavior [ RunTime:0.001974s ]
INFO: [ app_end ] --END-- [ RunTime:0.002396s ]

[ 2017-05-27T21:47:16+08:00 ] ::1 /web/shop2/index.php/Home/Index/verify
INFO: [ app_init ] --START--
INFO: Run Behavior\BuildLiteBehavior [ RunTime:0.000113s ]
INFO: [ app_init ] --END-- [ RunTime:0.001900s ]
INFO: [ app_begin ] --START--
INFO: Run Behavior\ReadHtmlCacheBehavior [ RunTime:0.004127s ]
INFO: [ app_begin ] --END-- [ RunTime:0.005074s ]
INFO: [ app_end ] --START--
INFO: Run Behavior\ShowPageTraceBehavior [ RunTime:0.003167s ]
INFO: [ app_end ] --END-- [ RunTime:0.004092s ]

[ 2017-05-27T21:50:10+08:00 ] ::1 /web/shop2/index.php/Home/Goods/showlist
INFO: [ app_init ] --START--
INFO: Run Behavior\BuildLiteBehavior [ RunTime:0.000177s ]
INFO: [ app_init ] --END-- [ RunTime:0.002389s ]
INFO: [ app_begin ] --START--
INFO: Run Behavior\ReadHtmlCacheBehavior [ RunTime:0.001526s ]
INFO: [ app_begin ] --END-- [ RunTime:0.001840s ]
SQL: SHOW COLUMNS FROM `category` [ RunTime:0.0123s ]
SQL: SELECT * FROM `category` WHERE ( paraent_id=0 )  [ RunTime:0.0005s ]
INFO: [ view_parse ] --START--
INFO: [ template_filter ] --START--
INFO: Run Behavior\ContentReplaceBehavior [ RunTime:0.000439s ]
INFO: [ template_filter ] --END-- [ RunTime:0.001244s ]
INFO: Run Behavior\ParseTemplateBehavior [ RunTime:0.049723s ]
INFO: [ view_parse ] --END-- [ RunTime:0.050044s ]
INFO: [ view_filter ] --START--
INFO: Run Behavior\WriteHtmlCacheBehavior [ RunTime:0.001332s ]
INFO: [ view_filter ] --END-- [ RunTime:0.001647s ]
INFO: [ app_end ] --START--
INFO: Run Behavior\ShowPageTraceBehavior [ RunTime:0.001471s ]
INFO: [ app_end ] --END-- [ RunTime:0.001786s ]

[ 2017-05-27T21:50:10+08:00 ] ::1 /web/shop2/index.php/Home/Goods/goods/cat_id/1
INFO: [ app_init ] --START--
INFO: Run Behavior\BuildLiteBehavior [ RunTime:0.000082s ]
INFO: [ app_init ] --END-- [ RunTime:0.001445s ]
INFO: [ app_begin ] --START--
INFO: Run Behavior\ReadHtmlCacheBehavior [ RunTime:0.001775s ]
INFO: [ app_begin ] --END-- [ RunTime:0.002179s ]
SQL: SHOW COLUMNS FROM `goods` [ RunTime:0.0391s ]
SQL: SELECT * FROM `goods` WHERE ( cat_id='1' )  [ RunTime:0.0007s ]
SQL: SHOW COLUMNS FROM `user` [ RunTime:0.1566s ]
SQL: SELECT `collection_goods_id` FROM `user` WHERE ( user_name='admin' ) LIMIT 1   [ RunTime:0.0006s ]
INFO: [ view_parse ] --START--
INFO: [ template_filter ] --START--
INFO: Run Behavior\ContentReplaceBehavior [ RunTime:0.000334s ]
INFO: [ template_filter ] --END-- [ RunTime:0.000789s ]
NOTIC: [8] Undefined variable: v D:\wamp-win10\www\web\shop2\Runtime\Cache\Home\6afc9e8acb18f9e3434ee9579dcc88f7.php 第 59 行.
INFO: Run Behavior\ParseTemplateBehavior [ RunTime:0.061307s ]
INFO: [ view_parse ] --END-- [ RunTime:0.061904s ]
INFO: [ view_filter ] --START--
INFO: Run Behavior\WriteHtmlCacheBehavior [ RunTime:0.001151s ]
INFO: [ view_filter ] --END-- [ RunTime:0.001596s ]
INFO: [ app_end ] --START--
INFO: Run Behavior\ShowPageTraceBehavior [ RunTime:0.002695s ]
INFO: [ app_end ] --END-- [ RunTime:0.003168s ]

[ 2017-05-27T21:50:12+08:00 ] ::1 /web/shop2/index.php/Home/Goods/goods_detail/goods_id/3/url/Home.Goods.showlist
INFO: [ app_init ] --START--
INFO: Run Behavior\BuildLiteBehavior [ RunTime:0.000097s ]
INFO: [ app_init ] --END-- [ RunTime:0.001730s ]
INFO: [ app_begin ] --START--
INFO: Run Behavior\ReadHtmlCacheBehavior [ RunTime:0.002850s ]
INFO: [ app_begin ] --END-- [ RunTime:0.003392s ]
SQL: SHOW COLUMNS FROM `goods` [ RunTime:0.0189s ]
SQL: SELECT * FROM `goods` WHERE ( goods_id=3 ) LIMIT 1   [ RunTime:0.0010s ]
SQL: SHOW COLUMNS FROM `user` [ RunTime:0.0147s ]
SQL: SELECT `user_id`,`public_goods_id` FROM `user`  [ RunTime:0.0064s ]
SQL: SELECT * FROM `user` WHERE ( user_id=2 ) LIMIT 1   [ RunTime:0.0008s ]
SQL: SELECT `collection_goods_id` FROM `user` WHERE ( user_name='admin' ) LIMIT 1   [ RunTime:0.0006s ]
INFO: [ view_parse ] --START--
INFO: [ template_filter ] --START--
INFO: Run Behavior\ContentReplaceBehavior [ RunTime:0.000452s ]
INFO: [ template_filter ] --END-- [ RunTime:0.000938s ]
NOTIC: [8] Undefined variable: active D:\wamp-win10\www\web\shop2\Runtime\Cache\Home\e494d965ec4c6121b772fececa95f295.php 第 97 行.
INFO: Run Behavior\ParseTemplateBehavior [ RunTime:0.143881s ]
INFO: [ view_parse ] --END-- [ RunTime:0.144505s ]
INFO: [ view_filter ] --START--
INFO: Run Behavior\WriteHtmlCacheBehavior [ RunTime:0.001841s ]
INFO: [ view_filter ] --END-- [ RunTime:0.002320s ]
INFO: [ app_end ] --START--
INFO: Run Behavior\ShowPageTraceBehavior [ RunTime:0.002514s ]
INFO: [ app_end ] --END-- [ RunTime:0.003068s ]

[ 2017-05-27T21:50:12+08:00 ] ::1 /web/shop2/index.php/Home/Goods/goods_detail/goods_id/3/url/Home.Goods.showlist
INFO: [ app_init ] --START--
INFO: Run Behavior\BuildLiteBehavior [ RunTime:0.000094s ]
INFO: [ app_init ] --END-- [ RunTime:0.001453s ]
INFO: [ app_begin ] --START--
INFO: Run Behavior\ReadHtmlCacheBehavior [ RunTime:0.002361s ]
INFO: [ app_begin ] --END-- [ RunTime:0.003302s ]
SQL: SHOW COLUMNS FROM `goods` [ RunTime:0.0144s ]
SQL: SELECT * FROM `goods` WHERE ( goods_id=3 ) LIMIT 1   [ RunTime:0.0005s ]
SQL: SHOW COLUMNS FROM `user` [ RunTime:0.0173s ]
SQL: SELECT `user_id`,`public_goods_id` FROM `user`  [ RunTime:0.0005s ]
SQL: SELECT * FROM `user` WHERE ( user_id=2 ) LIMIT 1   [ RunTime:0.0006s ]
SQL: SELECT `collection_goods_id` FROM `user` WHERE ( user_name='admin' ) LIMIT 1   [ RunTime:0.0009s ]
INFO: [ view_parse ] --START--
INFO: [ template_filter ] --START--
INFO: Run Behavior\ContentReplaceBehavior [ RunTime:0.000462s ]
INFO: [ template_filter ] --END-- [ RunTime:0.000934s ]
NOTIC: [8] Undefined variable: active D:\wamp-win10\www\web\shop2\Runtime\Cache\Home\e494d965ec4c6121b772fececa95f295.php 第 97 行.
INFO: Run Behavior\ParseTemplateBehavior [ RunTime:0.034074s ]
INFO: [ view_parse ] --END-- [ RunTime:0.034424s ]
INFO: [ view_filter ] --START--
INFO: Run Behavior\WriteHtmlCacheBehavior [ RunTime:0.000724s ]
INFO: [ view_filter ] --END-- [ RunTime:0.000944s ]
INFO: [ app_end ] --START--
INFO: Run Behavior\ShowPageTraceBehavior [ RunTime:0.001746s ]
INFO: [ app_end ] --END-- [ RunTime:0.002023s ]

[ 2017-05-27T21:50:13+08:00 ] ::1 /web/shop2/index.php/Home/Goods/loadComment
INFO: [ app_init ] --START--
INFO: Run Behavior\BuildLiteBehavior [ RunTime:0.000267s ]
INFO: [ app_init ] --END-- [ RunTime:0.002439s ]
INFO: [ app_begin ] --START--
INFO: Run Behavior\ReadHtmlCacheBehavior [ RunTime:0.003523s ]
INFO: [ app_begin ] --END-- [ RunTime:0.018563s ]
SQL: SHOW COLUMNS FROM `comment` [ RunTime:0.0351s ]
SQL: SELECT * FROM `comment` WHERE ( goods_id=3 )  [ RunTime:0.0006s ]

[ 2017-05-27T21:51:14+08:00 ] ::1 /web/shop2/index.php/Home/Goods/showlist
INFO: [ app_init ] --START--
INFO: Run Behavior\BuildLiteBehavior [ RunTime:0.000078s ]
INFO: [ app_init ] --END-- [ RunTime:0.001166s ]
INFO: [ app_begin ] --START--
INFO: Run Behavior\ReadHtmlCacheBehavior [ RunTime:0.000898s ]
INFO: [ app_begin ] --END-- [ RunTime:0.001109s ]
SQL: SHOW COLUMNS FROM `category` [ RunTime:0.0269s ]
INFO: [ view_parse ] --START--
INFO: [ template_filter ] --START--
INFO: Run Behavior\ContentReplaceBehavior [ RunTime:0.000169s ]
INFO: [ template_filter ] --END-- [ RunTime:0.000371s ]
INFO: Run Behavior\ParseTemplateBehavior [ RunTime:0.014782s ]
INFO: [ view_parse ] --END-- [ RunTime:0.015095s ]
INFO: [ view_filter ] --START--
INFO: Run Behavior\WriteHtmlCacheBehavior [ RunTime:0.000540s ]
INFO: [ view_filter ] --END-- [ RunTime:0.000713s ]
INFO: [ app_end ] --START--
INFO: Run Behavior\ShowPageTraceBehavior [ RunTime:0.001026s ]
INFO: [ app_end ] --END-- [ RunTime:0.001307s ]

[ 2017-05-27T21:51:15+08:00 ] ::1 /web/shop2/index.php/Home/Goods/goods/cat_id/1
INFO: [ app_init ] --START--
INFO: Run Behavior\BuildLiteBehavior [ RunTime:0.000043s ]
INFO: [ app_init ] --END-- [ RunTime:0.000746s ]
INFO: [ app_begin ] --START--
INFO: Run Behavior\ReadHtmlCacheBehavior [ RunTime:0.000876s ]
INFO: [ app_begin ] --END-- [ RunTime:0.001082s ]
SQL: SHOW COLUMNS FROM `goods` [ RunTime:0.0297s ]
SQL: SELECT * FROM `goods` WHERE ( cat_id='1' )  [ RunTime:0.0009s ]
SQL: SHOW COLUMNS FROM `user` [ RunTime:0.1774s ]
SQL: SELECT `collection_goods_id` FROM `user` WHERE ( user_name='admin' ) LIMIT 1   [ RunTime:0.0008s ]
INFO: [ view_parse ] --START--
INFO: [ template_filter ] --START--
INFO: Run Behavior\ContentReplaceBehavior [ RunTime:0.000280s ]
INFO: [ template_filter ] --END-- [ RunTime:0.000667s ]
NOTIC: [8] Undefined variable: v D:\wamp-win10\www\web\shop2\Runtime\Cache\Home\6afc9e8acb18f9e3434ee9579dcc88f7.php 第 59 行.
INFO: Run Behavior\ParseTemplateBehavior [ RunTime:0.025642s ]
INFO: [ view_parse ] --END-- [ RunTime:0.026012s ]
INFO: [ view_filter ] --START--
INFO: Run Behavior\WriteHtmlCacheBehavior [ RunTime:0.001024s ]
INFO: [ view_filter ] --END-- [ RunTime:0.001393s ]
INFO: [ app_end ] --START--
INFO: Run Behavior\ShowPageTraceBehavior [ RunTime:0.001680s ]
INFO: [ app_end ] --END-- [ RunTime:0.002054s ]

[ 2017-05-27T21:51:16+08:00 ] ::1 /web/shop2/index.php/Home/Goods/goods_detail/goods_id/3/url/Home.Goods.showlist
INFO: [ app_init ] --START--
INFO: Run Behavior\BuildLiteBehavior [ RunTime:0.000100s ]
INFO: [ app_init ] --END-- [ RunTime:0.002313s ]
INFO: [ app_begin ] --START--
INFO: Run Behavior\ReadHtmlCacheBehavior [ RunTime:0.002046s ]
INFO: [ app_begin ] --END-- [ RunTime:0.002505s ]
SQL: SHOW COLUMNS FROM `goods` [ RunTime:0.0162s ]
SQL: SELECT * FROM `goods` WHERE ( goods_id=3 ) LIMIT 1   [ RunTime:0.0006s ]
SQL: SHOW COLUMNS FROM `user` [ RunTime:0.0195s ]
SQL: SELECT `user_id`,`public_goods_id` FROM `user`  [ RunTime:0.0007s ]
SQL: SELECT * FROM `user` WHERE ( user_id=2 ) LIMIT 1   [ RunTime:0.0011s ]
SQL: SELECT `collection_goods_id` FROM `user` WHERE ( user_name='admin' ) LIMIT 1   [ RunTime:0.0005s ]
INFO: [ view_parse ] --START--
INFO: [ template_filter ] --START--
INFO: Run Behavior\ContentReplaceBehavior [ RunTime:0.000467s ]
INFO: [ template_filter ] --END-- [ RunTime:0.000969s ]
NOTIC: [8] Undefined variable: active D:\wamp-win10\www\web\shop2\Runtime\Cache\Home\e494d965ec4c6121b772fececa95f295.php 第 97 行.
INFO: Run Behavior\ParseTemplateBehavior [ RunTime:0.035591s ]
INFO: [ view_parse ] --END-- [ RunTime:0.036135s ]
INFO: [ view_filter ] --START--
INFO: Run Behavior\WriteHtmlCacheBehavior [ RunTime:0.001295s ]
INFO: [ view_filter ] --END-- [ RunTime:0.001746s ]
INFO: [ app_end ] --START--
INFO: Run Behavior\ShowPageTraceBehavior [ RunTime:0.002203s ]
INFO: [ app_end ] --END-- [ RunTime:0.002779s ]

[ 2017-05-27T21:51:17+08:00 ] ::1 /web/shop2/index.php/Home/Goods/loadComment
INFO: [ app_init ] --START--
INFO: Run Behavior\BuildLiteBehavior [ RunTime:0.000108s ]
INFO: [ app_init ] --END-- [ RunTime:0.002457s ]
INFO: [ app_begin ] --START--
INFO: Run Behavior\ReadHtmlCacheBehavior [ RunTime:0.001952s ]
INFO: [ app_begin ] --END-- [ RunTime:0.002421s ]
SQL: SHOW COLUMNS FROM `comment` [ RunTime:0.0182s ]
SQL: SELECT * FROM `comment` WHERE ( goods_id=3 )  [ RunTime:0.0006s ]

[ 2017-05-27T21:51:21+08:00 ] ::1 /web/shop2/index.php/Home/Goods/goods_detail/goods_id/3/url/Home.Goods.showlist
INFO: [ app_init ] --START--
INFO: Run Behavior\BuildLiteBehavior [ RunTime:0.000045s ]
INFO: [ app_init ] --END-- [ RunTime:0.000910s ]
INFO: [ app_begin ] --START--
INFO: Run Behavior\ReadHtmlCacheBehavior [ RunTime:0.001383s ]
INFO: [ app_begin ] --END-- [ RunTime:0.001777s ]
SQL: SHOW COLUMNS FROM `goods` [ RunTime:0.0171s ]
SQL: SELECT * FROM `goods` WHERE ( goods_id=3 ) LIMIT 1   [ RunTime:0.0007s ]
SQL: SHOW COLUMNS FROM `user` [ RunTime:0.0137s ]
SQL: SELECT `user_id`,`public_goods_id` FROM `user`  [ RunTime:0.0004s ]
SQL: SELECT * FROM `user` WHERE ( user_id=2 ) LIMIT 1   [ RunTime:0.0003s ]
SQL: SELECT `collection_goods_id` FROM `user` WHERE ( user_name='admin' ) LIMIT 1   [ RunTime:0.0002s ]
INFO: [ view_parse ] --START--
INFO: [ template_filter ] --START--
INFO: Run Behavior\ContentReplaceBehavior [ RunTime:0.000228s ]
INFO: [ template_filter ] --END-- [ RunTime:0.000426s ]
NOTIC: [8] Undefined variable: active D:\wamp-win10\www\web\shop2\Runtime\Cache\Home\e494d965ec4c6121b772fececa95f295.php 第 97 行.
INFO: Run Behavior\ParseTemplateBehavior [ RunTime:0.016278s ]
INFO: [ view_parse ] --END-- [ RunTime:0.016609s ]
INFO: [ view_filter ] --START--
INFO: Run Behavior\WriteHtmlCacheBehavior [ RunTime:0.000883s ]
INFO: [ view_filter ] --END-- [ RunTime:0.001142s ]
INFO: [ app_end ] --START--
INFO: Run Behavior\ShowPageTraceBehavior [ RunTime:0.001153s ]
INFO: [ app_end ] --END-- [ RunTime:0.001431s ]

[ 2017-05-27T21:51:22+08:00 ] ::1 /web/shop2/index.php/Home/Goods/loadComment
INFO: [ app_init ] --START--
INFO: Run Behavior\BuildLiteBehavior [ RunTime:0.000088s ]
INFO: [ app_init ] --END-- [ RunTime:0.001506s ]
INFO: [ app_begin ] --START--
INFO: Run Behavior\ReadHtmlCacheBehavior [ RunTime:0.001924s ]
INFO: [ app_begin ] --END-- [ RunTime:0.002265s ]
SQL: SHOW COLUMNS FROM `comment` [ RunTime:0.0298s ]
SQL: SELECT * FROM `comment` WHERE ( goods_id=3 )  [ RunTime:0.0006s ]

[ 2017-05-27T21:51:29+08:00 ] ::1 /web/shop2/index.php/Home/Goods/showlist
INFO: [ app_init ] --START--
INFO: Run Behavior\BuildLiteBehavior [ RunTime:0.000069s ]
INFO: [ app_init ] --END-- [ RunTime:0.001185s ]
INFO: [ app_begin ] --START--
INFO: Run Behavior\ReadHtmlCacheBehavior [ RunTime:0.001421s ]
INFO: [ app_begin ] --END-- [ RunTime:0.001818s ]
SQL: SHOW COLUMNS FROM `category` [ RunTime:0.0146s ]
INFO: [ view_parse ] --START--
INFO: [ template_filter ] --START--
INFO: Run Behavior\ContentReplaceBehavior [ RunTime:0.000165s ]
INFO: [ template_filter ] --END-- [ RunTime:0.000372s ]
INFO: Run Behavior\ParseTemplateBehavior [ RunTime:0.023023s ]
INFO: [ view_parse ] --END-- [ RunTime:0.023369s ]
INFO: [ view_filter ] --START--
INFO: Run Behavior\WriteHtmlCacheBehavior [ RunTime:0.000944s ]
INFO: [ view_filter ] --END-- [ RunTime:0.001122s ]
INFO: [ app_end ] --START--
INFO: Run Behavior\ShowPageTraceBehavior [ RunTime:0.001183s ]
INFO: [ app_end ] --END-- [ RunTime:0.001375s ]

[ 2017-05-27T21:51:29+08:00 ] ::1 /web/shop2/index.php/Home/Goods/goods/cat_id/1
INFO: [ app_init ] --START--
INFO: Run Behavior\BuildLiteBehavior [ RunTime:0.000042s ]
INFO: [ app_init ] --END-- [ RunTime:0.000796s ]
INFO: [ app_begin ] --START--
INFO: Run Behavior\ReadHtmlCacheBehavior [ RunTime:0.001099s ]
INFO: [ app_begin ] --END-- [ RunTime:0.001387s ]
SQL: SHOW COLUMNS FROM `goods` [ RunTime:0.1319s ]
SQL: SELECT * FROM `goods` WHERE ( cat_id='1' )  [ RunTime:0.0012s ]
SQL: SHOW COLUMNS FROM `user` [ RunTime:0.1321s ]
SQL: SELECT `collection_goods_id` FROM `user` WHERE ( user_name='admin' ) LIMIT 1   [ RunTime:0.0005s ]
INFO: [ view_parse ] --START--
INFO: [ template_filter ] --START--
INFO: Run Behavior\ContentReplaceBehavior [ RunTime:0.000249s ]
INFO: [ template_filter ] --END-- [ RunTime:0.000591s ]
NOTIC: [8] Undefined variable: v D:\wamp-win10\www\web\shop2\Runtime\Cache\Home\6afc9e8acb18f9e3434ee9579dcc88f7.php 第 59 行.
INFO: Run Behavior\ParseTemplateBehavior [ RunTime:0.023348s ]
INFO: [ view_parse ] --END-- [ RunTime:0.023718s ]
INFO: [ view_filter ] --START--
INFO: Run Behavior\WriteHtmlCacheBehavior [ RunTime:0.001816s ]
INFO: [ view_filter ] --END-- [ RunTime:0.002215s ]
INFO: [ app_end ] --START--
INFO: Run Behavior\ShowPageTraceBehavior [ RunTime:0.003068s ]
INFO: [ app_end ] --END-- [ RunTime:0.003485s ]

[ 2017-05-27T21:51:34+08:00 ] ::1 /web/shop2/index.php/Home/Goods/goods_detail/goods_id/8/url/Admin.Index.my
INFO: [ app_init ] --START--
INFO: Run Behavior\BuildLiteBehavior [ RunTime:0.000097s ]
INFO: [ app_init ] --END-- [ RunTime:0.001555s ]
INFO: [ app_begin ] --START--
INFO: Run Behavior\ReadHtmlCacheBehavior [ RunTime:0.001785s ]
INFO: [ app_begin ] --END-- [ RunTime:0.002409s ]
SQL: SHOW COLUMNS FROM `goods` [ RunTime:0.0150s ]
SQL: SELECT * FROM `goods` WHERE ( goods_id=8 ) LIMIT 1   [ RunTime:0.0008s ]
SQL: SHOW COLUMNS FROM `user` [ RunTime:0.0251s ]
SQL: SELECT `user_id`,`public_goods_id` FROM `user`  [ RunTime:0.0008s ]
SQL: SELECT * FROM `user` WHERE ( user_id=3 ) LIMIT 1   [ RunTime:0.0008s ]
SQL: SELECT `collection_goods_id` FROM `user` WHERE ( user_name='admin' ) LIMIT 1   [ RunTime:0.0006s ]
INFO: [ view_parse ] --START--
INFO: [ template_filter ] --START--
INFO: Run Behavior\ContentReplaceBehavior [ RunTime:0.000484s ]
INFO: [ template_filter ] --END-- [ RunTime:0.000959s ]
INFO: Run Behavior\ParseTemplateBehavior [ RunTime:0.035062s ]
INFO: [ view_parse ] --END-- [ RunTime:0.035594s ]
INFO: [ view_filter ] --START--
INFO: Run Behavior\WriteHtmlCacheBehavior [ RunTime:0.002151s ]
INFO: [ view_filter ] --END-- [ RunTime:0.002629s ]
INFO: [ app_end ] --START--
INFO: Run Behavior\ShowPageTraceBehavior [ RunTime:0.010781s ]
INFO: [ app_end ] --END-- [ RunTime:0.011351s ]

[ 2017-05-27T21:51:35+08:00 ] ::1 /web/shop2/index.php/Home/Goods/loadComment
INFO: [ app_init ] --START--
INFO: Run Behavior\BuildLiteBehavior [ RunTime:0.000088s ]
INFO: [ app_init ] --END-- [ RunTime:0.001433s ]
INFO: [ app_begin ] --START--
INFO: Run Behavior\ReadHtmlCacheBehavior [ RunTime:0.001831s ]
INFO: [ app_begin ] --END-- [ RunTime:0.002269s ]
SQL: SHOW COLUMNS FROM `comment` [ RunTime:0.0315s ]
SQL: SELECT * FROM `comment` WHERE ( goods_id=8 )  [ RunTime:0.0008s ]

[ 2017-05-27T21:52:46+08:00 ] ::1 /web/shop2/index.php/Home/Goods/goods_detail/goods_id/8/url/Admin.Index.my
INFO: [ app_init ] --START--
INFO: Run Behavior\BuildLiteBehavior [ RunTime:0.000099s ]
INFO: [ app_init ] --END-- [ RunTime:0.001506s ]
INFO: [ app_begin ] --START--
INFO: Run Behavior\ReadHtmlCacheBehavior [ RunTime:0.002260s ]
INFO: [ app_begin ] --END-- [ RunTime:0.002851s ]
SQL: SHOW COLUMNS FROM `goods` [ RunTime:0.0165s ]
SQL: SELECT * FROM `goods` WHERE ( goods_id=8 ) LIMIT 1   [ RunTime:0.0009s ]
SQL: SHOW COLUMNS FROM `user` [ RunTime:0.0160s ]
SQL: SELECT `user_id`,`public_goods_id` FROM `user`  [ RunTime:0.0008s ]
SQL: SELECT * FROM `user` WHERE ( user_id=3 ) LIMIT 1   [ RunTime:0.0013s ]
SQL: SELECT `collection_goods_id` FROM `user` WHERE ( user_name='admin' ) LIMIT 1   [ RunTime:0.0007s ]
INFO: [ view_parse ] --START--
INFO: [ template_filter ] --START--
INFO: Run Behavior\ContentReplaceBehavior [ RunTime:0.000472s ]
INFO: [ template_filter ] --END-- [ RunTime:0.000994s ]
INFO: Run Behavior\ParseTemplateBehavior [ RunTime:0.039543s ]
INFO: [ view_parse ] --END-- [ RunTime:0.043929s ]
INFO: [ view_filter ] --START--
INFO: Run Behavior\WriteHtmlCacheBehavior [ RunTime:0.025828s ]
INFO: [ view_filter ] --END-- [ RunTime:0.026366s ]
INFO: [ app_end ] --START--
INFO: Run Behavior\ShowPageTraceBehavior [ RunTime:0.003319s ]
INFO: [ app_end ] --END-- [ RunTime:0.003905s ]

[ 2017-05-27T21:52:47+08:00 ] ::1 /web/shop2/index.php/Home/Goods/loadComment
INFO: [ app_init ] --START--
INFO: Run Behavior\BuildLiteBehavior [ RunTime:0.000104s ]
INFO: [ app_init ] --END-- [ RunTime:0.001541s ]
INFO: [ app_begin ] --START--
INFO: Run Behavior\ReadHtmlCacheBehavior [ RunTime:0.002013s ]
INFO: [ app_begin ] --END-- [ RunTime:0.002520s ]
SQL: SHOW COLUMNS FROM `comment` [ RunTime:0.0222s ]
SQL: SELECT * FROM `comment` WHERE ( goods_id=8 )  [ RunTime:0.0007s ]

[ 2017-05-27T22:12:08+08:00 ] ::1 /web/shop2/index.php/Home/Index/myaccount.html
INFO: [ app_init ] --START--
INFO: Run Behavior\BuildLiteBehavior [ RunTime:0.000094s ]
INFO: [ app_init ] --END-- [ RunTime:0.001434s ]
INFO: [ app_begin ] --START--
INFO: Run Behavior\ReadHtmlCacheBehavior [ RunTime:0.001405s ]
INFO: [ app_begin ] --END-- [ RunTime:0.001761s ]
INFO: [ view_parse ] --START--
INFO: [ template_filter ] --START--
INFO: Run Behavior\ContentReplaceBehavior [ RunTime:0.000200s ]
INFO: [ template_filter ] --END-- [ RunTime:0.000398s ]
NOTIC: [8] Undefined variable: user_name D:\wamp-win10\www\web\shop2\Runtime\Cache\Home\b1ce3e92ab5b808ddb21be3f2191197b.php 第 197 行.
INFO: Run Behavior\ParseTemplateBehavior [ RunTime:0.012308s ]
INFO: [ view_parse ] --END-- [ RunTime:0.012502s ]
INFO: [ view_filter ] --START--
INFO: Run Behavior\WriteHtmlCacheBehavior [ RunTime:0.000528s ]
INFO: [ view_filter ] --END-- [ RunTime:0.000698s ]
INFO: [ app_end ] --START--
INFO: Run Behavior\ShowPageTraceBehavior [ RunTime:0.001646s ]
INFO: [ app_end ] --END-- [ RunTime:0.002043s ]

[ 2017-05-27T22:12:08+08:00 ] ::1 /web/shop2/index.php/Home/Index/verify
INFO: [ app_init ] --START--
INFO: Run Behavior\BuildLiteBehavior [ RunTime:0.000077s ]
INFO: [ app_init ] --END-- [ RunTime:0.001160s ]
INFO: [ app_begin ] --START--
INFO: Run Behavior\ReadHtmlCacheBehavior [ RunTime:0.001495s ]
INFO: [ app_begin ] --END-- [ RunTime:0.001897s ]
INFO: [ app_end ] --START--
INFO: Run Behavior\ShowPageTraceBehavior [ RunTime:0.001521s ]
INFO: [ app_end ] --END-- [ RunTime:0.001938s ]

[ 2017-05-27T22:12:43+08:00 ] ::1 /web/shop2/index.php/Home/Index/index
INFO: [ app_init ] --START--
INFO: Run Behavior\BuildLiteBehavior [ RunTime:0.000055s ]
INFO: [ app_init ] --END-- [ RunTime:0.000791s ]
INFO: [ app_begin ] --START--
INFO: Run Behavior\ReadHtmlCacheBehavior [ RunTime:0.001000s ]
INFO: [ app_begin ] --END-- [ RunTime:0.001256s ]
SQL: SHOW COLUMNS FROM `goods` [ RunTime:0.0072s ]
SQL: SELECT * FROM `goods` WHERE ( is_hot='1' ) ORDER BY goods_id desc  [ RunTime:0.0006s ]
SQL: SHOW COLUMNS FROM `user` [ RunTime:0.0066s ]
SQL: SELECT `collection_goods_id` FROM `user` WHERE ( user_name='test' ) LIMIT 1   [ RunTime:0.0004s ]
INFO: [ view_parse ] --START--
INFO: [ template_filter ] --START--
INFO: Run Behavior\ContentReplaceBehavior [ RunTime:0.000257s ]
INFO: [ template_filter ] --END-- [ RunTime:0.000491s ]
NOTIC: [8] Undefined variable: v D:\wamp-win10\www\web\shop2\Runtime\Cache\Home\fcec68853132fd31f32bcf6cc6f4d660.php 第 63 行.
INFO: Run Behavior\ParseTemplateBehavior [ RunTime:0.017695s ]
INFO: [ view_parse ] --END-- [ RunTime:0.017896s ]
INFO: [ view_filter ] --START--
INFO: Run Behavior\WriteHtmlCacheBehavior [ RunTime:0.000951s ]
INFO: [ view_filter ] --END-- [ RunTime:0.001145s ]
INFO: [ app_end ] --START--
INFO: Run Behavior\ShowPageTraceBehavior [ RunTime:0.001170s ]
INFO: [ app_end ] --END-- [ RunTime:0.001477s ]

