[ 2017-05-17T23:52:52+08:00 ] ::1 /web/shop2/
INFO: [ app_init ] --START--
INFO: Run Behavior\BuildLiteBehavior [ RunTime:0.000080s ]
INFO: [ app_init ] --END-- [ RunTime:0.001414s ]
INFO: [ app_begin ] --START--
INFO: Run Behavior\ReadHtmlCacheBehavior [ RunTime:0.002908s ]
INFO: [ app_begin ] --END-- [ RunTime:0.003302s ]
SQL: SHOW COLUMNS FROM `goods` [ RunTime:0.0099s ]
SQL: SELECT * FROM `goods` WHERE ( is_hot='1' ) ORDER BY goods_id desc  [ RunTime:0.0010s ]
INFO: [ view_parse ] --START--
INFO: [ template_filter ] --START--
INFO: Run Behavior\ContentReplaceBehavior [ RunTime:0.000236s ]
INFO: [ template_filter ] --END-- [ RunTime:0.000455s ]
NOTIC: [8] Undefined variable: v D:\wamp-win10\www\web\shop2\Runtime\Cache\Home\fcec68853132fd31f32bcf6cc6f4d660.php 第 63 行.
NOTIC: [8] Undefined variable: is_login D:\wamp-win10\www\web\shop2\Runtime\Cache\Home\fcec68853132fd31f32bcf6cc6f4d660.php 第 187 行.
NOTIC: [8] Undefined variable: arr_id D:\wamp-win10\www\web\shop2\Runtime\Cache\Home\fcec68853132fd31f32bcf6cc6f4d660.php 第 197 行.
NOTIC: [2] in_array() expects parameter 2 to be array, null given D:\wamp-win10\www\web\shop2\Runtime\Cache\Home\fcec68853132fd31f32bcf6cc6f4d660.php 第 197 行.
NOTIC: [8] Undefined variable: arr_id D:\wamp-win10\www\web\shop2\Runtime\Cache\Home\fcec68853132fd31f32bcf6cc6f4d660.php 第 197 行.
NOTIC: [2] in_array() expects parameter 2 to be array, null given D:\wamp-win10\www\web\shop2\Runtime\Cache\Home\fcec68853132fd31f32bcf6cc6f4d660.php 第 197 行.
NOTIC: [8] Undefined variable: arr_id D:\wamp-win10\www\web\shop2\Runtime\Cache\Home\fcec68853132fd31f32bcf6cc6f4d660.php 第 197 行.
NOTIC: [2] in_array() expects parameter 2 to be array, null given D:\wamp-win10\www\web\shop2\Runtime\Cache\Home\fcec68853132fd31f32bcf6cc6f4d660.php 第 197 行.
NOTIC: [8] Undefined variable: arr_id D:\wamp-win10\www\web\shop2\Runtime\Cache\Home\fcec68853132fd31f32bcf6cc6f4d660.php 第 197 行.
NOTIC: [2] in_array() expects parameter 2 to be array, null given D:\wamp-win10\www\web\shop2\Runtime\Cache\Home\fcec68853132fd31f32bcf6cc6f4d660.php 第 197 行.
NOTIC: [8] Undefined variable: arr_id D:\wamp-win10\www\web\shop2\Runtime\Cache\Home\fcec68853132fd31f32bcf6cc6f4d660.php 第 197 行.
NOTIC: [2] in_array() expects parameter 2 to be array, null given D:\wamp-win10\www\web\shop2\Runtime\Cache\Home\fcec68853132fd31f32bcf6cc6f4d660.php 第 197 行.
NOTIC: [8] Undefined variable: arr_id D:\wamp-win10\www\web\shop2\Runtime\Cache\Home\fcec68853132fd31f32bcf6cc6f4d660.php 第 197 行.
NOTIC: [2] in_array() expects parameter 2 to be array, null given D:\wamp-win10\www\web\shop2\Runtime\Cache\Home\fcec68853132fd31f32bcf6cc6f4d660.php 第 197 行.
NOTIC: [8] Undefined variable: arr_id D:\wamp-win10\www\web\shop2\Runtime\Cache\Home\fcec68853132fd31f32bcf6cc6f4d660.php 第 197 行.
NOTIC: [2] in_array() expects parameter 2 to be array, null given D:\wamp-win10\www\web\shop2\Runtime\Cache\Home\fcec68853132fd31f32bcf6cc6f4d660.php 第 197 行.
NOTIC: [8] Undefined variable: arr_id D:\wamp-win10\www\web\shop2\Runtime\Cache\Home\fcec68853132fd31f32bcf6cc6f4d660.php 第 197 行.
NOTIC: [2] in_array() expects parameter 2 to be array, null given D:\wamp-win10\www\web\shop2\Runtime\Cache\Home\fcec68853132fd31f32bcf6cc6f4d660.php 第 197 行.
NOTIC: [8] Undefined variable: arr_id D:\wamp-win10\www\web\shop2\Runtime\Cache\Home\fcec68853132fd31f32bcf6cc6f4d660.php 第 197 行.
NOTIC: [2] in_array() expects parameter 2 to be array, null given D:\wamp-win10\www\web\shop2\Runtime\Cache\Home\fcec68853132fd31f32bcf6cc6f4d660.php 第 197 行.
NOTIC: [8] Undefined variable: arr_id D:\wamp-win10\www\web\shop2\Runtime\Cache\Home\fcec68853132fd31f32bcf6cc6f4d660.php 第 197 行.
NOTIC: [2] in_array() expects parameter 2 to be array, null given D:\wamp-win10\www\web\shop2\Runtime\Cache\Home\fcec68853132fd31f32bcf6cc6f4d660.php 第 197 行.
INFO: Run Behavior\ParseTemplateBehavior [ RunTime:0.069433s ]
INFO: [ view_parse ] --END-- [ RunTime:0.069732s ]
INFO: [ view_filter ] --START--
INFO: Run Behavior\WriteHtmlCacheBehavior [ RunTime:0.002409s ]
INFO: [ view_filter ] --END-- [ RunTime:0.002716s ]
INFO: [ app_end ] --START--
INFO: Run Behavior\ShowPageTraceBehavior [ RunTime:0.002767s ]
INFO: [ app_end ] --END-- [ RunTime:0.003147s ]

[ 2017-05-17T23:52:56+08:00 ] ::1 /web/shop2/index.php/Home/Index/myaccount.html
INFO: [ app_init ] --START--
INFO: Run Behavior\BuildLiteBehavior [ RunTime:0.000044s ]
INFO: [ app_init ] --END-- [ RunTime:0.000890s ]
INFO: [ app_begin ] --START--
INFO: Run Behavior\ReadHtmlCacheBehavior [ RunTime:0.001496s ]
INFO: [ app_begin ] --END-- [ RunTime:0.001713s ]
INFO: [ view_parse ] --START--
INFO: [ template_filter ] --START--
INFO: Run Behavior\ContentReplaceBehavior [ RunTime:0.000212s ]
INFO: [ template_filter ] --END-- [ RunTime:0.000429s ]
NOTIC: [8] Undefined variable: user_name D:\wamp-win10\www\web\shop2\Runtime\Cache\Home\b1ce3e92ab5b808ddb21be3f2191197b.php 第 197 行.
INFO: Run Behavior\ParseTemplateBehavior [ RunTime:0.681435s ]
INFO: [ view_parse ] --END-- [ RunTime:0.682075s ]
INFO: [ view_filter ] --START--
INFO: Run Behavior\WriteHtmlCacheBehavior [ RunTime:0.003885s ]
INFO: [ view_filter ] --END-- [ RunTime:0.004632s ]
INFO: [ app_end ] --START--
INFO: Run Behavior\ShowPageTraceBehavior [ RunTime:0.005204s ]
INFO: [ app_end ] --END-- [ RunTime:0.006102s ]

[ 2017-05-17T23:52:56+08:00 ] ::1 /web/shop2/index.php/Home/Index/myaccount.html
INFO: [ app_init ] --START--
INFO: Run Behavior\BuildLiteBehavior [ RunTime:0.000082s ]
INFO: [ app_init ] --END-- [ RunTime:0.001302s ]
INFO: [ app_begin ] --START--
INFO: Run Behavior\ReadHtmlCacheBehavior [ RunTime:0.001353s ]
INFO: [ app_begin ] --END-- [ RunTime:0.001572s ]
INFO: [ view_parse ] --START--
INFO: [ template_filter ] --START--
INFO: Run Behavior\ContentReplaceBehavior [ RunTime:0.000256s ]
INFO: [ template_filter ] --END-- [ RunTime:0.000516s ]
NOTIC: [8] Undefined variable: user_name D:\wamp-win10\www\web\shop2\Runtime\Cache\Home\b1ce3e92ab5b808ddb21be3f2191197b.php 第 197 行.
INFO: Run Behavior\ParseTemplateBehavior [ RunTime:0.017898s ]
INFO: [ view_parse ] --END-- [ RunTime:0.018154s ]
INFO: [ view_filter ] --START--
INFO: Run Behavior\WriteHtmlCacheBehavior [ RunTime:0.001143s ]
INFO: [ view_filter ] --END-- [ RunTime:0.001370s ]
INFO: [ app_end ] --START--
INFO: Run Behavior\ShowPageTraceBehavior [ RunTime:0.002867s ]
INFO: [ app_end ] --END-- [ RunTime:0.003224s ]

[ 2017-05-17T23:52:57+08:00 ] ::1 /web/shop2/index.php/Home/Index/verify
INFO: [ app_init ] --START--
INFO: Run Behavior\BuildLiteBehavior [ RunTime:0.000081s ]
INFO: [ app_init ] --END-- [ RunTime:0.001337s ]
INFO: [ app_begin ] --START--
INFO: Run Behavior\ReadHtmlCacheBehavior [ RunTime:0.001937s ]
INFO: [ app_begin ] --END-- [ RunTime:0.002310s ]
INFO: [ app_end ] --START--
INFO: Run Behavior\ShowPageTraceBehavior [ RunTime:0.002104s ]
INFO: [ app_end ] --END-- [ RunTime:0.002508s ]

[ 2017-05-17T23:53:04+08:00 ] ::1 /web/shop2/index.php/Home/Index/index
INFO: [ app_init ] --START--
INFO: Run Behavior\BuildLiteBehavior [ RunTime:0.000051s ]
INFO: [ app_init ] --END-- [ RunTime:0.000980s ]
INFO: [ app_begin ] --START--
INFO: Run Behavior\ReadHtmlCacheBehavior [ RunTime:0.001246s ]
INFO: [ app_begin ] --END-- [ RunTime:0.001460s ]
SQL: SHOW COLUMNS FROM `goods` [ RunTime:0.0070s ]
SQL: SELECT * FROM `goods` WHERE ( is_hot='1' ) ORDER BY goods_id desc  [ RunTime:0.0014s ]
INFO: [ view_parse ] --START--
INFO: [ template_filter ] --START--
INFO: Run Behavior\ContentReplaceBehavior [ RunTime:0.000227s ]
INFO: [ template_filter ] --END-- [ RunTime:0.000455s ]
NOTIC: [8] Undefined variable: v D:\wamp-win10\www\web\shop2\Runtime\Cache\Home\fcec68853132fd31f32bcf6cc6f4d660.php 第 63 行.
NOTIC: [8] Undefined variable: is_login D:\wamp-win10\www\web\shop2\Runtime\Cache\Home\fcec68853132fd31f32bcf6cc6f4d660.php 第 187 行.
NOTIC: [8] Undefined variable: arr_id D:\wamp-win10\www\web\shop2\Runtime\Cache\Home\fcec68853132fd31f32bcf6cc6f4d660.php 第 197 行.
NOTIC: [2] in_array() expects parameter 2 to be array, null given D:\wamp-win10\www\web\shop2\Runtime\Cache\Home\fcec68853132fd31f32bcf6cc6f4d660.php 第 197 行.
NOTIC: [8] Undefined variable: arr_id D:\wamp-win10\www\web\shop2\Runtime\Cache\Home\fcec68853132fd31f32bcf6cc6f4d660.php 第 197 行.
NOTIC: [2] in_array() expects parameter 2 to be array, null given D:\wamp-win10\www\web\shop2\Runtime\Cache\Home\fcec68853132fd31f32bcf6cc6f4d660.php 第 197 行.
NOTIC: [8] Undefined variable: arr_id D:\wamp-win10\www\web\shop2\Runtime\Cache\Home\fcec68853132fd31f32bcf6cc6f4d660.php 第 197 行.
NOTIC: [2] in_array() expects parameter 2 to be array, null given D:\wamp-win10\www\web\shop2\Runtime\Cache\Home\fcec68853132fd31f32bcf6cc6f4d660.php 第 197 行.
NOTIC: [8] Undefined variable: arr_id D:\wamp-win10\www\web\shop2\Runtime\Cache\Home\fcec68853132fd31f32bcf6cc6f4d660.php 第 197 行.
NOTIC: [2] in_array() expects parameter 2 to be array, null given D:\wamp-win10\www\web\shop2\Runtime\Cache\Home\fcec68853132fd31f32bcf6cc6f4d660.php 第 197 行.
NOTIC: [8] Undefined variable: arr_id D:\wamp-win10\www\web\shop2\Runtime\Cache\Home\fcec68853132fd31f32bcf6cc6f4d660.php 第 197 行.
NOTIC: [2] in_array() expects parameter 2 to be array, null given D:\wamp-win10\www\web\shop2\Runtime\Cache\Home\fcec68853132fd31f32bcf6cc6f4d660.php 第 197 行.
NOTIC: [8] Undefined variable: arr_id D:\wamp-win10\www\web\shop2\Runtime\Cache\Home\fcec68853132fd31f32bcf6cc6f4d660.php 第 197 行.
NOTIC: [2] in_array() expects parameter 2 to be array, null given D:\wamp-win10\www\web\shop2\Runtime\Cache\Home\fcec68853132fd31f32bcf6cc6f4d660.php 第 197 行.
NOTIC: [8] Undefined variable: arr_id D:\wamp-win10\www\web\shop2\Runtime\Cache\Home\fcec68853132fd31f32bcf6cc6f4d660.php 第 197 行.
NOTIC: [2] in_array() expects parameter 2 to be array, null given D:\wamp-win10\www\web\shop2\Runtime\Cache\Home\fcec68853132fd31f32bcf6cc6f4d660.php 第 197 行.
NOTIC: [8] Undefined variable: arr_id D:\wamp-win10\www\web\shop2\Runtime\Cache\Home\fcec68853132fd31f32bcf6cc6f4d660.php 第 197 行.
NOTIC: [2] in_array() expects parameter 2 to be array, null given D:\wamp-win10\www\web\shop2\Runtime\Cache\Home\fcec68853132fd31f32bcf6cc6f4d660.php 第 197 行.
NOTIC: [8] Undefined variable: arr_id D:\wamp-win10\www\web\shop2\Runtime\Cache\Home\fcec68853132fd31f32bcf6cc6f4d660.php 第 197 行.
NOTIC: [2] in_array() expects parameter 2 to be array, null given D:\wamp-win10\www\web\shop2\Runtime\Cache\Home\fcec68853132fd31f32bcf6cc6f4d660.php 第 197 行.
NOTIC: [8] Undefined variable: arr_id D:\wamp-win10\www\web\shop2\Runtime\Cache\Home\fcec68853132fd31f32bcf6cc6f4d660.php 第 197 行.
NOTIC: [2] in_array() expects parameter 2 to be array, null given D:\wamp-win10\www\web\shop2\Runtime\Cache\Home\fcec68853132fd31f32bcf6cc6f4d660.php 第 197 行.
INFO: Run Behavior\ParseTemplateBehavior [ RunTime:0.026135s ]
INFO: [ view_parse ] --END-- [ RunTime:0.026338s ]
INFO: [ view_filter ] --START--
INFO: Run Behavior\WriteHtmlCacheBehavior [ RunTime:0.001094s ]
INFO: [ view_filter ] --END-- [ RunTime:0.001274s ]
INFO: [ app_end ] --START--
INFO: Run Behavior\ShowPageTraceBehavior [ RunTime:0.002475s ]
INFO: [ app_end ] --END-- [ RunTime:0.002911s ]

[ 2017-05-17T23:53:07+08:00 ] ::1 /web/shop2/index.php/Home/Index/myaccount.html
INFO: [ app_init ] --START--
INFO: Run Behavior\BuildLiteBehavior [ RunTime:0.000045s ]
INFO: [ app_init ] --END-- [ RunTime:0.000808s ]
INFO: [ app_begin ] --START--
INFO: Run Behavior\ReadHtmlCacheBehavior [ RunTime:0.001229s ]
INFO: [ app_begin ] --END-- [ RunTime:0.001441s ]
INFO: [ view_parse ] --START--
INFO: [ template_filter ] --START--
INFO: Run Behavior\ContentReplaceBehavior [ RunTime:0.000202s ]
INFO: [ template_filter ] --END-- [ RunTime:0.000411s ]
NOTIC: [8] Undefined variable: user_name D:\wamp-win10\www\web\shop2\Runtime\Cache\Home\b1ce3e92ab5b808ddb21be3f2191197b.php 第 197 行.
INFO: Run Behavior\ParseTemplateBehavior [ RunTime:0.014861s ]
INFO: [ view_parse ] --END-- [ RunTime:0.015146s ]
INFO: [ view_filter ] --START--
INFO: Run Behavior\WriteHtmlCacheBehavior [ RunTime:0.001539s ]
INFO: [ view_filter ] --END-- [ RunTime:0.001824s ]
INFO: [ app_end ] --START--
INFO: Run Behavior\ShowPageTraceBehavior [ RunTime:0.002396s ]
INFO: [ app_end ] --END-- [ RunTime:0.002836s ]

[ 2017-05-17T23:53:07+08:00 ] ::1 /web/shop2/index.php/Home/Index/verify
INFO: [ app_init ] --START--
INFO: Run Behavior\BuildLiteBehavior [ RunTime:0.000049s ]
INFO: [ app_init ] --END-- [ RunTime:0.001143s ]
INFO: [ app_begin ] --START--
INFO: Run Behavior\ReadHtmlCacheBehavior [ RunTime:0.002010s ]
INFO: [ app_begin ] --END-- [ RunTime:0.002459s ]
INFO: [ app_end ] --START--
INFO: Run Behavior\ShowPageTraceBehavior [ RunTime:0.002023s ]
INFO: [ app_end ] --END-- [ RunTime:0.002435s ]

[ 2017-05-17T23:54:07+08:00 ] ::1 /web/shop2/index.php/Home/Goods/showlist
INFO: [ app_init ] --START--
INFO: Run Behavior\BuildLiteBehavior [ RunTime:0.000044s ]
INFO: [ app_init ] --END-- [ RunTime:0.000892s ]
INFO: [ app_begin ] --START--
INFO: Run Behavior\ReadHtmlCacheBehavior [ RunTime:0.001786s ]
INFO: [ app_begin ] --END-- [ RunTime:0.002109s ]
SQL: SHOW COLUMNS FROM `category` [ RunTime:0.0073s ]
SQL: SELECT * FROM `category` WHERE ( paraent_id=0 )  [ RunTime:0.0005s ]
INFO: [ view_parse ] --START--
INFO: [ template_filter ] --START--
INFO: Run Behavior\ContentReplaceBehavior [ RunTime:0.000174s ]
INFO: [ template_filter ] --END-- [ RunTime:0.000436s ]
INFO: Run Behavior\ParseTemplateBehavior [ RunTime:0.018470s ]
INFO: [ view_parse ] --END-- [ RunTime:0.018905s ]
INFO: [ view_filter ] --START--
INFO: Run Behavior\WriteHtmlCacheBehavior [ RunTime:0.001054s ]
INFO: [ view_filter ] --END-- [ RunTime:0.001331s ]
INFO: [ app_end ] --START--
INFO: Run Behavior\ShowPageTraceBehavior [ RunTime:0.001368s ]
INFO: [ app_end ] --END-- [ RunTime:0.001647s ]

[ 2017-05-17T23:54:08+08:00 ] ::1 /web/shop2/index.php/Home/Goods/goods/cat_id/1
INFO: [ app_init ] --START--
INFO: Run Behavior\BuildLiteBehavior [ RunTime:0.000086s ]
INFO: [ app_init ] --END-- [ RunTime:0.001418s ]
INFO: [ app_begin ] --START--
INFO: Run Behavior\ReadHtmlCacheBehavior [ RunTime:0.001732s ]
INFO: [ app_begin ] --END-- [ RunTime:0.002189s ]
SQL: SHOW COLUMNS FROM `goods` [ RunTime:0.2099s ]
SQL: SELECT * FROM `goods` WHERE ( cat_id='1' )  [ RunTime:0.0008s ]
SQL: SHOW COLUMNS FROM `user` [ RunTime:0.1251s ]
SQL: SELECT `collection_goods_id` FROM `user` WHERE ( user_name='admin' ) LIMIT 1   [ RunTime:0.0004s ]
INFO: [ view_parse ] --START--
INFO: [ template_filter ] --START--
INFO: Run Behavior\ContentReplaceBehavior [ RunTime:0.000276s ]
INFO: [ template_filter ] --END-- [ RunTime:0.000666s ]
NOTIC: [8] Undefined variable: v D:\wamp-win10\www\web\shop2\Runtime\Cache\Home\6afc9e8acb18f9e3434ee9579dcc88f7.php 第 59 行.
INFO: Run Behavior\ParseTemplateBehavior [ RunTime:0.207932s ]
INFO: [ view_parse ] --END-- [ RunTime:0.208163s ]
INFO: [ view_filter ] --START--
INFO: Run Behavior\WriteHtmlCacheBehavior [ RunTime:0.000632s ]
INFO: [ view_filter ] --END-- [ RunTime:0.000816s ]
INFO: [ app_end ] --START--
INFO: Run Behavior\ShowPageTraceBehavior [ RunTime:0.000941s ]
INFO: [ app_end ] --END-- [ RunTime:0.001142s ]

