[ 2017-06-02T20:21:59+08:00 ] ::1 /web/shop2/
INFO: [ app_init ] --START--
INFO: Run Behavior\BuildLiteBehavior [ RunTime:0.000050s ]
INFO: [ app_init ] --END-- [ RunTime:0.173172s ]
INFO: [ app_begin ] --START--
INFO: Run Behavior\ReadHtmlCacheBehavior [ RunTime:0.152823s ]
INFO: [ app_begin ] --END-- [ RunTime:0.153468s ]
SQL: SHOW COLUMNS FROM `goods` [ RunTime:0.2087s ]
SQL: SELECT * FROM `goods` WHERE ( is_hot='1' ) ORDER BY goods_id desc  [ RunTime:0.0005s ]
INFO: [ view_parse ] --START--
INFO: [ template_filter ] --START--
INFO: Run Behavior\ContentReplaceBehavior [ RunTime:0.000426s ]
INFO: [ template_filter ] --END-- [ RunTime:0.000779s ]
NOTIC: [8] Undefined variable: v D:\wamp-win10\www\web\shop2\Runtime\Cache\Home\fcec68853132fd31f32bcf6cc6f4d660.php 第 63 行.
NOTIC: [8] Undefined variable: is_login D:\wamp-win10\www\web\shop2\Runtime\Cache\Home\fcec68853132fd31f32bcf6cc6f4d660.php 第 187 行.
NOTIC: [8] Undefined variable: arr_id D:\wamp-win10\www\web\shop2\Runtime\Cache\Home\fcec68853132fd31f32bcf6cc6f4d660.php 第 197 行.
NOTIC: [2] in_array() expects parameter 2 to be array, null given D:\wamp-win10\www\web\shop2\Runtime\Cache\Home\fcec68853132fd31f32bcf6cc6f4d660.php 第 197 行.
NOTIC: [8] Undefined variable: arr_id D:\wamp-win10\www\web\shop2\Runtime\Cache\Home\fcec68853132fd31f32bcf6cc6f4d660.php 第 197 行.
NOTIC: [2] in_array() expects parameter 2 to be array, null given D:\wamp-win10\www\web\shop2\Runtime\Cache\Home\fcec68853132fd31f32bcf6cc6f4d660.php 第 197 行.
NOTIC: [8] Undefined variable: arr_id D:\wamp-win10\www\web\shop2\Runtime\Cache\Home\fcec68853132fd31f32bcf6cc6f4d660.php 第 197 行.
NOTIC: [2] in_array() expects parameter 2 to be array, null given D:\wamp-win10\www\web\shop2\Runtime\Cache\Home\fcec68853132fd31f32bcf6cc6f4d660.php 第 197 行.
NOTIC: [8] Undefined variable: arr_id D:\wamp-win10\www\web\shop2\Runtime\Cache\Home\fcec68853132fd31f32bcf6cc6f4d660.php 第 197 行.
NOTIC: [2] in_array() expects parameter 2 to be array, null given D:\wamp-win10\www\web\shop2\Runtime\Cache\Home\fcec68853132fd31f32bcf6cc6f4d660.php 第 197 行.
NOTIC: [8] Undefined variable: arr_id D:\wamp-win10\www\web\shop2\Runtime\Cache\Home\fcec68853132fd31f32bcf6cc6f4d660.php 第 197 行.
NOTIC: [2] in_array() expects parameter 2 to be array, null given D:\wamp-win10\www\web\shop2\Runtime\Cache\Home\fcec68853132fd31f32bcf6cc6f4d660.php 第 197 行.
NOTIC: [8] Undefined variable: arr_id D:\wamp-win10\www\web\shop2\Runtime\Cache\Home\fcec68853132fd31f32bcf6cc6f4d660.php 第 197 行.
NOTIC: [2] in_array() expects parameter 2 to be array, null given D:\wamp-win10\www\web\shop2\Runtime\Cache\Home\fcec68853132fd31f32bcf6cc6f4d660.php 第 197 行.
NOTIC: [8] Undefined variable: arr_id D:\wamp-win10\www\web\shop2\Runtime\Cache\Home\fcec68853132fd31f32bcf6cc6f4d660.php 第 197 行.
NOTIC: [2] in_array() expects parameter 2 to be array, null given D:\wamp-win10\www\web\shop2\Runtime\Cache\Home\fcec68853132fd31f32bcf6cc6f4d660.php 第 197 行.
NOTIC: [8] Undefined variable: arr_id D:\wamp-win10\www\web\shop2\Runtime\Cache\Home\fcec68853132fd31f32bcf6cc6f4d660.php 第 197 行.
NOTIC: [2] in_array() expects parameter 2 to be array, null given D:\wamp-win10\www\web\shop2\Runtime\Cache\Home\fcec68853132fd31f32bcf6cc6f4d660.php 第 197 行.
NOTIC: [8] Undefined variable: arr_id D:\wamp-win10\www\web\shop2\Runtime\Cache\Home\fcec68853132fd31f32bcf6cc6f4d660.php 第 197 行.
NOTIC: [2] in_array() expects parameter 2 to be array, null given D:\wamp-win10\www\web\shop2\Runtime\Cache\Home\fcec68853132fd31f32bcf6cc6f4d660.php 第 197 行.
INFO: Run Behavior\ParseTemplateBehavior [ RunTime:0.718963s ]
INFO: [ view_parse ] --END-- [ RunTime:0.719253s ]
INFO: [ view_filter ] --START--
INFO: Run Behavior\WriteHtmlCacheBehavior [ RunTime:0.112642s ]
INFO: [ view_filter ] --END-- [ RunTime:0.113485s ]
INFO: [ app_end ] --START--
INFO: Run Behavior\ShowPageTraceBehavior [ RunTime:0.304746s ]
INFO: [ app_end ] --END-- [ RunTime:0.305366s ]

[ 2017-06-02T20:22:10+08:00 ] ::1 /web/shop2/
INFO: [ app_init ] --START--
INFO: Run Behavior\BuildLiteBehavior [ RunTime:0.000058s ]
INFO: [ app_init ] --END-- [ RunTime:0.001083s ]
INFO: [ app_begin ] --START--
INFO: Run Behavior\ReadHtmlCacheBehavior [ RunTime:0.001562s ]
INFO: [ app_begin ] --END-- [ RunTime:0.001863s ]
SQL: SHOW COLUMNS FROM `goods` [ RunTime:0.0391s ]
SQL: SELECT * FROM `goods` WHERE ( is_hot='1' ) ORDER BY goods_id desc  [ RunTime:0.0009s ]
INFO: [ view_parse ] --START--
INFO: [ template_filter ] --START--
INFO: Run Behavior\ContentReplaceBehavior [ RunTime:0.000498s ]
INFO: [ template_filter ] --END-- [ RunTime:0.001000s ]
NOTIC: [8] Undefined variable: v D:\wamp-win10\www\web\shop2\Runtime\Cache\Home\fcec68853132fd31f32bcf6cc6f4d660.php 第 63 行.
NOTIC: [8] Undefined variable: is_login D:\wamp-win10\www\web\shop2\Runtime\Cache\Home\fcec68853132fd31f32bcf6cc6f4d660.php 第 187 行.
NOTIC: [8] Undefined variable: arr_id D:\wamp-win10\www\web\shop2\Runtime\Cache\Home\fcec68853132fd31f32bcf6cc6f4d660.php 第 197 行.
NOTIC: [2] in_array() expects parameter 2 to be array, null given D:\wamp-win10\www\web\shop2\Runtime\Cache\Home\fcec68853132fd31f32bcf6cc6f4d660.php 第 197 行.
NOTIC: [8] Undefined variable: arr_id D:\wamp-win10\www\web\shop2\Runtime\Cache\Home\fcec68853132fd31f32bcf6cc6f4d660.php 第 197 行.
NOTIC: [2] in_array() expects parameter 2 to be array, null given D:\wamp-win10\www\web\shop2\Runtime\Cache\Home\fcec68853132fd31f32bcf6cc6f4d660.php 第 197 行.
NOTIC: [8] Undefined variable: arr_id D:\wamp-win10\www\web\shop2\Runtime\Cache\Home\fcec68853132fd31f32bcf6cc6f4d660.php 第 197 行.
NOTIC: [2] in_array() expects parameter 2 to be array, null given D:\wamp-win10\www\web\shop2\Runtime\Cache\Home\fcec68853132fd31f32bcf6cc6f4d660.php 第 197 行.
NOTIC: [8] Undefined variable: arr_id D:\wamp-win10\www\web\shop2\Runtime\Cache\Home\fcec68853132fd31f32bcf6cc6f4d660.php 第 197 行.
NOTIC: [2] in_array() expects parameter 2 to be array, null given D:\wamp-win10\www\web\shop2\Runtime\Cache\Home\fcec68853132fd31f32bcf6cc6f4d660.php 第 197 行.
NOTIC: [8] Undefined variable: arr_id D:\wamp-win10\www\web\shop2\Runtime\Cache\Home\fcec68853132fd31f32bcf6cc6f4d660.php 第 197 行.
NOTIC: [2] in_array() expects parameter 2 to be array, null given D:\wamp-win10\www\web\shop2\Runtime\Cache\Home\fcec68853132fd31f32bcf6cc6f4d660.php 第 197 行.
NOTIC: [8] Undefined variable: arr_id D:\wamp-win10\www\web\shop2\Runtime\Cache\Home\fcec68853132fd31f32bcf6cc6f4d660.php 第 197 行.
NOTIC: [2] in_array() expects parameter 2 to be array, null given D:\wamp-win10\www\web\shop2\Runtime\Cache\Home\fcec68853132fd31f32bcf6cc6f4d660.php 第 197 行.
NOTIC: [8] Undefined variable: arr_id D:\wamp-win10\www\web\shop2\Runtime\Cache\Home\fcec68853132fd31f32bcf6cc6f4d660.php 第 197 行.
NOTIC: [2] in_array() expects parameter 2 to be array, null given D:\wamp-win10\www\web\shop2\Runtime\Cache\Home\fcec68853132fd31f32bcf6cc6f4d660.php 第 197 行.
NOTIC: [8] Undefined variable: arr_id D:\wamp-win10\www\web\shop2\Runtime\Cache\Home\fcec68853132fd31f32bcf6cc6f4d660.php 第 197 行.
NOTIC: [2] in_array() expects parameter 2 to be array, null given D:\wamp-win10\www\web\shop2\Runtime\Cache\Home\fcec68853132fd31f32bcf6cc6f4d660.php 第 197 行.
NOTIC: [8] Undefined variable: arr_id D:\wamp-win10\www\web\shop2\Runtime\Cache\Home\fcec68853132fd31f32bcf6cc6f4d660.php 第 197 行.
NOTIC: [2] in_array() expects parameter 2 to be array, null given D:\wamp-win10\www\web\shop2\Runtime\Cache\Home\fcec68853132fd31f32bcf6cc6f4d660.php 第 197 行.
INFO: Run Behavior\ParseTemplateBehavior [ RunTime:0.039606s ]
INFO: [ view_parse ] --END-- [ RunTime:0.039930s ]
INFO: [ view_filter ] --START--
INFO: Run Behavior\WriteHtmlCacheBehavior [ RunTime:0.080251s ]
INFO: [ view_filter ] --END-- [ RunTime:0.080721s ]
INFO: [ app_end ] --START--
INFO: Run Behavior\ShowPageTraceBehavior [ RunTime:0.003654s ]
INFO: [ app_end ] --END-- [ RunTime:0.004331s ]

[ 2017-06-02T20:22:17+08:00 ] ::1 /web/shop2/index.php/Home/Goods/goods_detail/goods_id/11/url/Home.Index.index
INFO: [ app_init ] --START--
INFO: Run Behavior\BuildLiteBehavior [ RunTime:0.000071s ]
INFO: [ app_init ] --END-- [ RunTime:0.001395s ]
INFO: [ app_begin ] --START--
INFO: Run Behavior\ReadHtmlCacheBehavior [ RunTime:0.001872s ]
INFO: [ app_begin ] --END-- [ RunTime:0.002297s ]
SQL: SHOW COLUMNS FROM `goods` [ RunTime:0.0558s ]
SQL: SELECT * FROM `goods` WHERE ( goods_id=11 ) LIMIT 1   [ RunTime:0.0751s ]
SQL: SHOW COLUMNS FROM `user` [ RunTime:0.8744s ]
SQL: SELECT `user_id`,`public_goods_id` FROM `user`  [ RunTime:0.0004s ]
SQL: SELECT * FROM `user` WHERE ( user_id=3 ) LIMIT 1   [ RunTime:0.0004s ]
INFO: [ view_parse ] --START--
INFO: [ template_filter ] --START--
INFO: Run Behavior\ContentReplaceBehavior [ RunTime:0.105879s ]
INFO: [ template_filter ] --END-- [ RunTime:0.106202s ]
NOTIC: [8] Undefined variable: is_login D:\wamp-win10\www\web\shop2\Runtime\Cache\Home\e494d965ec4c6121b772fececa95f295.php 第 89 行.
NOTIC: [8] Undefined variable: active D:\wamp-win10\www\web\shop2\Runtime\Cache\Home\e494d965ec4c6121b772fececa95f295.php 第 97 行.
NOTIC: [8] Undefined variable: user_name D:\wamp-win10\www\web\shop2\Runtime\Cache\Home\e494d965ec4c6121b772fececa95f295.php 第 97 行.
INFO: Run Behavior\ParseTemplateBehavior [ RunTime:0.221426s ]
INFO: [ view_parse ] --END-- [ RunTime:0.221677s ]
INFO: [ view_filter ] --START--
INFO: Run Behavior\WriteHtmlCacheBehavior [ RunTime:0.000846s ]
INFO: [ view_filter ] --END-- [ RunTime:0.001111s ]
INFO: [ app_end ] --START--
INFO: Run Behavior\ShowPageTraceBehavior [ RunTime:0.002386s ]
INFO: [ app_end ] --END-- [ RunTime:0.002822s ]

[ 2017-06-02T20:22:19+08:00 ] ::1 /web/shop2/index.php/Home/Goods/loadComment
INFO: [ app_init ] --START--
INFO: Run Behavior\BuildLiteBehavior [ RunTime:0.000044s ]
INFO: [ app_init ] --END-- [ RunTime:0.000732s ]
INFO: [ app_begin ] --START--
INFO: Run Behavior\ReadHtmlCacheBehavior [ RunTime:0.001323s ]
INFO: [ app_begin ] --END-- [ RunTime:0.001652s ]
SQL: SHOW COLUMNS FROM `comment` [ RunTime:0.4208s ]
SQL: SELECT * FROM `comment` WHERE ( goods_id=11 )  [ RunTime:0.0011s ]

[ 2017-06-02T20:34:19+08:00 ] ::1 /web/shop2/index.php/Home/Index/index
INFO: [ app_init ] --START--
INFO: Run Behavior\BuildLiteBehavior [ RunTime:0.000126s ]
INFO: [ app_init ] --END-- [ RunTime:0.054606s ]
INFO: [ app_begin ] --START--
INFO: Run Behavior\ReadHtmlCacheBehavior [ RunTime:0.031116s ]
INFO: [ app_begin ] --END-- [ RunTime:0.031793s ]
SQL: SHOW COLUMNS FROM `goods` [ RunTime:0.5539s ]
SQL: SELECT * FROM `goods` WHERE ( is_hot='1' ) ORDER BY goods_id desc  [ RunTime:0.1342s ]
INFO: [ view_parse ] --START--
INFO: [ template_filter ] --START--
INFO: Run Behavior\ContentReplaceBehavior [ RunTime:0.100787s ]
INFO: [ template_filter ] --END-- [ RunTime:0.101546s ]
NOTIC: [8] Undefined variable: v D:\wamp-win10\www\web\shop2\Runtime\Cache\Home\fcec68853132fd31f32bcf6cc6f4d660.php 第 63 行.
NOTIC: [8] Undefined variable: is_login D:\wamp-win10\www\web\shop2\Runtime\Cache\Home\fcec68853132fd31f32bcf6cc6f4d660.php 第 187 行.
NOTIC: [8] Undefined variable: arr_id D:\wamp-win10\www\web\shop2\Runtime\Cache\Home\fcec68853132fd31f32bcf6cc6f4d660.php 第 197 行.
NOTIC: [2] in_array() expects parameter 2 to be array, null given D:\wamp-win10\www\web\shop2\Runtime\Cache\Home\fcec68853132fd31f32bcf6cc6f4d660.php 第 197 行.
NOTIC: [8] Undefined variable: arr_id D:\wamp-win10\www\web\shop2\Runtime\Cache\Home\fcec68853132fd31f32bcf6cc6f4d660.php 第 197 行.
NOTIC: [2] in_array() expects parameter 2 to be array, null given D:\wamp-win10\www\web\shop2\Runtime\Cache\Home\fcec68853132fd31f32bcf6cc6f4d660.php 第 197 行.
NOTIC: [8] Undefined variable: arr_id D:\wamp-win10\www\web\shop2\Runtime\Cache\Home\fcec68853132fd31f32bcf6cc6f4d660.php 第 197 行.
NOTIC: [2] in_array() expects parameter 2 to be array, null given D:\wamp-win10\www\web\shop2\Runtime\Cache\Home\fcec68853132fd31f32bcf6cc6f4d660.php 第 197 行.
NOTIC: [8] Undefined variable: arr_id D:\wamp-win10\www\web\shop2\Runtime\Cache\Home\fcec68853132fd31f32bcf6cc6f4d660.php 第 197 行.
NOTIC: [2] in_array() expects parameter 2 to be array, null given D:\wamp-win10\www\web\shop2\Runtime\Cache\Home\fcec68853132fd31f32bcf6cc6f4d660.php 第 197 行.
NOTIC: [8] Undefined variable: arr_id D:\wamp-win10\www\web\shop2\Runtime\Cache\Home\fcec68853132fd31f32bcf6cc6f4d660.php 第 197 行.
NOTIC: [2] in_array() expects parameter 2 to be array, null given D:\wamp-win10\www\web\shop2\Runtime\Cache\Home\fcec68853132fd31f32bcf6cc6f4d660.php 第 197 行.
NOTIC: [8] Undefined variable: arr_id D:\wamp-win10\www\web\shop2\Runtime\Cache\Home\fcec68853132fd31f32bcf6cc6f4d660.php 第 197 行.
NOTIC: [2] in_array() expects parameter 2 to be array, null given D:\wamp-win10\www\web\shop2\Runtime\Cache\Home\fcec68853132fd31f32bcf6cc6f4d660.php 第 197 行.
NOTIC: [8] Undefined variable: arr_id D:\wamp-win10\www\web\shop2\Runtime\Cache\Home\fcec68853132fd31f32bcf6cc6f4d660.php 第 197 行.
NOTIC: [2] in_array() expects parameter 2 to be array, null given D:\wamp-win10\www\web\shop2\Runtime\Cache\Home\fcec68853132fd31f32bcf6cc6f4d660.php 第 197 行.
NOTIC: [8] Undefined variable: arr_id D:\wamp-win10\www\web\shop2\Runtime\Cache\Home\fcec68853132fd31f32bcf6cc6f4d660.php 第 197 行.
NOTIC: [2] in_array() expects parameter 2 to be array, null given D:\wamp-win10\www\web\shop2\Runtime\Cache\Home\fcec68853132fd31f32bcf6cc6f4d660.php 第 197 行.
NOTIC: [8] Undefined variable: arr_id D:\wamp-win10\www\web\shop2\Runtime\Cache\Home\fcec68853132fd31f32bcf6cc6f4d660.php 第 197 行.
NOTIC: [2] in_array() expects parameter 2 to be array, null given D:\wamp-win10\www\web\shop2\Runtime\Cache\Home\fcec68853132fd31f32bcf6cc6f4d660.php 第 197 行.
INFO: Run Behavior\ParseTemplateBehavior [ RunTime:0.457365s ]
INFO: [ view_parse ] --END-- [ RunTime:0.458133s ]
INFO: [ view_filter ] --START--
INFO: Run Behavior\WriteHtmlCacheBehavior [ RunTime:0.040058s ]
INFO: [ view_filter ] --END-- [ RunTime:0.040823s ]
INFO: [ app_end ] --START--
INFO: Run Behavior\ShowPageTraceBehavior [ RunTime:0.045697s ]
INFO: [ app_end ] --END-- [ RunTime:0.046534s ]

[ 2017-06-02T20:34:34+08:00 ] ::1 /web/shop2/index.php/Home/Index/myaccount.html
INFO: [ app_init ] --START--
INFO: Run Behavior\BuildLiteBehavior [ RunTime:0.000067s ]
INFO: [ app_init ] --END-- [ RunTime:0.001054s ]
INFO: [ app_begin ] --START--
INFO: Run Behavior\ReadHtmlCacheBehavior [ RunTime:0.002467s ]
INFO: [ app_begin ] --END-- [ RunTime:0.003080s ]
INFO: [ view_parse ] --START--
INFO: [ template_filter ] --START--
INFO: Run Behavior\ContentReplaceBehavior [ RunTime:0.000321s ]
INFO: [ template_filter ] --END-- [ RunTime:0.000651s ]
NOTIC: [8] Undefined variable: user_name D:\wamp-win10\www\web\shop2\Runtime\Cache\Home\b1ce3e92ab5b808ddb21be3f2191197b.php 第 197 行.
INFO: Run Behavior\ParseTemplateBehavior [ RunTime:0.121154s ]
INFO: [ view_parse ] --END-- [ RunTime:0.121804s ]
INFO: [ view_filter ] --START--
INFO: Run Behavior\WriteHtmlCacheBehavior [ RunTime:0.001515s ]
INFO: [ view_filter ] --END-- [ RunTime:0.002033s ]
INFO: [ app_end ] --START--
INFO: Run Behavior\ShowPageTraceBehavior [ RunTime:0.004829s ]
INFO: [ app_end ] --END-- [ RunTime:0.006205s ]

[ 2017-06-02T20:34:36+08:00 ] ::1 /web/shop2/index.php/Home/Index/verify
INFO: [ app_init ] --START--
INFO: Run Behavior\BuildLiteBehavior [ RunTime:0.000042s ]
INFO: [ app_init ] --END-- [ RunTime:0.000806s ]
INFO: [ app_begin ] --START--
INFO: Run Behavior\ReadHtmlCacheBehavior [ RunTime:0.001254s ]
INFO: [ app_begin ] --END-- [ RunTime:0.001452s ]
INFO: [ app_end ] --START--
INFO: Run Behavior\ShowPageTraceBehavior [ RunTime:0.004626s ]
INFO: [ app_end ] --END-- [ RunTime:0.005291s ]

[ 2017-06-02T20:46:27+08:00 ] ::1 /web/shop2/index.php/Home/Goods/goods_detail/goods_id/15/url/Admin.Index.my
INFO: [ app_init ] --START--
INFO: Run Behavior\BuildLiteBehavior [ RunTime:0.000090s ]
INFO: [ app_init ] --END-- [ RunTime:0.001837s ]
INFO: [ app_begin ] --START--
INFO: Run Behavior\ReadHtmlCacheBehavior [ RunTime:0.003305s ]
INFO: [ app_begin ] --END-- [ RunTime:0.003738s ]
SQL: SHOW COLUMNS FROM `goods` [ RunTime:0.0099s ]
SQL: SELECT * FROM `goods` WHERE ( goods_id=15 ) LIMIT 1   [ RunTime:0.0007s ]
SQL: SHOW COLUMNS FROM `user` [ RunTime:0.0096s ]
SQL: SELECT `user_id`,`public_goods_id` FROM `user`  [ RunTime:0.0005s ]
SQL: SELECT * FROM `user` WHERE ( user_id=3 ) LIMIT 1   [ RunTime:0.0005s ]
SQL: SELECT `collection_goods_id` FROM `user` WHERE ( user_name='admin' ) LIMIT 1   [ RunTime:0.0006s ]
INFO: [ view_parse ] --START--
INFO: [ template_filter ] --START--
INFO: Run Behavior\ContentReplaceBehavior [ RunTime:0.000301s ]
INFO: [ template_filter ] --END-- [ RunTime:0.000554s ]
NOTIC: [8] Undefined index: contact D:\wamp-win10\www\web\shop2\Runtime\Cache\Home\e494d965ec4c6121b772fececa95f295.php 第 143 行.
INFO: Run Behavior\ParseTemplateBehavior [ RunTime:0.106274s ]
INFO: [ view_parse ] --END-- [ RunTime:0.106619s ]
INFO: [ view_filter ] --START--
INFO: Run Behavior\WriteHtmlCacheBehavior [ RunTime:0.002112s ]
INFO: [ view_filter ] --END-- [ RunTime:0.002474s ]
INFO: [ app_end ] --START--
INFO: Run Behavior\ShowPageTraceBehavior [ RunTime:0.003412s ]
INFO: [ app_end ] --END-- [ RunTime:0.003777s ]

[ 2017-06-02T20:46:29+08:00 ] ::1 /web/shop2/index.php/Home/Goods/loadComment
INFO: [ app_init ] --START--
INFO: Run Behavior\BuildLiteBehavior [ RunTime:0.000044s ]
INFO: [ app_init ] --END-- [ RunTime:0.000802s ]
INFO: [ app_begin ] --START--
INFO: Run Behavior\ReadHtmlCacheBehavior [ RunTime:0.001520s ]
INFO: [ app_begin ] --END-- [ RunTime:0.001694s ]
SQL: SHOW COLUMNS FROM `comment` [ RunTime:0.3752s ]
SQL: SELECT * FROM `comment` WHERE ( goods_id=15 )  [ RunTime:0.0012s ]

[ 2017-06-02T20:51:31+08:00 ] ::1 /web/shop2/index.php/Home/Index/index
INFO: [ app_init ] --START--
INFO: Run Behavior\BuildLiteBehavior [ RunTime:0.000069s ]
INFO: [ app_init ] --END-- [ RunTime:0.001167s ]
INFO: [ app_begin ] --START--
INFO: Run Behavior\ReadHtmlCacheBehavior [ RunTime:0.001439s ]
INFO: [ app_begin ] --END-- [ RunTime:0.001836s ]
SQL: SHOW COLUMNS FROM `goods` [ RunTime:0.0089s ]
SQL: SELECT * FROM `goods` WHERE ( is_hot='1' ) ORDER BY goods_id desc  [ RunTime:0.0006s ]
SQL: SHOW COLUMNS FROM `user` [ RunTime:0.0069s ]
SQL: SELECT `collection_goods_id` FROM `user` WHERE ( user_name='admin' ) LIMIT 1   [ RunTime:0.0005s ]
INFO: [ view_parse ] --START--
INFO: [ template_filter ] --START--
INFO: Run Behavior\ContentReplaceBehavior [ RunTime:0.000222s ]
INFO: [ template_filter ] --END-- [ RunTime:0.000423s ]
NOTIC: [8] Undefined variable: v D:\wamp-win10\www\web\shop2\Runtime\Cache\Home\fcec68853132fd31f32bcf6cc6f4d660.php 第 63 行.
INFO: Run Behavior\ParseTemplateBehavior [ RunTime:0.049450s ]
INFO: [ view_parse ] --END-- [ RunTime:0.049667s ]
INFO: [ view_filter ] --START--
INFO: Run Behavior\WriteHtmlCacheBehavior [ RunTime:0.000761s ]
INFO: [ view_filter ] --END-- [ RunTime:0.000994s ]
INFO: [ app_end ] --START--
INFO: Run Behavior\ShowPageTraceBehavior [ RunTime:0.001589s ]
INFO: [ app_end ] --END-- [ RunTime:0.001939s ]

[ 2017-06-02T20:55:02+08:00 ] ::1 /web/shop2/index.php/Home/Goods/goods_detail/goods_id/16/url/Admin.Index.my
INFO: [ app_init ] --START--
INFO: Run Behavior\BuildLiteBehavior [ RunTime:0.000089s ]
INFO: [ app_init ] --END-- [ RunTime:0.001386s ]
INFO: [ app_begin ] --START--
INFO: Run Behavior\ReadHtmlCacheBehavior [ RunTime:0.001682s ]
INFO: [ app_begin ] --END-- [ RunTime:0.002221s ]
SQL: SHOW COLUMNS FROM `goods` [ RunTime:0.0107s ]
SQL: SELECT * FROM `goods` WHERE ( goods_id=16 ) LIMIT 1   [ RunTime:0.0008s ]
SQL: SHOW COLUMNS FROM `user` [ RunTime:0.0134s ]
SQL: SELECT `user_id`,`public_goods_id` FROM `user`  [ RunTime:0.0005s ]
SQL: SELECT * FROM `user` WHERE ( user_id=3 ) LIMIT 1   [ RunTime:0.0007s ]
SQL: SELECT `collection_goods_id` FROM `user` WHERE ( user_name='admin' ) LIMIT 1   [ RunTime:0.0006s ]
INFO: [ view_parse ] --START--
INFO: [ template_filter ] --START--
INFO: Run Behavior\ContentReplaceBehavior [ RunTime:0.000472s ]
INFO: [ template_filter ] --END-- [ RunTime:0.001006s ]
NOTIC: [8] Undefined variable: active D:\wamp-win10\www\web\shop2\Runtime\Cache\Home\e494d965ec4c6121b772fececa95f295.php 第 97 行.
NOTIC: [8] Undefined index: contact D:\wamp-win10\www\web\shop2\Runtime\Cache\Home\e494d965ec4c6121b772fececa95f295.php 第 147 行.
INFO: Run Behavior\ParseTemplateBehavior [ RunTime:0.033975s ]
INFO: [ view_parse ] --END-- [ RunTime:0.034486s ]
INFO: [ view_filter ] --START--
INFO: Run Behavior\WriteHtmlCacheBehavior [ RunTime:0.002121s ]
INFO: [ view_filter ] --END-- [ RunTime:0.002571s ]
INFO: [ app_end ] --START--
INFO: Run Behavior\ShowPageTraceBehavior [ RunTime:0.002327s ]
INFO: [ app_end ] --END-- [ RunTime:0.002838s ]

[ 2017-06-02T20:55:02+08:00 ] ::1 /web/shop2/index.php/Home/Goods/loadComment
INFO: [ app_init ] --START--
INFO: Run Behavior\BuildLiteBehavior [ RunTime:0.000054s ]
INFO: [ app_init ] --END-- [ RunTime:0.000957s ]
INFO: [ app_begin ] --START--
INFO: Run Behavior\ReadHtmlCacheBehavior [ RunTime:0.001663s ]
INFO: [ app_begin ] --END-- [ RunTime:0.002055s ]
SQL: SHOW COLUMNS FROM `comment` [ RunTime:0.1539s ]
SQL: SELECT * FROM `comment` WHERE ( goods_id=16 )  [ RunTime:0.0007s ]

[ 2017-06-02T20:56:00+08:00 ] ::1 /web/shop2/index.php/Home/Goods/goods_detail/goods_id/16/url/Admin.Index.my
INFO: [ app_init ] --START--
INFO: Run Behavior\BuildLiteBehavior [ RunTime:0.000053s ]
INFO: [ app_init ] --END-- [ RunTime:0.000884s ]
INFO: [ app_begin ] --START--
INFO: Run Behavior\ReadHtmlCacheBehavior [ RunTime:0.001053s ]
INFO: [ app_begin ] --END-- [ RunTime:0.001300s ]
SQL: SHOW COLUMNS FROM `goods` [ RunTime:0.0081s ]
SQL: SELECT * FROM `goods` WHERE ( goods_id=16 ) LIMIT 1   [ RunTime:0.0006s ]
SQL: SHOW COLUMNS FROM `user` [ RunTime:0.0077s ]
SQL: SELECT `user_id`,`public_goods_id` FROM `user`  [ RunTime:0.0004s ]
SQL: SELECT * FROM `user` WHERE ( user_id=3 ) LIMIT 1   [ RunTime:0.0004s ]
SQL: SELECT `collection_goods_id` FROM `user` WHERE ( user_name='admin' ) LIMIT 1   [ RunTime:0.0004s ]
INFO: [ view_parse ] --START--
INFO: [ template_filter ] --START--
INFO: Run Behavior\ContentReplaceBehavior [ RunTime:0.000267s ]
INFO: [ template_filter ] --END-- [ RunTime:0.000539s ]
NOTIC: [8] Undefined variable: active D:\wamp-win10\www\web\shop2\Runtime\Cache\Home\e494d965ec4c6121b772fececa95f295.php 第 97 行.
INFO: Run Behavior\ParseTemplateBehavior [ RunTime:0.020052s ]
INFO: [ view_parse ] --END-- [ RunTime:0.020437s ]
INFO: [ view_filter ] --START--
INFO: Run Behavior\WriteHtmlCacheBehavior [ RunTime:0.001948s ]
INFO: [ view_filter ] --END-- [ RunTime:0.002324s ]
INFO: [ app_end ] --START--
INFO: Run Behavior\ShowPageTraceBehavior [ RunTime:0.002216s ]
INFO: [ app_end ] --END-- [ RunTime:0.002599s ]

[ 2017-06-02T20:56:01+08:00 ] ::1 /web/shop2/index.php/Home/Goods/loadComment
INFO: [ app_init ] --START--
INFO: Run Behavior\BuildLiteBehavior [ RunTime:0.000055s ]
INFO: [ app_init ] --END-- [ RunTime:0.000926s ]
INFO: [ app_begin ] --START--
INFO: Run Behavior\ReadHtmlCacheBehavior [ RunTime:0.001797s ]
INFO: [ app_begin ] --END-- [ RunTime:0.002229s ]
SQL: SHOW COLUMNS FROM `comment` [ RunTime:0.2811s ]
SQL: SELECT * FROM `comment` WHERE ( goods_id=16 )  [ RunTime:0.0012s ]

