[ 2017-05-27T21:47:14+08:00 ] ::1 /web/shop2/index.php/Admin/Index/my
INFO: [ app_init ] --START--
INFO: Run Behavior\BuildLiteBehavior [ RunTime:0.000045s ]
INFO: [ app_init ] --END-- [ RunTime:0.001223s ]
INFO: [ app_begin ] --START--
INFO: Run Behavior\ReadHtmlCacheBehavior [ RunTime:0.003908s ]
INFO: [ app_begin ] --END-- [ RunTime:0.004588s ]
INFO: [ view_parse ] --START--
INFO: [ template_filter ] --START--
INFO: Run Behavior\ContentReplaceBehavior [ RunTime:0.008121s ]
INFO: [ template_filter ] --END-- [ RunTime:0.008448s ]
INFO: Run Behavior\ParseTemplateBehavior [ RunTime:0.051396s ]
INFO: [ view_parse ] --END-- [ RunTime:0.051791s ]
INFO: [ view_filter ] --START--
INFO: Run Behavior\WriteHtmlCacheBehavior [ RunTime:0.003006s ]
INFO: [ view_filter ] --END-- [ RunTime:0.003396s ]

[ 2017-05-27T21:47:18+08:00 ] ::1 /web/shop2/index.php/Admin/User/check_uname
INFO: [ app_init ] --START--
INFO: Run Behavior\BuildLiteBehavior [ RunTime:0.000086s ]
INFO: [ app_init ] --END-- [ RunTime:0.001298s ]
INFO: [ app_begin ] --START--
INFO: Run Behavior\ReadHtmlCacheBehavior [ RunTime:0.001354s ]
INFO: [ app_begin ] --END-- [ RunTime:0.001699s ]
SQL: SHOW COLUMNS FROM `user` [ RunTime:0.0160s ]
SQL: SELECT * FROM `user` WHERE ( user_name='admin' ) LIMIT 1   [ RunTime:0.0005s ]
INFO: [ app_end ] --START--
INFO: Run Behavior\ShowPageTraceBehavior [ RunTime:0.001064s ]
INFO: [ app_end ] --END-- [ RunTime:0.001269s ]

[ 2017-05-27T21:47:20+08:00 ] ::1 /web/shop2/index.php/Admin/User/check_pwd
INFO: [ app_init ] --START--
INFO: Run Behavior\BuildLiteBehavior [ RunTime:0.000079s ]
INFO: [ app_init ] --END-- [ RunTime:0.001239s ]
INFO: [ app_begin ] --START--
INFO: Run Behavior\ReadHtmlCacheBehavior [ RunTime:0.001438s ]
INFO: [ app_begin ] --END-- [ RunTime:0.001780s ]
SQL: SHOW COLUMNS FROM `user` [ RunTime:0.0149s ]
SQL: SELECT * FROM `user` WHERE ( password='fbade9e36a3f36d3d676c1b808451dd7' and user_name='admin' ) LIMIT 1   [ RunTime:0.0006s ]
INFO: [ app_end ] --START--
INFO: Run Behavior\ShowPageTraceBehavior [ RunTime:0.001001s ]
INFO: [ app_end ] --END-- [ RunTime:0.001186s ]

[ 2017-05-27T21:47:20+08:00 ] ::1 /web/shop2/index.php/Admin/User/check_pwd
INFO: [ app_init ] --START--
INFO: Run Behavior\BuildLiteBehavior [ RunTime:0.000044s ]
INFO: [ app_init ] --END-- [ RunTime:0.000695s ]
INFO: [ app_begin ] --START--
INFO: Run Behavior\ReadHtmlCacheBehavior [ RunTime:0.001275s ]
INFO: [ app_begin ] --END-- [ RunTime:0.001618s ]
SQL: SHOW COLUMNS FROM `user` [ RunTime:0.0166s ]
SQL: SELECT * FROM `user` WHERE ( password='ceab3afe8083284e2453bea665ac89a5' and user_name='admin' ) LIMIT 1   [ RunTime:0.0005s ]
INFO: [ app_end ] --START--
INFO: Run Behavior\ShowPageTraceBehavior [ RunTime:0.000979s ]
INFO: [ app_end ] --END-- [ RunTime:0.001133s ]

[ 2017-05-27T21:47:20+08:00 ] ::1 /web/shop2/index.php/Admin/User/check_pwd
INFO: [ app_init ] --START--
INFO: Run Behavior\BuildLiteBehavior [ RunTime:0.000080s ]
INFO: [ app_init ] --END-- [ RunTime:0.001326s ]
INFO: [ app_begin ] --START--
INFO: Run Behavior\ReadHtmlCacheBehavior [ RunTime:0.001499s ]
INFO: [ app_begin ] --END-- [ RunTime:0.001855s ]
SQL: SHOW COLUMNS FROM `user` [ RunTime:0.0124s ]
SQL: SELECT * FROM `user` WHERE ( password='ceab3afe8083284e2453bea665ac89a5' and user_name='admin' ) LIMIT 1   [ RunTime:0.0005s ]
INFO: [ app_end ] --START--
INFO: Run Behavior\ShowPageTraceBehavior [ RunTime:0.000995s ]
INFO: [ app_end ] --END-- [ RunTime:0.001151s ]

[ 2017-05-27T21:47:20+08:00 ] ::1 /web/shop2/index.php/Admin/User/check_pwd
INFO: [ app_init ] --START--
INFO: Run Behavior\BuildLiteBehavior [ RunTime:0.000084s ]
INFO: [ app_init ] --END-- [ RunTime:0.001457s ]
INFO: [ app_begin ] --START--
INFO: Run Behavior\ReadHtmlCacheBehavior [ RunTime:0.001080s ]
INFO: [ app_begin ] --END-- [ RunTime:0.001337s ]
SQL: SHOW COLUMNS FROM `user` [ RunTime:0.0162s ]
SQL: SELECT * FROM `user` WHERE ( password='adfa969c4611587cd5aa4a078573a08c' and user_name='admin' ) LIMIT 1   [ RunTime:0.0006s ]
INFO: [ app_end ] --START--
INFO: Run Behavior\ShowPageTraceBehavior [ RunTime:0.002773s ]
INFO: [ app_end ] --END-- [ RunTime:0.003199s ]

[ 2017-05-27T21:47:20+08:00 ] ::1 /web/shop2/index.php/Admin/User/check_pwd
INFO: [ app_init ] --START--
INFO: Run Behavior\BuildLiteBehavior [ RunTime:0.000248s ]
INFO: [ app_init ] --END-- [ RunTime:0.005156s ]
INFO: [ app_begin ] --START--
INFO: Run Behavior\ReadHtmlCacheBehavior [ RunTime:0.001313s ]
INFO: [ app_begin ] --END-- [ RunTime:0.001654s ]
SQL: SHOW COLUMNS FROM `user` [ RunTime:0.0118s ]
SQL: SELECT * FROM `user` WHERE ( password='438371e69bc048cae6e95c1a67f71f40' and user_name='admin' ) LIMIT 1   [ RunTime:0.0010s ]
INFO: [ app_end ] --START--
INFO: Run Behavior\ShowPageTraceBehavior [ RunTime:0.001683s ]
INFO: [ app_end ] --END-- [ RunTime:0.002224s ]

[ 2017-05-27T21:47:20+08:00 ] ::1 /web/shop2/index.php/Admin/User/check_pwd
INFO: [ app_init ] --START--
INFO: Run Behavior\BuildLiteBehavior [ RunTime:0.000230s ]
INFO: [ app_init ] --END-- [ RunTime:0.002251s ]
INFO: [ app_begin ] --START--
INFO: Run Behavior\ReadHtmlCacheBehavior [ RunTime:0.001979s ]
INFO: [ app_begin ] --END-- [ RunTime:0.002445s ]
SQL: SHOW COLUMNS FROM `user` [ RunTime:0.0144s ]
SQL: SELECT * FROM `user` WHERE ( password='438371e69bc048cae6e95c1a67f71f40' and user_name='admin' ) LIMIT 1   [ RunTime:0.0010s ]
INFO: [ app_end ] --START--
INFO: Run Behavior\ShowPageTraceBehavior [ RunTime:0.002372s ]
INFO: [ app_end ] --END-- [ RunTime:0.002866s ]

[ 2017-05-27T21:47:21+08:00 ] ::1 /web/shop2/index.php/Admin/User/check_pwd
INFO: [ app_init ] --START--
INFO: Run Behavior\BuildLiteBehavior [ RunTime:0.000089s ]
INFO: [ app_init ] --END-- [ RunTime:0.001398s ]
INFO: [ app_begin ] --START--
INFO: Run Behavior\ReadHtmlCacheBehavior [ RunTime:0.001511s ]
INFO: [ app_begin ] --END-- [ RunTime:0.001859s ]
SQL: SHOW COLUMNS FROM `user` [ RunTime:0.0190s ]
SQL: SELECT * FROM `user` WHERE ( password='8f0f50d0cb6bef82dfd8ceafc4a12be4' and user_name='admin' ) LIMIT 1   [ RunTime:0.0009s ]
INFO: [ app_end ] --START--
INFO: Run Behavior\ShowPageTraceBehavior [ RunTime:0.001838s ]
INFO: [ app_end ] --END-- [ RunTime:0.002241s ]

[ 2017-05-27T21:47:21+08:00 ] ::1 /web/shop2/index.php/Admin/User/check_pwd
INFO: [ app_init ] --START--
INFO: Run Behavior\BuildLiteBehavior [ RunTime:0.000094s ]
INFO: [ app_init ] --END-- [ RunTime:0.001637s ]
INFO: [ app_begin ] --START--
INFO: Run Behavior\ReadHtmlCacheBehavior [ RunTime:0.001773s ]
INFO: [ app_begin ] --END-- [ RunTime:0.002302s ]
SQL: SHOW COLUMNS FROM `user` [ RunTime:0.0185s ]
SQL: SELECT * FROM `user` WHERE ( password='8f0f50d0cb6bef82dfd8ceafc4a12be4' and user_name='admin' ) LIMIT 1   [ RunTime:0.0008s ]
INFO: [ app_end ] --START--
INFO: Run Behavior\ShowPageTraceBehavior [ RunTime:0.001724s ]
INFO: [ app_end ] --END-- [ RunTime:0.002092s ]

[ 2017-05-27T21:47:29+08:00 ] ::1 /web/shop2/index.php/Admin/User/check
INFO: [ app_init ] --START--
INFO: Run Behavior\BuildLiteBehavior [ RunTime:0.000079s ]
INFO: [ app_init ] --END-- [ RunTime:0.001190s ]
INFO: [ app_begin ] --START--
INFO: Run Behavior\ReadHtmlCacheBehavior [ RunTime:0.002652s ]
INFO: [ app_begin ] --END-- [ RunTime:0.003141s ]
INFO: [ app_end ] --START--
INFO: Run Behavior\ShowPageTraceBehavior [ RunTime:0.002368s ]
INFO: [ app_end ] --END-- [ RunTime:0.002751s ]

[ 2017-05-27T21:47:29+08:00 ] ::1 /web/shop2/index.php/Admin/User/login
INFO: [ app_init ] --START--
INFO: Run Behavior\BuildLiteBehavior [ RunTime:0.000081s ]
INFO: [ app_init ] --END-- [ RunTime:0.001260s ]
INFO: [ app_begin ] --START--
INFO: Run Behavior\ReadHtmlCacheBehavior [ RunTime:0.001852s ]
INFO: [ app_begin ] --END-- [ RunTime:0.002359s ]
SQL: SHOW COLUMNS FROM `user` [ RunTime:0.0146s ]
SQL: SELECT * FROM `user` WHERE ( user_name='admin' ) LIMIT 1   [ RunTime:0.0006s ]
INFO: [ view_parse ] --START--
INFO: [ template_filter ] --START--
INFO: Run Behavior\ContentReplaceBehavior [ RunTime:0.000121s ]
INFO: [ template_filter ] --END-- [ RunTime:0.000331s ]
INFO: Run Behavior\ParseTemplateBehavior [ RunTime:0.013304s ]
INFO: [ view_parse ] --END-- [ RunTime:0.013694s ]
INFO: [ view_filter ] --START--
INFO: Run Behavior\WriteHtmlCacheBehavior [ RunTime:0.001181s ]
INFO: [ view_filter ] --END-- [ RunTime:0.001548s ]
INFO: [ app_end ] --START--
INFO: Run Behavior\ShowPageTraceBehavior [ RunTime:0.001350s ]
INFO: [ app_end ] --END-- [ RunTime:0.001726s ]

[ 2017-05-27T21:47:30+08:00 ] ::1 /web/shop2/index.php/Admin/Index/my.html
INFO: [ app_init ] --START--
INFO: Run Behavior\BuildLiteBehavior [ RunTime:0.000064s ]
INFO: [ app_init ] --END-- [ RunTime:0.001116s ]
INFO: [ app_begin ] --START--
INFO: Run Behavior\ReadHtmlCacheBehavior [ RunTime:0.001182s ]
INFO: [ app_begin ] --END-- [ RunTime:0.001457s ]
SQL: SHOW COLUMNS FROM `user` [ RunTime:0.0160s ]
SQL: SELECT * FROM `user` WHERE ( user_name='admin' ) LIMIT 1   [ RunTime:0.0006s ]
SQL: SELECT * FROM `user` WHERE ( user_name='admin' ) LIMIT 1   [ RunTime:0.0005s ]
SQL: SHOW COLUMNS FROM `goods` [ RunTime:0.0185s ]
SQL: SELECT * FROM `goods` WHERE `goods_id` IN ('8','9','10','11','12','13','15')  [ RunTime:0.0014s ]
SQL: SELECT COUNT(*) AS tp_count FROM `goods` WHERE ( goods_id in (8,9,10,11,12,13,15) ) LIMIT 1   [ RunTime:0.0010s ]
SQL: SELECT COUNT(*) AS tp_count FROM `goods` WHERE ( goods_id in (8,9,12,13,15) ) LIMIT 1   [ RunTime:0.0006s ]
INFO: [ view_parse ] --START--
INFO: [ template_filter ] --START--
INFO: Run Behavior\ContentReplaceBehavior [ RunTime:0.000433s ]
INFO: [ template_filter ] --END-- [ RunTime:0.000929s ]
INFO: Run Behavior\ParseTemplateBehavior [ RunTime:0.054077s ]
INFO: [ view_parse ] --END-- [ RunTime:0.054673s ]
INFO: [ view_filter ] --START--
INFO: Run Behavior\WriteHtmlCacheBehavior [ RunTime:0.001937s ]
INFO: [ view_filter ] --END-- [ RunTime:0.002471s ]
INFO: [ app_end ] --START--
INFO: Run Behavior\ShowPageTraceBehavior [ RunTime:0.002167s ]
INFO: [ app_end ] --END-- [ RunTime:0.002681s ]

[ 2017-05-27T21:47:30+08:00 ] ::1 /web/shop2/index.php/Admin/Index/my.html
INFO: [ app_init ] --START--
INFO: Run Behavior\BuildLiteBehavior [ RunTime:0.000055s ]
INFO: [ app_init ] --END-- [ RunTime:0.000872s ]
INFO: [ app_begin ] --START--
INFO: Run Behavior\ReadHtmlCacheBehavior [ RunTime:0.002352s ]
INFO: [ app_begin ] --END-- [ RunTime:0.002842s ]
SQL: SHOW COLUMNS FROM `user` [ RunTime:0.0152s ]
SQL: SELECT * FROM `user` WHERE ( user_name='admin' ) LIMIT 1   [ RunTime:0.0007s ]
SQL: SELECT * FROM `user` WHERE ( user_name='admin' ) LIMIT 1   [ RunTime:0.0004s ]
SQL: SHOW COLUMNS FROM `goods` [ RunTime:0.0149s ]
SQL: SELECT * FROM `goods` WHERE `goods_id` IN ('8','9','10','11','12','13','15')  [ RunTime:0.0007s ]
SQL: SELECT COUNT(*) AS tp_count FROM `goods` WHERE ( goods_id in (8,9,10,11,12,13,15) ) LIMIT 1   [ RunTime:0.0006s ]
SQL: SELECT COUNT(*) AS tp_count FROM `goods` WHERE ( goods_id in (8,9,12,13,15) ) LIMIT 1   [ RunTime:0.0004s ]
INFO: [ view_parse ] --START--
INFO: [ template_filter ] --START--
INFO: Run Behavior\ContentReplaceBehavior [ RunTime:0.000448s ]
INFO: [ template_filter ] --END-- [ RunTime:0.000962s ]
INFO: Run Behavior\ParseTemplateBehavior [ RunTime:0.039557s ]
INFO: [ view_parse ] --END-- [ RunTime:0.040148s ]
INFO: [ view_filter ] --START--
INFO: Run Behavior\WriteHtmlCacheBehavior [ RunTime:0.001359s ]
INFO: [ view_filter ] --END-- [ RunTime:0.001849s ]
INFO: [ app_end ] --START--
INFO: Run Behavior\ShowPageTraceBehavior [ RunTime:0.004846s ]
INFO: [ app_end ] --END-- [ RunTime:0.005433s ]

[ 2017-05-27T21:47:34+08:00 ] ::1 /web/shop2/index.php/Admin/Goods/upload_goods
INFO: [ app_init ] --START--
INFO: Run Behavior\BuildLiteBehavior [ RunTime:0.001262s ]
INFO: [ app_init ] --END-- [ RunTime:0.003172s ]
INFO: [ app_begin ] --START--
INFO: Run Behavior\ReadHtmlCacheBehavior [ RunTime:0.001887s ]
INFO: [ app_begin ] --END-- [ RunTime:0.002384s ]
SQL: SHOW COLUMNS FROM `user` [ RunTime:0.0235s ]
SQL: SELECT * FROM `user` WHERE ( user_name='admin' ) LIMIT 1   [ RunTime:0.0008s ]
SQL: SHOW COLUMNS FROM `category` [ RunTime:0.0288s ]
SQL: SELECT * FROM `category`  [ RunTime:0.0006s ]
INFO: [ view_parse ] --START--
INFO: [ template_filter ] --START--
INFO: Run Behavior\ContentReplaceBehavior [ RunTime:0.000379s ]
INFO: [ template_filter ] --END-- [ RunTime:0.000864s ]
INFO: Run Behavior\ParseTemplateBehavior [ RunTime:0.082290s ]
INFO: [ view_parse ] --END-- [ RunTime:0.082780s ]
INFO: [ view_filter ] --START--
INFO: Run Behavior\WriteHtmlCacheBehavior [ RunTime:0.001125s ]
INFO: [ view_filter ] --END-- [ RunTime:0.001587s ]
INFO: [ app_end ] --START--
INFO: Run Behavior\ShowPageTraceBehavior [ RunTime:0.003271s ]
INFO: [ app_end ] --END-- [ RunTime:0.003750s ]

[ 2017-05-27T21:47:35+08:00 ] ::1 /web/shop2/index.php/Admin/Goods/holder.js/213x131
INFO: [ app_init ] --START--
INFO: Run Behavior\BuildLiteBehavior [ RunTime:0.000081s ]
INFO: [ app_init ] --END-- [ RunTime:0.001277s ]
INFO: [ app_begin ] --START--
INFO: Run Behavior\ReadHtmlCacheBehavior [ RunTime:0.002241s ]
INFO: [ app_begin ] --END-- [ RunTime:0.002726s ]
SQL: SHOW COLUMNS FROM `user` [ RunTime:0.0377s ]
SQL: SELECT * FROM `user` WHERE ( user_name='admin' ) LIMIT 1   [ RunTime:0.0008s ]
ERR: 非法操作:holder.js

[ 2017-05-27T21:47:35+08:00 ] ::1 /web/shop2/index.php/Admin/Goods/holder.js/213x131
INFO: [ app_init ] --START--
INFO: Run Behavior\BuildLiteBehavior [ RunTime:0.000082s ]
INFO: [ app_init ] --END-- [ RunTime:0.001214s ]
INFO: [ app_begin ] --START--
INFO: Run Behavior\ReadHtmlCacheBehavior [ RunTime:0.001643s ]
INFO: [ app_begin ] --END-- [ RunTime:0.002158s ]
SQL: SHOW COLUMNS FROM `user` [ RunTime:0.0186s ]
SQL: SELECT * FROM `user` WHERE ( user_name='admin' ) LIMIT 1   [ RunTime:0.0008s ]
ERR: 非法操作:holder.js

[ 2017-05-27T21:48:44+08:00 ] ::1 /web/shop2/index.php/Admin/Index/my
INFO: [ app_init ] --START--
INFO: Run Behavior\BuildLiteBehavior [ RunTime:0.000045s ]
INFO: [ app_init ] --END-- [ RunTime:0.000846s ]
INFO: [ app_begin ] --START--
INFO: Run Behavior\ReadHtmlCacheBehavior [ RunTime:0.003559s ]
INFO: [ app_begin ] --END-- [ RunTime:0.003966s ]
SQL: SHOW COLUMNS FROM `user` [ RunTime:0.0125s ]
SQL: SELECT * FROM `user` WHERE ( user_name='admin' ) LIMIT 1   [ RunTime:0.0005s ]
SQL: SELECT * FROM `user` WHERE ( user_name='admin' ) LIMIT 1   [ RunTime:0.0007s ]
SQL: SHOW COLUMNS FROM `goods` [ RunTime:0.0141s ]
SQL: SELECT * FROM `goods` WHERE `goods_id` IN ('8','9','10','11','12','13','15')  [ RunTime:0.0008s ]
SQL: SELECT COUNT(*) AS tp_count FROM `goods` WHERE ( goods_id in (8,9,10,11,12,13,15) ) LIMIT 1   [ RunTime:0.0005s ]
SQL: SELECT COUNT(*) AS tp_count FROM `goods` WHERE ( goods_id in (8,9,12,13,15) ) LIMIT 1   [ RunTime:0.0004s ]
INFO: [ view_parse ] --START--
INFO: [ template_filter ] --START--
INFO: Run Behavior\ContentReplaceBehavior [ RunTime:0.000304s ]
INFO: [ template_filter ] --END-- [ RunTime:0.000645s ]
INFO: Run Behavior\ParseTemplateBehavior [ RunTime:0.036287s ]
INFO: [ view_parse ] --END-- [ RunTime:0.036844s ]
INFO: [ view_filter ] --START--
INFO: Run Behavior\WriteHtmlCacheBehavior [ RunTime:0.004109s ]
INFO: [ view_filter ] --END-- [ RunTime:0.004593s ]
INFO: [ app_end ] --START--
INFO: Run Behavior\ShowPageTraceBehavior [ RunTime:0.001836s ]
INFO: [ app_end ] --END-- [ RunTime:0.002853s ]

[ 2017-05-27T21:48:50+08:00 ] ::1 /web/shop2/index.php/Admin/Goods/upload_goods
INFO: [ app_init ] --START--
INFO: Run Behavior\BuildLiteBehavior [ RunTime:0.000081s ]
INFO: [ app_init ] --END-- [ RunTime:0.001377s ]
INFO: [ app_begin ] --START--
INFO: Run Behavior\ReadHtmlCacheBehavior [ RunTime:0.001463s ]
INFO: [ app_begin ] --END-- [ RunTime:0.001865s ]
SQL: SHOW COLUMNS FROM `user` [ RunTime:0.0143s ]
SQL: SELECT * FROM `user` WHERE ( user_name='admin' ) LIMIT 1   [ RunTime:0.0009s ]
SQL: SHOW COLUMNS FROM `category` [ RunTime:0.0164s ]
SQL: SELECT * FROM `category`  [ RunTime:0.0006s ]
INFO: [ view_parse ] --START--
INFO: [ template_filter ] --START--
INFO: Run Behavior\ContentReplaceBehavior [ RunTime:0.000357s ]
INFO: [ template_filter ] --END-- [ RunTime:0.000750s ]
INFO: Run Behavior\ParseTemplateBehavior [ RunTime:0.024385s ]
INFO: [ view_parse ] --END-- [ RunTime:0.024774s ]
INFO: [ view_filter ] --START--
INFO: Run Behavior\WriteHtmlCacheBehavior [ RunTime:0.001068s ]
INFO: [ view_filter ] --END-- [ RunTime:0.001472s ]
INFO: [ app_end ] --START--
INFO: Run Behavior\ShowPageTraceBehavior [ RunTime:0.005471s ]
INFO: [ app_end ] --END-- [ RunTime:0.005860s ]

[ 2017-05-27T21:48:51+08:00 ] ::1 /web/shop2/index.php/Admin/Goods/holder.js/213x131
INFO: [ app_init ] --START--
INFO: Run Behavior\BuildLiteBehavior [ RunTime:0.000076s ]
INFO: [ app_init ] --END-- [ RunTime:0.001194s ]
INFO: [ app_begin ] --START--
INFO: Run Behavior\ReadHtmlCacheBehavior [ RunTime:0.001541s ]
INFO: [ app_begin ] --END-- [ RunTime:0.001951s ]
SQL: SHOW COLUMNS FROM `user` [ RunTime:0.1172s ]
SQL: SELECT * FROM `user` WHERE ( user_name='admin' ) LIMIT 1   [ RunTime:0.0006s ]
ERR: 非法操作:holder.js

[ 2017-05-27T21:48:51+08:00 ] ::1 /web/shop2/index.php/Admin/Goods/holder.js/213x131
INFO: [ app_init ] --START--
INFO: Run Behavior\BuildLiteBehavior [ RunTime:0.000055s ]
INFO: [ app_init ] --END-- [ RunTime:0.000929s ]
INFO: [ app_begin ] --START--
INFO: Run Behavior\ReadHtmlCacheBehavior [ RunTime:0.001707s ]
INFO: [ app_begin ] --END-- [ RunTime:0.002122s ]
SQL: SHOW COLUMNS FROM `user` [ RunTime:0.0161s ]
SQL: SELECT * FROM `user` WHERE ( user_name='admin' ) LIMIT 1   [ RunTime:0.0010s ]
ERR: 非法操作:holder.js

[ 2017-05-27T21:49:04+08:00 ] ::1 /web/shop2/index.php/Admin/Goods/upload
INFO: [ app_init ] --START--
INFO: Run Behavior\BuildLiteBehavior [ RunTime:0.000044s ]
INFO: [ app_init ] --END-- [ RunTime:0.000717s ]
INFO: [ app_begin ] --START--
INFO: Run Behavior\ReadHtmlCacheBehavior [ RunTime:0.000840s ]
INFO: [ app_begin ] --END-- [ RunTime:0.001035s ]
SQL: SHOW COLUMNS FROM `user` [ RunTime:0.1386s ]
SQL: SELECT * FROM `user` WHERE ( user_name='admin' ) LIMIT 1   [ RunTime:0.0014s ]
SQL: SHOW COLUMNS FROM `goods` [ RunTime:0.0213s ]
NOTIC: [2] call_user_func() expects parameter 1 to be a valid callback, no array or string given D:\wamp-win10\www\web\shop2\ThinkPHP\Library\Think\Upload.class.php 第 170 行.
SQL: INSERT INTO `goods` (`goods_name`,`shop_price`,`old_price`,`cat_id`,`goods_desc`,`thumb_image`) VALUES ('s','s','s','12','
                ','upload/2017-05-27/592983d008478.jpg') [ RunTime:0.4427s ]
SQL: SELECT `goods_id` FROM `goods` ORDER BY goods_id desc LIMIT 1   [ RunTime:0.0004s ]
SQL: SELECT * FROM `user` WHERE ( user_name='admin' ) LIMIT 1   [ RunTime:0.0005s ]
SQL: UPDATE `user` SET `public_goods_id`='8,9,10,11,12,13,15,16' WHERE ( user_name='admin' ) [ RunTime:0.0675s ]
INFO: [ view_parse ] --START--
INFO: [ template_filter ] --START--
INFO: Run Behavior\ContentReplaceBehavior [ RunTime:0.000211s ]
INFO: [ template_filter ] --END-- [ RunTime:0.000629s ]
INFO: Run Behavior\ParseTemplateBehavior [ RunTime:0.028171s ]
INFO: [ view_parse ] --END-- [ RunTime:0.028440s ]
INFO: [ view_filter ] --START--
INFO: Run Behavior\WriteHtmlCacheBehavior [ RunTime:0.004552s ]
INFO: [ view_filter ] --END-- [ RunTime:0.004774s ]
INFO: [ app_end ] --START--
INFO: Run Behavior\ShowPageTraceBehavior [ RunTime:0.009220s ]
INFO: [ app_end ] --END-- [ RunTime:0.009600s ]

[ 2017-05-27T21:49:06+08:00 ] ::1 /web/shop2/index.php/Admin/Index/my.html
INFO: [ app_init ] --START--
INFO: Run Behavior\BuildLiteBehavior [ RunTime:0.000058s ]
INFO: [ app_init ] --END-- [ RunTime:0.001873s ]
INFO: [ app_begin ] --START--
INFO: Run Behavior\ReadHtmlCacheBehavior [ RunTime:0.005742s ]
INFO: [ app_begin ] --END-- [ RunTime:0.006020s ]
SQL: SHOW COLUMNS FROM `user` [ RunTime:0.0161s ]
SQL: SELECT * FROM `user` WHERE ( user_name='admin' ) LIMIT 1   [ RunTime:0.0008s ]
SQL: SELECT * FROM `user` WHERE ( user_name='admin' ) LIMIT 1   [ RunTime:0.0009s ]
SQL: SHOW COLUMNS FROM `goods` [ RunTime:0.0320s ]
SQL: SELECT * FROM `goods` WHERE `goods_id` IN ('8','9','10','11','12','13','15','16')  [ RunTime:0.0010s ]
SQL: SELECT COUNT(*) AS tp_count FROM `goods` WHERE ( goods_id in (8,9,10,11,12,13,15,16) ) LIMIT 1   [ RunTime:0.0007s ]
SQL: SELECT COUNT(*) AS tp_count FROM `goods` WHERE ( goods_id in (8,9,12,13,15) ) LIMIT 1   [ RunTime:0.0005s ]
INFO: [ view_parse ] --START--
INFO: [ template_filter ] --START--
INFO: Run Behavior\ContentReplaceBehavior [ RunTime:0.000274s ]
INFO: [ template_filter ] --END-- [ RunTime:0.000545s ]
INFO: Run Behavior\ParseTemplateBehavior [ RunTime:0.049803s ]
INFO: [ view_parse ] --END-- [ RunTime:0.050361s ]
INFO: [ view_filter ] --START--
INFO: Run Behavior\WriteHtmlCacheBehavior [ RunTime:0.013044s ]
INFO: [ view_filter ] --END-- [ RunTime:0.013572s ]
INFO: [ app_end ] --START--
INFO: Run Behavior\ShowPageTraceBehavior [ RunTime:0.011929s ]
INFO: [ app_end ] --END-- [ RunTime:0.012333s ]

[ 2017-05-27T21:49:20+08:00 ] ::1 /web/shop2/index.php/Admin/Goods/delete_goods/goods_id/16
INFO: [ app_init ] --START--
INFO: Run Behavior\BuildLiteBehavior [ RunTime:0.000087s ]
INFO: [ app_init ] --END-- [ RunTime:0.003338s ]
INFO: [ app_begin ] --START--
INFO: Run Behavior\ReadHtmlCacheBehavior [ RunTime:0.011344s ]
INFO: [ app_begin ] --END-- [ RunTime:0.011937s ]
SQL: SHOW COLUMNS FROM `user` [ RunTime:0.0194s ]
SQL: SELECT * FROM `user` WHERE ( user_name='admin' ) LIMIT 1   [ RunTime:0.0007s ]
SQL: SHOW COLUMNS FROM `goods` [ RunTime:0.0182s ]
SQL: SELECT * FROM `goods` WHERE ( goods_id='16' ) LIMIT 1   [ RunTime:0.0010s ]
SQL: DELETE FROM `goods` WHERE ( goods_id='16' ) [ RunTime:0.1532s ]
SQL: SELECT `public_goods_id` FROM `user` WHERE ( user_name='admin' ) LIMIT 1   [ RunTime:0.0006s ]
SQL: UPDATE `user` SET `public_goods_id`='8,9,10,11,12,13,15' WHERE ( user_name='admin' ) [ RunTime:0.0568s ]
INFO: [ view_parse ] --START--
INFO: [ template_filter ] --START--
INFO: Run Behavior\ContentReplaceBehavior [ RunTime:0.000245s ]
INFO: [ template_filter ] --END-- [ RunTime:0.000701s ]
INFO: Run Behavior\ParseTemplateBehavior [ RunTime:0.022871s ]
INFO: [ view_parse ] --END-- [ RunTime:0.023360s ]
INFO: [ view_filter ] --START--
INFO: Run Behavior\WriteHtmlCacheBehavior [ RunTime:0.002140s ]
INFO: [ view_filter ] --END-- [ RunTime:0.002669s ]
INFO: [ app_end ] --START--
INFO: Run Behavior\ShowPageTraceBehavior [ RunTime:0.002892s ]
INFO: [ app_end ] --END-- [ RunTime:0.003455s ]

[ 2017-05-27T21:49:21+08:00 ] ::1 /web/shop2/index.php/Admin/Index/my.html
INFO: [ app_init ] --START--
INFO: Run Behavior\BuildLiteBehavior [ RunTime:0.000103s ]
INFO: [ app_init ] --END-- [ RunTime:0.001823s ]
INFO: [ app_begin ] --START--
INFO: Run Behavior\ReadHtmlCacheBehavior [ RunTime:0.002423s ]
INFO: [ app_begin ] --END-- [ RunTime:0.004447s ]
SQL: SHOW COLUMNS FROM `user` [ RunTime:0.1015s ]
SQL: SELECT * FROM `user` WHERE ( user_name='admin' ) LIMIT 1   [ RunTime:0.0009s ]
SQL: SELECT * FROM `user` WHERE ( user_name='admin' ) LIMIT 1   [ RunTime:0.0010s ]
SQL: SHOW COLUMNS FROM `goods` [ RunTime:0.0154s ]
SQL: SELECT * FROM `goods` WHERE `goods_id` IN ('8','9','10','11','12','13','15')  [ RunTime:0.0010s ]
SQL: SELECT COUNT(*) AS tp_count FROM `goods` WHERE ( goods_id in (8,9,10,11,12,13,15) ) LIMIT 1   [ RunTime:0.0006s ]
SQL: SELECT COUNT(*) AS tp_count FROM `goods` WHERE ( goods_id in (8,9,12,13,15) ) LIMIT 1   [ RunTime:0.0007s ]
INFO: [ view_parse ] --START--
INFO: [ template_filter ] --START--
INFO: Run Behavior\ContentReplaceBehavior [ RunTime:0.000439s ]
INFO: [ template_filter ] --END-- [ RunTime:0.000883s ]
INFO: Run Behavior\ParseTemplateBehavior [ RunTime:0.025951s ]
INFO: [ view_parse ] --END-- [ RunTime:0.026451s ]
INFO: [ view_filter ] --START--
INFO: Run Behavior\WriteHtmlCacheBehavior [ RunTime:0.000986s ]
INFO: [ view_filter ] --END-- [ RunTime:0.001374s ]
INFO: [ app_end ] --START--
INFO: Run Behavior\ShowPageTraceBehavior [ RunTime:0.002860s ]
INFO: [ app_end ] --END-- [ RunTime:0.003359s ]

[ 2017-05-27T21:50:05+08:00 ] ::1 /web/shop2/index.php/Admin/Goods/upload_goods
INFO: [ app_init ] --START--
INFO: Run Behavior\BuildLiteBehavior [ RunTime:0.000107s ]
INFO: [ app_init ] --END-- [ RunTime:0.002868s ]
INFO: [ app_begin ] --START--
INFO: Run Behavior\ReadHtmlCacheBehavior [ RunTime:0.001815s ]
INFO: [ app_begin ] --END-- [ RunTime:0.002321s ]
SQL: SHOW COLUMNS FROM `user` [ RunTime:0.0149s ]
SQL: SELECT * FROM `user` WHERE ( user_name='admin' ) LIMIT 1   [ RunTime:0.0010s ]
SQL: SHOW COLUMNS FROM `category` [ RunTime:0.0147s ]
SQL: SELECT * FROM `category`  [ RunTime:0.0008s ]
INFO: [ view_parse ] --START--
INFO: [ template_filter ] --START--
INFO: Run Behavior\ContentReplaceBehavior [ RunTime:0.000377s ]
INFO: [ template_filter ] --END-- [ RunTime:0.000858s ]
INFO: Run Behavior\ParseTemplateBehavior [ RunTime:0.031678s ]
INFO: [ view_parse ] --END-- [ RunTime:0.032272s ]
INFO: [ view_filter ] --START--
INFO: Run Behavior\WriteHtmlCacheBehavior [ RunTime:0.001240s ]
INFO: [ view_filter ] --END-- [ RunTime:0.001742s ]
INFO: [ app_end ] --START--
INFO: Run Behavior\ShowPageTraceBehavior [ RunTime:0.002344s ]
INFO: [ app_end ] --END-- [ RunTime:0.002827s ]

[ 2017-05-27T21:50:06+08:00 ] ::1 /web/shop2/index.php/Admin/Goods/holder.js/213x131
INFO: [ app_init ] --START--
INFO: Run Behavior\BuildLiteBehavior [ RunTime:0.000101s ]
INFO: [ app_init ] --END-- [ RunTime:0.001564s ]
INFO: [ app_begin ] --START--
INFO: Run Behavior\ReadHtmlCacheBehavior [ RunTime:0.002186s ]
INFO: [ app_begin ] --END-- [ RunTime:0.002701s ]
SQL: SHOW COLUMNS FROM `user` [ RunTime:0.0757s ]
SQL: SELECT * FROM `user` WHERE ( user_name='admin' ) LIMIT 1   [ RunTime:0.0007s ]
ERR: 非法操作:holder.js

[ 2017-05-27T21:50:06+08:00 ] ::1 /web/shop2/index.php/Admin/Goods/holder.js/213x131
INFO: [ app_init ] --START--
INFO: Run Behavior\BuildLiteBehavior [ RunTime:0.000088s ]
INFO: [ app_init ] --END-- [ RunTime:0.001376s ]
INFO: [ app_begin ] --START--
INFO: Run Behavior\ReadHtmlCacheBehavior [ RunTime:0.001915s ]
INFO: [ app_begin ] --END-- [ RunTime:0.002263s ]
SQL: SHOW COLUMNS FROM `user` [ RunTime:0.0167s ]
SQL: SELECT * FROM `user` WHERE ( user_name='admin' ) LIMIT 1   [ RunTime:0.0007s ]
ERR: 非法操作:holder.js

[ 2017-05-27T21:50:27+08:00 ] ::1 /web/shop2/index.php/Admin/Index/my
INFO: [ app_init ] --START--
INFO: Run Behavior\BuildLiteBehavior [ RunTime:0.000085s ]
INFO: [ app_init ] --END-- [ RunTime:0.001327s ]
INFO: [ app_begin ] --START--
INFO: Run Behavior\ReadHtmlCacheBehavior [ RunTime:0.003539s ]
INFO: [ app_begin ] --END-- [ RunTime:0.004797s ]
SQL: SHOW COLUMNS FROM `user` [ RunTime:0.0143s ]
SQL: SELECT * FROM `user` WHERE ( user_name='admin' ) LIMIT 1   [ RunTime:0.0008s ]
SQL: SELECT * FROM `user` WHERE ( user_name='admin' ) LIMIT 1   [ RunTime:0.0006s ]
SQL: SHOW COLUMNS FROM `goods` [ RunTime:0.0177s ]
SQL: SELECT * FROM `goods` WHERE `goods_id` IN ('8','9','10','11','12','13','15')  [ RunTime:0.0019s ]
SQL: SELECT COUNT(*) AS tp_count FROM `goods` WHERE ( goods_id in (8,9,10,11,12,13,15) ) LIMIT 1   [ RunTime:0.0006s ]
SQL: SELECT COUNT(*) AS tp_count FROM `goods` WHERE ( goods_id in (8,9,12,13,15) ) LIMIT 1   [ RunTime:0.0007s ]
INFO: [ view_parse ] --START--
INFO: [ template_filter ] --START--
INFO: Run Behavior\ContentReplaceBehavior [ RunTime:0.000214s ]
INFO: [ template_filter ] --END-- [ RunTime:0.000411s ]
INFO: Run Behavior\ParseTemplateBehavior [ RunTime:0.021463s ]
INFO: [ view_parse ] --END-- [ RunTime:0.021740s ]
INFO: [ view_filter ] --START--
INFO: Run Behavior\WriteHtmlCacheBehavior [ RunTime:0.001032s ]
INFO: [ view_filter ] --END-- [ RunTime:0.001212s ]
INFO: [ app_end ] --START--
INFO: Run Behavior\ShowPageTraceBehavior [ RunTime:0.001922s ]
INFO: [ app_end ] --END-- [ RunTime:0.002253s ]

[ 2017-05-27T21:50:29+08:00 ] ::1 /web/shop2/index.php/Admin/Manager/manager
INFO: [ app_init ] --START--
INFO: Run Behavior\BuildLiteBehavior [ RunTime:0.000108s ]
INFO: [ app_init ] --END-- [ RunTime:0.001642s ]
INFO: [ app_begin ] --START--
INFO: Run Behavior\ReadHtmlCacheBehavior [ RunTime:0.001749s ]
INFO: [ app_begin ] --END-- [ RunTime:0.002225s ]
SQL: SHOW COLUMNS FROM `user` [ RunTime:0.0171s ]
SQL: SELECT * FROM `user` WHERE ( user_name='admin' ) LIMIT 1   [ RunTime:0.0014s ]
SQL: SELECT * FROM `user` WHERE ( user_name='admin' ) LIMIT 1   [ RunTime:0.0034s ]
SQL: SHOW COLUMNS FROM `goods` [ RunTime:0.0165s ]
SQL: SELECT * FROM `goods` WHERE `goods_id` IN ('8','9','10','11','12','13','15')  [ RunTime:0.0014s ]
SQL: SELECT COUNT(*) AS tp_count FROM `goods` WHERE ( goods_id in (8,9,10,11,12,13,15) ) LIMIT 1   [ RunTime:0.0007s ]
SQL: SELECT COUNT(*) AS tp_count FROM `goods` WHERE ( goods_id in (8,9,12,13,15) ) LIMIT 1   [ RunTime:0.0007s ]
SQL: SELECT * FROM `user` WHERE ( user_name='admin' ) LIMIT 1   [ RunTime:0.0007s ]
INFO: [ view_parse ] --START--
INFO: [ template_filter ] --START--
INFO: Run Behavior\ContentReplaceBehavior [ RunTime:0.000395s ]
INFO: [ template_filter ] --END-- [ RunTime:0.000886s ]
INFO: Run Behavior\ParseTemplateBehavior [ RunTime:0.073184s ]
INFO: [ view_parse ] --END-- [ RunTime:0.073830s ]
INFO: [ view_filter ] --START--
INFO: Run Behavior\WriteHtmlCacheBehavior [ RunTime:0.002128s ]
INFO: [ view_filter ] --END-- [ RunTime:0.002613s ]
INFO: [ app_end ] --START--
INFO: Run Behavior\ShowPageTraceBehavior [ RunTime:0.019075s ]
INFO: [ app_end ] --END-- [ RunTime:0.019624s ]

[ 2017-05-27T21:50:33+08:00 ] ::1 /web/shop2/index.php/Admin/Manager/myinfo
INFO: [ app_init ] --START--
INFO: Run Behavior\BuildLiteBehavior [ RunTime:0.000099s ]
INFO: [ app_init ] --END-- [ RunTime:0.001678s ]
INFO: [ app_begin ] --START--
INFO: Run Behavior\ReadHtmlCacheBehavior [ RunTime:0.003142s ]
INFO: [ app_begin ] --END-- [ RunTime:0.003717s ]
SQL: SHOW COLUMNS FROM `user` [ RunTime:0.0195s ]
SQL: SELECT * FROM `user` WHERE ( user_name='admin' ) LIMIT 1   [ RunTime:0.0008s ]
SQL: SELECT * FROM `user` WHERE ( user_name='admin' ) LIMIT 1   [ RunTime:0.0007s ]
INFO: [ view_parse ] --START--
INFO: [ template_filter ] --START--
INFO: Run Behavior\ContentReplaceBehavior [ RunTime:0.000436s ]
INFO: [ template_filter ] --END-- [ RunTime:0.000852s ]
INFO: Run Behavior\ParseTemplateBehavior [ RunTime:0.036891s ]
INFO: [ view_parse ] --END-- [ RunTime:0.037254s ]
INFO: [ view_filter ] --START--
INFO: Run Behavior\WriteHtmlCacheBehavior [ RunTime:0.000939s ]
INFO: [ view_filter ] --END-- [ RunTime:0.001162s ]
INFO: [ app_end ] --START--
INFO: Run Behavior\ShowPageTraceBehavior [ RunTime:0.001319s ]
INFO: [ app_end ] --END-- [ RunTime:0.001550s ]

[ 2017-05-27T21:50:47+08:00 ] ::1 /web/shop2/index.php/Admin/Manager/manager
INFO: [ app_init ] --START--
INFO: Run Behavior\BuildLiteBehavior [ RunTime:0.000083s ]
INFO: [ app_init ] --END-- [ RunTime:0.002332s ]
INFO: [ app_begin ] --START--
INFO: Run Behavior\ReadHtmlCacheBehavior [ RunTime:0.001426s ]
INFO: [ app_begin ] --END-- [ RunTime:0.001848s ]
SQL: SHOW COLUMNS FROM `user` [ RunTime:0.0127s ]
SQL: SELECT * FROM `user` WHERE ( user_name='admin' ) LIMIT 1   [ RunTime:0.0006s ]
SQL: SELECT * FROM `user` WHERE ( user_name='admin' ) LIMIT 1   [ RunTime:0.0003s ]
SQL: SHOW COLUMNS FROM `goods` [ RunTime:0.0121s ]
SQL: SELECT * FROM `goods` WHERE `goods_id` IN ('8','9','10','11','12','13','15')  [ RunTime:0.0008s ]
SQL: SELECT COUNT(*) AS tp_count FROM `goods` WHERE ( goods_id in (8,9,10,11,12,13,15) ) LIMIT 1   [ RunTime:0.0004s ]
SQL: SELECT COUNT(*) AS tp_count FROM `goods` WHERE ( goods_id in (8,9,12,13,15) ) LIMIT 1   [ RunTime:0.0004s ]
SQL: SELECT * FROM `user` WHERE ( user_name='admin' ) LIMIT 1   [ RunTime:0.0004s ]
INFO: [ view_parse ] --START--
INFO: [ template_filter ] --START--
INFO: Run Behavior\ContentReplaceBehavior [ RunTime:0.000335s ]
INFO: [ template_filter ] --END-- [ RunTime:0.000749s ]
INFO: Run Behavior\ParseTemplateBehavior [ RunTime:0.019849s ]
INFO: [ view_parse ] --END-- [ RunTime:0.020132s ]
INFO: [ view_filter ] --START--
INFO: Run Behavior\WriteHtmlCacheBehavior [ RunTime:0.001454s ]
INFO: [ view_filter ] --END-- [ RunTime:0.001764s ]
INFO: [ app_end ] --START--
INFO: Run Behavior\ShowPageTraceBehavior [ RunTime:0.001743s ]
INFO: [ app_end ] --END-- [ RunTime:0.002168s ]

[ 2017-05-27T21:50:49+08:00 ] ::1 /web/shop2/index.php/Admin/Manager/modify
INFO: [ app_init ] --START--
INFO: Run Behavior\BuildLiteBehavior [ RunTime:0.000099s ]
INFO: [ app_init ] --END-- [ RunTime:0.001644s ]
INFO: [ app_begin ] --START--
INFO: Run Behavior\ReadHtmlCacheBehavior [ RunTime:0.001812s ]
INFO: [ app_begin ] --END-- [ RunTime:0.002332s ]
SQL: SHOW COLUMNS FROM `user` [ RunTime:0.0163s ]
SQL: SELECT * FROM `user` WHERE ( user_name='admin' ) LIMIT 1   [ RunTime:0.0011s ]
SQL: SELECT * FROM `user` WHERE ( user_name='admin' ) LIMIT 1   [ RunTime:0.0007s ]
INFO: [ view_parse ] --START--
INFO: [ template_filter ] --START--
INFO: Run Behavior\ContentReplaceBehavior [ RunTime:0.000373s ]
INFO: [ template_filter ] --END-- [ RunTime:0.000793s ]
INFO: Run Behavior\ParseTemplateBehavior [ RunTime:0.055497s ]
INFO: [ view_parse ] --END-- [ RunTime:0.056025s ]
INFO: [ view_filter ] --START--
INFO: Run Behavior\WriteHtmlCacheBehavior [ RunTime:0.001609s ]
INFO: [ view_filter ] --END-- [ RunTime:0.001890s ]
INFO: [ app_end ] --START--
INFO: Run Behavior\ShowPageTraceBehavior [ RunTime:0.001202s ]
INFO: [ app_end ] --END-- [ RunTime:0.001440s ]

[ 2017-05-27T21:51:11+08:00 ] ::1 /web/shop2/index.php/Admin/Manager/modify_update
INFO: [ app_init ] --START--
INFO: Run Behavior\BuildLiteBehavior [ RunTime:0.000078s ]
INFO: [ app_init ] --END-- [ RunTime:0.001273s ]
INFO: [ app_begin ] --START--
INFO: Run Behavior\ReadHtmlCacheBehavior [ RunTime:0.001329s ]
INFO: [ app_begin ] --END-- [ RunTime:0.001717s ]
SQL: SHOW COLUMNS FROM `user` [ RunTime:0.0139s ]
SQL: SELECT * FROM `user` WHERE ( user_name='admin' ) LIMIT 1   [ RunTime:0.0007s ]
SQL: SELECT * FROM `user` WHERE ( user_name='admin' ) LIMIT 1   [ RunTime:0.0005s ]
NOTIC: [8] Undefined index: validate D:\wamp-win10\www\web\shop2\ThinkPHP\Library\Think\Model.class.php 第 1185 行.
NOTIC: [8] Undefined index: auto D:\wamp-win10\www\web\shop2\ThinkPHP\Library\Think\Model.class.php 第 1128 行.
SQL: UPDATE `user` SET `user_name`='admin',`tel_phone`='13005564315',`email`='13005564315@163.com',`wechat`='zrlee_cn',`qq_number`='45418406',`school_name`='901大学',`address`='901' WHERE ( user_name='admin' ) [ RunTime:0.1297s ]
INFO: [ view_parse ] --START--
INFO: [ template_filter ] --START--
INFO: Run Behavior\ContentReplaceBehavior [ RunTime:0.000147s ]
INFO: [ template_filter ] --END-- [ RunTime:0.000416s ]
INFO: Run Behavior\ParseTemplateBehavior [ RunTime:0.011159s ]
INFO: [ view_parse ] --END-- [ RunTime:0.011417s ]
INFO: [ view_filter ] --START--
INFO: Run Behavior\WriteHtmlCacheBehavior [ RunTime:0.000537s ]
INFO: [ view_filter ] --END-- [ RunTime:0.000711s ]
INFO: [ app_end ] --START--
INFO: Run Behavior\ShowPageTraceBehavior [ RunTime:0.000807s ]
INFO: [ app_end ] --END-- [ RunTime:0.000981s ]

[ 2017-05-27T21:51:12+08:00 ] ::1 /web/shop2/index.php/Admin/Manager/myinfo.html
INFO: [ app_init ] --START--
INFO: Run Behavior\BuildLiteBehavior [ RunTime:0.000082s ]
INFO: [ app_init ] --END-- [ RunTime:0.001274s ]
INFO: [ app_begin ] --START--
INFO: Run Behavior\ReadHtmlCacheBehavior [ RunTime:0.001728s ]
INFO: [ app_begin ] --END-- [ RunTime:0.002854s ]
SQL: SHOW COLUMNS FROM `user` [ RunTime:0.1473s ]
SQL: SELECT * FROM `user` WHERE ( user_name='admin' ) LIMIT 1   [ RunTime:0.0009s ]
SQL: SELECT * FROM `user` WHERE ( user_name='admin' ) LIMIT 1   [ RunTime:0.0008s ]
INFO: [ view_parse ] --START--
INFO: [ template_filter ] --START--
INFO: Run Behavior\ContentReplaceBehavior [ RunTime:0.000286s ]
INFO: [ template_filter ] --END-- [ RunTime:0.000699s ]
INFO: Run Behavior\ParseTemplateBehavior [ RunTime:0.022702s ]
INFO: [ view_parse ] --END-- [ RunTime:0.023155s ]
INFO: [ view_filter ] --START--
INFO: Run Behavior\WriteHtmlCacheBehavior [ RunTime:0.001091s ]
INFO: [ view_filter ] --END-- [ RunTime:0.001672s ]
INFO: [ app_end ] --START--
INFO: Run Behavior\ShowPageTraceBehavior [ RunTime:0.001506s ]
INFO: [ app_end ] --END-- [ RunTime:0.001877s ]

[ 2017-05-27T21:51:31+08:00 ] ::1 /web/shop2/index.php/Admin/Index/my
INFO: [ app_init ] --START--
INFO: Run Behavior\BuildLiteBehavior [ RunTime:0.000098s ]
INFO: [ app_init ] --END-- [ RunTime:0.001524s ]
INFO: [ app_begin ] --START--
INFO: Run Behavior\ReadHtmlCacheBehavior [ RunTime:0.001650s ]
INFO: [ app_begin ] --END-- [ RunTime:0.002107s ]
SQL: SHOW COLUMNS FROM `user` [ RunTime:0.0162s ]
SQL: SELECT * FROM `user` WHERE ( user_name='admin' ) LIMIT 1   [ RunTime:0.0010s ]
SQL: SELECT * FROM `user` WHERE ( user_name='admin' ) LIMIT 1   [ RunTime:0.0008s ]
SQL: SHOW COLUMNS FROM `goods` [ RunTime:0.0234s ]
SQL: SELECT * FROM `goods` WHERE `goods_id` IN ('8','9','10','11','12','13','15')  [ RunTime:0.0009s ]
SQL: SELECT COUNT(*) AS tp_count FROM `goods` WHERE ( goods_id in (8,9,10,11,12,13,15) ) LIMIT 1   [ RunTime:0.0005s ]
SQL: SELECT COUNT(*) AS tp_count FROM `goods` WHERE ( goods_id in (8,9,12,13,15) ) LIMIT 1   [ RunTime:0.0003s ]
INFO: [ view_parse ] --START--
INFO: [ template_filter ] --START--
INFO: Run Behavior\ContentReplaceBehavior [ RunTime:0.000268s ]
INFO: [ template_filter ] --END-- [ RunTime:0.000580s ]
INFO: Run Behavior\ParseTemplateBehavior [ RunTime:0.024797s ]
INFO: [ view_parse ] --END-- [ RunTime:0.025076s ]
INFO: [ view_filter ] --START--
INFO: Run Behavior\WriteHtmlCacheBehavior [ RunTime:0.001209s ]
INFO: [ view_filter ] --END-- [ RunTime:0.001442s ]
INFO: [ app_end ] --START--
INFO: Run Behavior\ShowPageTraceBehavior [ RunTime:0.002573s ]
INFO: [ app_end ] --END-- [ RunTime:0.003387s ]

[ 2017-05-27T21:51:44+08:00 ] ::1 /web/shop2/index.php/Admin/Index/my
INFO: [ app_init ] --START--
INFO: Run Behavior\BuildLiteBehavior [ RunTime:0.000044s ]
INFO: [ app_init ] --END-- [ RunTime:0.000754s ]
INFO: [ app_begin ] --START--
INFO: Run Behavior\ReadHtmlCacheBehavior [ RunTime:0.005198s ]
INFO: [ app_begin ] --END-- [ RunTime:0.005732s ]
SQL: SHOW COLUMNS FROM `user` [ RunTime:0.0154s ]
SQL: SELECT * FROM `user` WHERE ( user_name='admin' ) LIMIT 1   [ RunTime:0.0009s ]
SQL: SELECT * FROM `user` WHERE ( user_name='admin' ) LIMIT 1   [ RunTime:0.0009s ]
SQL: SHOW COLUMNS FROM `goods` [ RunTime:0.0174s ]
SQL: SELECT * FROM `goods` WHERE `goods_id` IN ('8','9','10','11','12','13','15')  [ RunTime:0.0005s ]
SQL: SELECT COUNT(*) AS tp_count FROM `goods` WHERE ( goods_id in (8,9,10,11,12,13,15) ) LIMIT 1   [ RunTime:0.0002s ]
SQL: SELECT COUNT(*) AS tp_count FROM `goods` WHERE ( goods_id in (8,9,12,13,15) ) LIMIT 1   [ RunTime:0.0004s ]
INFO: [ view_parse ] --START--
INFO: [ template_filter ] --START--
INFO: Run Behavior\ContentReplaceBehavior [ RunTime:0.000208s ]
INFO: [ template_filter ] --END-- [ RunTime:0.000404s ]
INFO: Run Behavior\ParseTemplateBehavior [ RunTime:0.018581s ]
INFO: [ view_parse ] --END-- [ RunTime:0.018802s ]
INFO: [ view_filter ] --START--
INFO: Run Behavior\WriteHtmlCacheBehavior [ RunTime:0.000970s ]
INFO: [ view_filter ] --END-- [ RunTime:0.001150s ]
INFO: [ app_end ] --START--
INFO: Run Behavior\ShowPageTraceBehavior [ RunTime:0.001583s ]
INFO: [ app_end ] --END-- [ RunTime:0.002039s ]

[ 2017-05-27T21:51:46+08:00 ] ::1 /web/shop2/index.php/Admin/Manager/manager
INFO: [ app_init ] --START--
INFO: Run Behavior\BuildLiteBehavior [ RunTime:0.000109s ]
INFO: [ app_init ] --END-- [ RunTime:0.001901s ]
INFO: [ app_begin ] --START--
INFO: Run Behavior\ReadHtmlCacheBehavior [ RunTime:0.001799s ]
INFO: [ app_begin ] --END-- [ RunTime:0.002310s ]
SQL: SHOW COLUMNS FROM `user` [ RunTime:0.0218s ]
SQL: SELECT * FROM `user` WHERE ( user_name='admin' ) LIMIT 1   [ RunTime:0.0009s ]
SQL: SELECT * FROM `user` WHERE ( user_name='admin' ) LIMIT 1   [ RunTime:0.0007s ]
SQL: SHOW COLUMNS FROM `goods` [ RunTime:0.0173s ]
SQL: SELECT * FROM `goods` WHERE `goods_id` IN ('8','9','10','11','12','13','15')  [ RunTime:0.0012s ]
SQL: SELECT COUNT(*) AS tp_count FROM `goods` WHERE ( goods_id in (8,9,10,11,12,13,15) ) LIMIT 1   [ RunTime:0.0007s ]
SQL: SELECT COUNT(*) AS tp_count FROM `goods` WHERE ( goods_id in (8,9,12,13,15) ) LIMIT 1   [ RunTime:0.0006s ]
SQL: SELECT * FROM `user` WHERE ( user_name='admin' ) LIMIT 1   [ RunTime:0.0008s ]
INFO: [ view_parse ] --START--
INFO: [ template_filter ] --START--
INFO: Run Behavior\ContentReplaceBehavior [ RunTime:0.000372s ]
INFO: [ template_filter ] --END-- [ RunTime:0.000854s ]
INFO: Run Behavior\ParseTemplateBehavior [ RunTime:0.034992s ]
INFO: [ view_parse ] --END-- [ RunTime:0.035736s ]
INFO: [ view_filter ] --START--
INFO: Run Behavior\WriteHtmlCacheBehavior [ RunTime:0.002295s ]
INFO: [ view_filter ] --END-- [ RunTime:0.002775s ]
INFO: [ app_end ] --START--
INFO: Run Behavior\ShowPageTraceBehavior [ RunTime:0.002712s ]
INFO: [ app_end ] --END-- [ RunTime:0.003244s ]

[ 2017-05-27T21:51:50+08:00 ] ::1 /web/shop2/index.php/Admin/Index/my
INFO: [ app_init ] --START--
INFO: Run Behavior\BuildLiteBehavior [ RunTime:0.000073s ]
INFO: [ app_init ] --END-- [ RunTime:0.001103s ]
INFO: [ app_begin ] --START--
INFO: Run Behavior\ReadHtmlCacheBehavior [ RunTime:0.001670s ]
INFO: [ app_begin ] --END-- [ RunTime:0.002137s ]
SQL: SHOW COLUMNS FROM `user` [ RunTime:0.0189s ]
SQL: SELECT * FROM `user` WHERE ( user_name='admin' ) LIMIT 1   [ RunTime:0.0012s ]
SQL: SELECT * FROM `user` WHERE ( user_name='admin' ) LIMIT 1   [ RunTime:0.0018s ]
SQL: SHOW COLUMNS FROM `goods` [ RunTime:0.0124s ]
SQL: SELECT * FROM `goods` WHERE `goods_id` IN ('8','9','10','11','12','13','15')  [ RunTime:0.0007s ]
SQL: SELECT COUNT(*) AS tp_count FROM `goods` WHERE ( goods_id in (8,9,10,11,12,13,15) ) LIMIT 1   [ RunTime:0.0005s ]
SQL: SELECT COUNT(*) AS tp_count FROM `goods` WHERE ( goods_id in (8,9,12,13,15) ) LIMIT 1   [ RunTime:0.0004s ]
INFO: [ view_parse ] --START--
INFO: [ template_filter ] --START--
INFO: Run Behavior\ContentReplaceBehavior [ RunTime:0.000313s ]
INFO: [ template_filter ] --END-- [ RunTime:0.000652s ]
INFO: Run Behavior\ParseTemplateBehavior [ RunTime:0.019269s ]
INFO: [ view_parse ] --END-- [ RunTime:0.019563s ]
INFO: [ view_filter ] --START--
INFO: Run Behavior\WriteHtmlCacheBehavior [ RunTime:0.001400s ]
INFO: [ view_filter ] --END-- [ RunTime:0.001729s ]
INFO: [ app_end ] --START--
INFO: Run Behavior\ShowPageTraceBehavior [ RunTime:0.001977s ]
INFO: [ app_end ] --END-- [ RunTime:0.002344s ]

[ 2017-05-27T21:51:56+08:00 ] ::1 /web/shop2/index.php/Admin/Goods/upload_goods
INFO: [ app_init ] --START--
INFO: Run Behavior\BuildLiteBehavior [ RunTime:0.000101s ]
INFO: [ app_init ] --END-- [ RunTime:0.001591s ]
INFO: [ app_begin ] --START--
INFO: Run Behavior\ReadHtmlCacheBehavior [ RunTime:0.001855s ]
INFO: [ app_begin ] --END-- [ RunTime:0.002361s ]
SQL: SHOW COLUMNS FROM `user` [ RunTime:0.0161s ]
SQL: SELECT * FROM `user` WHERE ( user_name='admin' ) LIMIT 1   [ RunTime:0.0008s ]
SQL: SHOW COLUMNS FROM `category` [ RunTime:0.0164s ]
SQL: SELECT * FROM `category`  [ RunTime:0.0006s ]
INFO: [ view_parse ] --START--
INFO: [ template_filter ] --START--
INFO: Run Behavior\ContentReplaceBehavior [ RunTime:0.000410s ]
INFO: [ template_filter ] --END-- [ RunTime:0.000933s ]
INFO: Run Behavior\ParseTemplateBehavior [ RunTime:0.045818s ]
INFO: [ view_parse ] --END-- [ RunTime:0.046579s ]
INFO: [ view_filter ] --START--
INFO: Run Behavior\WriteHtmlCacheBehavior [ RunTime:0.002480s ]
INFO: [ view_filter ] --END-- [ RunTime:0.002995s ]
INFO: [ app_end ] --START--
INFO: Run Behavior\ShowPageTraceBehavior [ RunTime:0.010990s ]
INFO: [ app_end ] --END-- [ RunTime:0.011648s ]

[ 2017-05-27T21:51:56+08:00 ] ::1 /web/shop2/index.php/Admin/Goods/holder.js/213x131
INFO: [ app_init ] --START--
INFO: Run Behavior\BuildLiteBehavior [ RunTime:0.000088s ]
INFO: [ app_init ] --END-- [ RunTime:0.001645s ]
INFO: [ app_begin ] --START--
INFO: Run Behavior\ReadHtmlCacheBehavior [ RunTime:0.003250s ]
INFO: [ app_begin ] --END-- [ RunTime:0.003828s ]
SQL: SHOW COLUMNS FROM `user` [ RunTime:0.1610s ]
SQL: SELECT * FROM `user` WHERE ( user_name='admin' ) LIMIT 1   [ RunTime:0.0007s ]
ERR: 非法操作:holder.js

[ 2017-05-27T21:51:57+08:00 ] ::1 /web/shop2/index.php/Admin/Goods/holder.js/213x131
INFO: [ app_init ] --START--
INFO: Run Behavior\BuildLiteBehavior [ RunTime:0.000092s ]
INFO: [ app_init ] --END-- [ RunTime:0.001550s ]
INFO: [ app_begin ] --START--
INFO: Run Behavior\ReadHtmlCacheBehavior [ RunTime:0.002572s ]
INFO: [ app_begin ] --END-- [ RunTime:0.003995s ]
SQL: SHOW COLUMNS FROM `user` [ RunTime:0.0155s ]
SQL: SELECT * FROM `user` WHERE ( user_name='admin' ) LIMIT 1   [ RunTime:0.0008s ]
ERR: 非法操作:holder.js

[ 2017-05-27T21:54:16+08:00 ] ::1 /web/shop2/index.php/Admin/Index/my
INFO: [ app_init ] --START--
INFO: Run Behavior\BuildLiteBehavior [ RunTime:0.000045s ]
INFO: [ app_init ] --END-- [ RunTime:0.000829s ]
INFO: [ app_begin ] --START--
INFO: Run Behavior\ReadHtmlCacheBehavior [ RunTime:0.002249s ]
INFO: [ app_begin ] --END-- [ RunTime:0.002640s ]
SQL: SHOW COLUMNS FROM `user` [ RunTime:0.0097s ]
SQL: SELECT * FROM `user` WHERE ( user_name='admin' ) LIMIT 1   [ RunTime:0.0005s ]
SQL: SELECT * FROM `user` WHERE ( user_name='admin' ) LIMIT 1   [ RunTime:0.0004s ]
SQL: SHOW COLUMNS FROM `goods` [ RunTime:0.0113s ]
SQL: SELECT * FROM `goods` WHERE `goods_id` IN ('8','9','10','11','12','13','15')  [ RunTime:0.0005s ]
SQL: SELECT COUNT(*) AS tp_count FROM `goods` WHERE ( goods_id in (8,9,10,11,12,13,15) ) LIMIT 1   [ RunTime:0.0003s ]
SQL: SELECT COUNT(*) AS tp_count FROM `goods` WHERE ( goods_id in (8,9,12,13,15) ) LIMIT 1   [ RunTime:0.0002s ]
INFO: [ view_parse ] --START--
INFO: [ template_filter ] --START--
INFO: Run Behavior\ContentReplaceBehavior [ RunTime:0.000334s ]
INFO: [ template_filter ] --END-- [ RunTime:0.000631s ]
INFO: Run Behavior\ParseTemplateBehavior [ RunTime:0.020195s ]
INFO: [ view_parse ] --END-- [ RunTime:0.020419s ]
INFO: [ view_filter ] --START--
INFO: Run Behavior\WriteHtmlCacheBehavior [ RunTime:0.001748s ]
INFO: [ view_filter ] --END-- [ RunTime:0.002109s ]
INFO: [ app_end ] --START--
INFO: Run Behavior\ShowPageTraceBehavior [ RunTime:0.002658s ]
INFO: [ app_end ] --END-- [ RunTime:0.003171s ]

[ 2017-05-27T21:54:20+08:00 ] ::1 /web/shop2/index.php/Admin/Index/collection
INFO: [ app_init ] --START--
INFO: Run Behavior\BuildLiteBehavior [ RunTime:0.000096s ]
INFO: [ app_init ] --END-- [ RunTime:0.001470s ]
INFO: [ app_begin ] --START--
INFO: Run Behavior\ReadHtmlCacheBehavior [ RunTime:0.001670s ]
INFO: [ app_begin ] --END-- [ RunTime:0.002170s ]
SQL: SHOW COLUMNS FROM `user` [ RunTime:0.0124s ]
SQL: SELECT * FROM `user` WHERE ( user_name='admin' ) LIMIT 1   [ RunTime:0.0008s ]
SQL: SELECT * FROM `user` WHERE ( user_name='admin' ) LIMIT 1   [ RunTime:0.0007s ]
SQL: SHOW COLUMNS FROM `goods` [ RunTime:0.0241s ]
SQL: SELECT * FROM `goods` WHERE `goods_id` IN ('8','9','12','13','15')  [ RunTime:0.0009s ]
SQL: SELECT COUNT(*) AS tp_count FROM `goods` WHERE ( goods_id in (8,9,10,11,12,13,15) ) LIMIT 1   [ RunTime:0.0007s ]
SQL: SELECT COUNT(*) AS tp_count FROM `goods` WHERE ( goods_id in (8,9,12,13,15) ) LIMIT 1   [ RunTime:0.0007s ]
INFO: [ view_parse ] --START--
INFO: [ template_filter ] --START--
INFO: Run Behavior\ContentReplaceBehavior [ RunTime:0.000425s ]
INFO: [ template_filter ] --END-- [ RunTime:0.000864s ]
INFO: Run Behavior\ParseTemplateBehavior [ RunTime:0.137733s ]
INFO: [ view_parse ] --END-- [ RunTime:0.138214s ]
INFO: [ view_filter ] --START--
INFO: Run Behavior\WriteHtmlCacheBehavior [ RunTime:0.002505s ]
INFO: [ view_filter ] --END-- [ RunTime:0.002963s ]
INFO: [ app_end ] --START--
INFO: Run Behavior\ShowPageTraceBehavior [ RunTime:0.010043s ]
INFO: [ app_end ] --END-- [ RunTime:0.011135s ]

[ 2017-05-27T21:55:11+08:00 ] ::1 /web/shop2/index.php/Admin/Index/my
INFO: [ app_init ] --START--
INFO: Run Behavior\BuildLiteBehavior [ RunTime:0.000082s ]
INFO: [ app_init ] --END-- [ RunTime:0.003881s ]
INFO: [ app_begin ] --START--
INFO: Run Behavior\ReadHtmlCacheBehavior [ RunTime:0.001589s ]
INFO: [ app_begin ] --END-- [ RunTime:0.001993s ]
SQL: SHOW COLUMNS FROM `user` [ RunTime:0.0713s ]
SQL: SELECT * FROM `user` WHERE ( user_name='admin' ) LIMIT 1   [ RunTime:0.0005s ]
SQL: SELECT * FROM `user` WHERE ( user_name='admin' ) LIMIT 1   [ RunTime:0.0003s ]
SQL: SHOW COLUMNS FROM `goods` [ RunTime:0.0282s ]
SQL: SELECT * FROM `goods` WHERE `goods_id` IN ('8','9','10','11','12','13','15')  [ RunTime:0.0011s ]
SQL: SELECT COUNT(*) AS tp_count FROM `goods` WHERE ( goods_id in (8,9,10,11,12,13,15) ) LIMIT 1   [ RunTime:0.0006s ]
SQL: SELECT COUNT(*) AS tp_count FROM `goods` WHERE ( goods_id in (8,9,12,13,15) ) LIMIT 1   [ RunTime:0.0007s ]
INFO: [ view_parse ] --START--
INFO: [ template_filter ] --START--
INFO: Run Behavior\ContentReplaceBehavior [ RunTime:0.000329s ]
INFO: [ template_filter ] --END-- [ RunTime:0.000687s ]
INFO: Run Behavior\ParseTemplateBehavior [ RunTime:0.036360s ]
INFO: [ view_parse ] --END-- [ RunTime:0.037083s ]
INFO: [ view_filter ] --START--
INFO: Run Behavior\WriteHtmlCacheBehavior [ RunTime:0.001882s ]
INFO: [ view_filter ] --END-- [ RunTime:0.002265s ]
INFO: [ app_end ] --START--
INFO: Run Behavior\ShowPageTraceBehavior [ RunTime:0.003169s ]
INFO: [ app_end ] --END-- [ RunTime:0.003574s ]

[ 2017-05-27T21:56:05+08:00 ] ::1 /web/shop2/index.php/Admin/Goods/delete_goods/goods_id/15
INFO: [ app_init ] --START--
INFO: Run Behavior\BuildLiteBehavior [ RunTime:0.000103s ]
INFO: [ app_init ] --END-- [ RunTime:0.001710s ]
INFO: [ app_begin ] --START--
INFO: Run Behavior\ReadHtmlCacheBehavior [ RunTime:0.001810s ]
INFO: [ app_begin ] --END-- [ RunTime:0.002318s ]
SQL: SHOW COLUMNS FROM `user` [ RunTime:0.0289s ]
SQL: SELECT * FROM `user` WHERE ( user_name='admin' ) LIMIT 1   [ RunTime:0.0008s ]
SQL: SHOW COLUMNS FROM `goods` [ RunTime:0.0483s ]
SQL: SELECT * FROM `goods` WHERE ( goods_id='15' ) LIMIT 1   [ RunTime:0.0006s ]
SQL: DELETE FROM `goods` WHERE ( goods_id='15' ) [ RunTime:0.2323s ]
SQL: SELECT `public_goods_id` FROM `user` WHERE ( user_name='admin' ) LIMIT 1   [ RunTime:0.0008s ]
SQL: UPDATE `user` SET `public_goods_id`='8,9,10,11,12,13' WHERE ( user_name='admin' ) [ RunTime:0.1947s ]
INFO: [ view_parse ] --START--
INFO: [ template_filter ] --START--
INFO: Run Behavior\ContentReplaceBehavior [ RunTime:0.000328s ]
INFO: [ template_filter ] --END-- [ RunTime:0.000886s ]
INFO: Run Behavior\ParseTemplateBehavior [ RunTime:0.021097s ]
INFO: [ view_parse ] --END-- [ RunTime:0.021526s ]
INFO: [ view_filter ] --START--
INFO: Run Behavior\WriteHtmlCacheBehavior [ RunTime:0.001436s ]
INFO: [ view_filter ] --END-- [ RunTime:0.001687s ]
INFO: [ app_end ] --START--
INFO: Run Behavior\ShowPageTraceBehavior [ RunTime:0.001934s ]
INFO: [ app_end ] --END-- [ RunTime:0.002281s ]

[ 2017-05-27T21:56:07+08:00 ] ::1 /web/shop2/index.php/Admin/Index/my.html
INFO: [ app_init ] --START--
INFO: Run Behavior\BuildLiteBehavior [ RunTime:0.000098s ]
INFO: [ app_init ] --END-- [ RunTime:0.002456s ]
INFO: [ app_begin ] --START--
INFO: Run Behavior\ReadHtmlCacheBehavior [ RunTime:0.002383s ]
INFO: [ app_begin ] --END-- [ RunTime:0.002826s ]
SQL: SHOW COLUMNS FROM `user` [ RunTime:0.0658s ]
SQL: SELECT * FROM `user` WHERE ( user_name='admin' ) LIMIT 1   [ RunTime:0.0012s ]
SQL: SELECT * FROM `user` WHERE ( user_name='admin' ) LIMIT 1   [ RunTime:0.0013s ]
SQL: SHOW COLUMNS FROM `goods` [ RunTime:0.2466s ]
SQL: SELECT * FROM `goods` WHERE `goods_id` IN ('8','9','10','11','12','13')  [ RunTime:0.0014s ]
SQL: SELECT COUNT(*) AS tp_count FROM `goods` WHERE ( goods_id in (8,9,10,11,12,13) ) LIMIT 1   [ RunTime:0.0013s ]
SQL: SELECT COUNT(*) AS tp_count FROM `goods` WHERE ( goods_id in (8,9,12,13,15) ) LIMIT 1   [ RunTime:0.0009s ]
INFO: [ view_parse ] --START--
INFO: [ template_filter ] --START--
INFO: Run Behavior\ContentReplaceBehavior [ RunTime:0.000586s ]
INFO: [ template_filter ] --END-- [ RunTime:0.001152s ]
INFO: Run Behavior\ParseTemplateBehavior [ RunTime:0.051045s ]
INFO: [ view_parse ] --END-- [ RunTime:0.051633s ]
INFO: [ view_filter ] --START--
INFO: Run Behavior\WriteHtmlCacheBehavior [ RunTime:0.001884s ]
INFO: [ view_filter ] --END-- [ RunTime:0.002444s ]
INFO: [ app_end ] --START--
INFO: Run Behavior\ShowPageTraceBehavior [ RunTime:0.005077s ]
INFO: [ app_end ] --END-- [ RunTime:0.007960s ]

[ 2017-05-27T22:12:05+08:00 ] ::1 /web/shop2/index.php/Admin/Manager/manager
INFO: [ app_init ] --START--
INFO: Run Behavior\BuildLiteBehavior [ RunTime:0.000045s ]
INFO: [ app_init ] --END-- [ RunTime:0.001165s ]
INFO: [ app_begin ] --START--
INFO: Run Behavior\ReadHtmlCacheBehavior [ RunTime:0.002244s ]
INFO: [ app_begin ] --END-- [ RunTime:0.003574s ]
SQL: SHOW COLUMNS FROM `user` [ RunTime:0.0091s ]
SQL: SELECT * FROM `user` WHERE ( user_name='admin' ) LIMIT 1   [ RunTime:0.0007s ]
SQL: SELECT * FROM `user` WHERE ( user_name='admin' ) LIMIT 1   [ RunTime:0.0006s ]
SQL: SHOW COLUMNS FROM `goods` [ RunTime:0.0097s ]
SQL: SELECT * FROM `goods` WHERE `goods_id` IN ('8','9','10','11','12','13')  [ RunTime:0.0008s ]
SQL: SELECT COUNT(*) AS tp_count FROM `goods` WHERE ( goods_id in (8,9,10,11,12,13) ) LIMIT 1   [ RunTime:0.0004s ]
SQL: SELECT COUNT(*) AS tp_count FROM `goods` WHERE ( goods_id in (8,9,12,13,15) ) LIMIT 1   [ RunTime:0.0003s ]
SQL: SELECT * FROM `user` WHERE ( user_name='admin' ) LIMIT 1   [ RunTime:0.0006s ]
INFO: [ view_parse ] --START--
INFO: [ template_filter ] --START--
INFO: Run Behavior\ContentReplaceBehavior [ RunTime:0.000297s ]
INFO: [ template_filter ] --END-- [ RunTime:0.000657s ]
INFO: Run Behavior\ParseTemplateBehavior [ RunTime:0.021446s ]
INFO: [ view_parse ] --END-- [ RunTime:0.021829s ]
INFO: [ view_filter ] --START--
INFO: Run Behavior\WriteHtmlCacheBehavior [ RunTime:0.001359s ]
INFO: [ view_filter ] --END-- [ RunTime:0.001719s ]
INFO: [ app_end ] --START--
INFO: Run Behavior\ShowPageTraceBehavior [ RunTime:0.002009s ]
INFO: [ app_end ] --END-- [ RunTime:0.002367s ]

[ 2017-05-27T22:12:07+08:00 ] ::1 /web/shop2/index.php/admin/user/logout
INFO: [ app_init ] --START--
INFO: Run Behavior\BuildLiteBehavior [ RunTime:0.000077s ]
INFO: [ app_init ] --END-- [ RunTime:0.001168s ]
INFO: [ app_begin ] --START--
INFO: Run Behavior\ReadHtmlCacheBehavior [ RunTime:0.001883s ]
INFO: [ app_begin ] --END-- [ RunTime:0.002265s ]
INFO: [ view_parse ] --START--
INFO: [ template_filter ] --START--
INFO: Run Behavior\ContentReplaceBehavior [ RunTime:0.000196s ]
INFO: [ template_filter ] --END-- [ RunTime:0.000549s ]
INFO: Run Behavior\ParseTemplateBehavior [ RunTime:0.017123s ]
INFO: [ view_parse ] --END-- [ RunTime:0.017421s ]
INFO: [ view_filter ] --START--
INFO: Run Behavior\WriteHtmlCacheBehavior [ RunTime:0.000560s ]
INFO: [ view_filter ] --END-- [ RunTime:0.000733s ]
INFO: [ app_end ] --START--
INFO: Run Behavior\ShowPageTraceBehavior [ RunTime:0.001563s ]
INFO: [ app_end ] --END-- [ RunTime:0.001795s ]

[ 2017-05-27T22:12:11+08:00 ] ::1 /web/shop2/index.php/Admin/User/check_uname
INFO: [ app_init ] --START--
INFO: Run Behavior\BuildLiteBehavior [ RunTime:0.000067s ]
INFO: [ app_init ] --END-- [ RunTime:0.001072s ]
INFO: [ app_begin ] --START--
INFO: Run Behavior\ReadHtmlCacheBehavior [ RunTime:0.001699s ]
INFO: [ app_begin ] --END-- [ RunTime:0.002136s ]
SQL: SHOW COLUMNS FROM `user` [ RunTime:0.0113s ]
SQL: SELECT * FROM `user` WHERE ( user_name='te' ) LIMIT 1   [ RunTime:0.0008s ]
INFO: [ app_end ] --START--
INFO: Run Behavior\ShowPageTraceBehavior [ RunTime:0.001562s ]
INFO: [ app_end ] --END-- [ RunTime:0.001814s ]

[ 2017-05-27T22:12:11+08:00 ] ::1 /web/shop2/index.php/Admin/User/check_uname
INFO: [ app_init ] --START--
INFO: Run Behavior\BuildLiteBehavior [ RunTime:0.000072s ]
INFO: [ app_init ] --END-- [ RunTime:0.001252s ]
INFO: [ app_begin ] --START--
INFO: Run Behavior\ReadHtmlCacheBehavior [ RunTime:0.001185s ]
INFO: [ app_begin ] --END-- [ RunTime:0.001364s ]
SQL: SHOW COLUMNS FROM `user` [ RunTime:0.0095s ]
SQL: SELECT * FROM `user` WHERE ( user_name='tes' ) LIMIT 1   [ RunTime:0.0008s ]
INFO: [ app_end ] --START--
INFO: Run Behavior\ShowPageTraceBehavior [ RunTime:0.001213s ]
INFO: [ app_end ] --END-- [ RunTime:0.001374s ]

[ 2017-05-27T22:12:11+08:00 ] ::1 /web/shop2/index.php/Admin/User/check_uname
INFO: [ app_init ] --START--
INFO: Run Behavior\BuildLiteBehavior [ RunTime:0.000084s ]
INFO: [ app_init ] --END-- [ RunTime:0.001316s ]
INFO: [ app_begin ] --START--
INFO: Run Behavior\ReadHtmlCacheBehavior [ RunTime:0.000884s ]
INFO: [ app_begin ] --END-- [ RunTime:0.001055s ]
SQL: SHOW COLUMNS FROM `user` [ RunTime:0.0070s ]
SQL: SELECT * FROM `user` WHERE ( user_name='test' ) LIMIT 1   [ RunTime:0.0005s ]
INFO: [ app_end ] --START--
INFO: Run Behavior\ShowPageTraceBehavior [ RunTime:0.001405s ]
INFO: [ app_end ] --END-- [ RunTime:0.001705s ]

[ 2017-05-27T22:12:11+08:00 ] ::1 /web/shop2/index.php/Admin/User/check_uname
INFO: [ app_init ] --START--
INFO: Run Behavior\BuildLiteBehavior [ RunTime:0.000109s ]
INFO: [ app_init ] --END-- [ RunTime:0.001540s ]
INFO: [ app_begin ] --START--
INFO: Run Behavior\ReadHtmlCacheBehavior [ RunTime:0.001934s ]
INFO: [ app_begin ] --END-- [ RunTime:0.002427s ]
SQL: SHOW COLUMNS FROM `user` [ RunTime:0.0064s ]
SQL: SELECT * FROM `user` WHERE ( user_name='test' ) LIMIT 1   [ RunTime:0.0005s ]
INFO: [ app_end ] --START--
INFO: Run Behavior\ShowPageTraceBehavior [ RunTime:0.001380s ]
INFO: [ app_end ] --END-- [ RunTime:0.001674s ]

[ 2017-05-27T22:12:12+08:00 ] ::1 /web/shop2/index.php/Admin/User/check_pwd
INFO: [ app_init ] --START--
INFO: Run Behavior\BuildLiteBehavior [ RunTime:0.000067s ]
INFO: [ app_init ] --END-- [ RunTime:0.001254s ]
INFO: [ app_begin ] --START--
INFO: Run Behavior\ReadHtmlCacheBehavior [ RunTime:0.001336s ]
INFO: [ app_begin ] --END-- [ RunTime:0.001678s ]
SQL: SHOW COLUMNS FROM `user` [ RunTime:0.0099s ]
SQL: SELECT * FROM `user` WHERE ( password='fbade9e36a3f36d3d676c1b808451dd7' and user_name='test' ) LIMIT 1   [ RunTime:0.0007s ]
INFO: [ app_end ] --START--
INFO: Run Behavior\ShowPageTraceBehavior [ RunTime:0.001540s ]
INFO: [ app_end ] --END-- [ RunTime:0.001795s ]

[ 2017-05-27T22:12:13+08:00 ] ::1 /web/shop2/index.php/Admin/User/check_pwd
INFO: [ app_init ] --START--
INFO: Run Behavior\BuildLiteBehavior [ RunTime:0.000131s ]
INFO: [ app_init ] --END-- [ RunTime:0.001887s ]
INFO: [ app_begin ] --START--
INFO: Run Behavior\ReadHtmlCacheBehavior [ RunTime:0.001434s ]
INFO: [ app_begin ] --END-- [ RunTime:0.001752s ]
SQL: SHOW COLUMNS FROM `user` [ RunTime:0.0128s ]
SQL: SELECT * FROM `user` WHERE ( password='f1b5c85a74101d751deeec43b7717f6b' and user_name='test' ) LIMIT 1   [ RunTime:0.0007s ]
INFO: [ app_end ] --START--
INFO: Run Behavior\ShowPageTraceBehavior [ RunTime:0.001014s ]
INFO: [ app_end ] --END-- [ RunTime:0.001177s ]

[ 2017-05-27T22:12:13+08:00 ] ::1 /web/shop2/index.php/Admin/User/check_pwd
INFO: [ app_init ] --START--
INFO: Run Behavior\BuildLiteBehavior [ RunTime:0.000085s ]
INFO: [ app_init ] --END-- [ RunTime:0.001463s ]
INFO: [ app_begin ] --START--
INFO: Run Behavior\ReadHtmlCacheBehavior [ RunTime:0.001170s ]
INFO: [ app_begin ] --END-- [ RunTime:0.001518s ]
SQL: SHOW COLUMNS FROM `user` [ RunTime:0.0095s ]
SQL: SELECT * FROM `user` WHERE ( password='f1b5c85a74101d751deeec43b7717f6b' and user_name='test' ) LIMIT 1   [ RunTime:0.0005s ]
INFO: [ app_end ] --START--
INFO: Run Behavior\ShowPageTraceBehavior [ RunTime:0.001017s ]
INFO: [ app_end ] --END-- [ RunTime:0.001176s ]

[ 2017-05-27T22:12:13+08:00 ] ::1 /web/shop2/index.php/Admin/User/check_pwd
INFO: [ app_init ] --START--
INFO: Run Behavior\BuildLiteBehavior [ RunTime:0.000114s ]
INFO: [ app_init ] --END-- [ RunTime:0.001612s ]
INFO: [ app_begin ] --START--
INFO: Run Behavior\ReadHtmlCacheBehavior [ RunTime:0.001407s ]
INFO: [ app_begin ] --END-- [ RunTime:0.001723s ]
SQL: SHOW COLUMNS FROM `user` [ RunTime:0.0076s ]
SQL: SELECT * FROM `user` WHERE ( password='e86bdd5d8908079d1ed4c06015f37eb0' and user_name='test' ) LIMIT 1   [ RunTime:0.0006s ]
INFO: [ app_end ] --START--
INFO: Run Behavior\ShowPageTraceBehavior [ RunTime:0.000998s ]
INFO: [ app_end ] --END-- [ RunTime:0.001165s ]

[ 2017-05-27T22:12:13+08:00 ] ::1 /web/shop2/index.php/Admin/User/check_pwd
INFO: [ app_init ] --START--
INFO: Run Behavior\BuildLiteBehavior [ RunTime:0.000078s ]
INFO: [ app_init ] --END-- [ RunTime:0.001070s ]
INFO: [ app_begin ] --START--
INFO: Run Behavior\ReadHtmlCacheBehavior [ RunTime:0.001267s ]
INFO: [ app_begin ] --END-- [ RunTime:0.001478s ]
SQL: SHOW COLUMNS FROM `user` [ RunTime:0.0077s ]
SQL: SELECT * FROM `user` WHERE ( password='fbade9e36a3f36d3d676c1b808451dd7' and user_name='test' ) LIMIT 1   [ RunTime:0.0006s ]
INFO: [ app_end ] --START--
INFO: Run Behavior\ShowPageTraceBehavior [ RunTime:0.001430s ]
INFO: [ app_end ] --END-- [ RunTime:0.001791s ]

[ 2017-05-27T22:12:14+08:00 ] ::1 /web/shop2/index.php/Admin/User/check_pwd
INFO: [ app_init ] --START--
INFO: Run Behavior\BuildLiteBehavior [ RunTime:0.000128s ]
INFO: [ app_init ] --END-- [ RunTime:0.001508s ]
INFO: [ app_begin ] --START--
INFO: Run Behavior\ReadHtmlCacheBehavior [ RunTime:0.002078s ]
INFO: [ app_begin ] --END-- [ RunTime:0.002506s ]
SQL: SHOW COLUMNS FROM `user` [ RunTime:0.0077s ]
SQL: SELECT * FROM `user` WHERE ( password='fbade9e36a3f36d3d676c1b808451dd7' and user_name='test' ) LIMIT 1   [ RunTime:0.0005s ]
INFO: [ app_end ] --START--
INFO: Run Behavior\ShowPageTraceBehavior [ RunTime:0.000979s ]
INFO: [ app_end ] --END-- [ RunTime:0.001208s ]

[ 2017-05-27T22:12:14+08:00 ] ::1 /web/shop2/index.php/Admin/User/check_pwd
INFO: [ app_init ] --START--
INFO: Run Behavior\BuildLiteBehavior [ RunTime:0.000071s ]
INFO: [ app_init ] --END-- [ RunTime:0.001165s ]
INFO: [ app_begin ] --START--
INFO: Run Behavior\ReadHtmlCacheBehavior [ RunTime:0.001376s ]
INFO: [ app_begin ] --END-- [ RunTime:0.001683s ]
SQL: SHOW COLUMNS FROM `user` [ RunTime:0.0455s ]
SQL: SELECT * FROM `user` WHERE ( password='c3bf26db16183dd7bd0903b9def79bf3' and user_name='test' ) LIMIT 1   [ RunTime:0.0011s ]
INFO: [ app_end ] --START--
INFO: Run Behavior\ShowPageTraceBehavior [ RunTime:0.002640s ]
INFO: [ app_end ] --END-- [ RunTime:0.003142s ]

[ 2017-05-27T22:12:14+08:00 ] ::1 /web/shop2/index.php/Admin/User/check_pwd
INFO: [ app_init ] --START--
INFO: Run Behavior\BuildLiteBehavior [ RunTime:0.000071s ]
INFO: [ app_init ] --END-- [ RunTime:0.001178s ]
INFO: [ app_begin ] --START--
INFO: Run Behavior\ReadHtmlCacheBehavior [ RunTime:0.001247s ]
INFO: [ app_begin ] --END-- [ RunTime:0.001571s ]
SQL: SHOW COLUMNS FROM `user` [ RunTime:0.0076s ]
SQL: SELECT * FROM `user` WHERE ( password='ceab3afe8083284e2453bea665ac89a5' and user_name='test' ) LIMIT 1   [ RunTime:0.0006s ]
INFO: [ app_end ] --START--
INFO: Run Behavior\ShowPageTraceBehavior [ RunTime:0.001592s ]
INFO: [ app_end ] --END-- [ RunTime:0.001915s ]

[ 2017-05-27T22:12:14+08:00 ] ::1 /web/shop2/index.php/Admin/User/check_pwd
INFO: [ app_init ] --START--
INFO: Run Behavior\BuildLiteBehavior [ RunTime:0.000089s ]
INFO: [ app_init ] --END-- [ RunTime:0.001464s ]
INFO: [ app_begin ] --START--
INFO: Run Behavior\ReadHtmlCacheBehavior [ RunTime:0.001388s ]
INFO: [ app_begin ] --END-- [ RunTime:0.001827s ]
SQL: SHOW COLUMNS FROM `user` [ RunTime:0.0070s ]
SQL: SELECT * FROM `user` WHERE ( password='adfa969c4611587cd5aa4a078573a08c' and user_name='test' ) LIMIT 1   [ RunTime:0.0006s ]
INFO: [ app_end ] --START--
INFO: Run Behavior\ShowPageTraceBehavior [ RunTime:0.001559s ]
INFO: [ app_end ] --END-- [ RunTime:0.001910s ]

[ 2017-05-27T22:12:15+08:00 ] ::1 /web/shop2/index.php/Admin/User/check_pwd
INFO: [ app_init ] --START--
INFO: Run Behavior\BuildLiteBehavior [ RunTime:0.000046s ]
INFO: [ app_init ] --END-- [ RunTime:0.000703s ]
INFO: [ app_begin ] --START--
INFO: Run Behavior\ReadHtmlCacheBehavior [ RunTime:0.001585s ]
INFO: [ app_begin ] --END-- [ RunTime:0.001964s ]
SQL: SHOW COLUMNS FROM `user` [ RunTime:0.0070s ]
SQL: SELECT * FROM `user` WHERE ( password='438371e69bc048cae6e95c1a67f71f40' and user_name='test' ) LIMIT 1   [ RunTime:0.0005s ]
INFO: [ app_end ] --START--
INFO: Run Behavior\ShowPageTraceBehavior [ RunTime:0.001416s ]
INFO: [ app_end ] --END-- [ RunTime:0.001659s ]

[ 2017-05-27T22:12:15+08:00 ] ::1 /web/shop2/index.php/Admin/User/check_pwd
INFO: [ app_init ] --START--
INFO: Run Behavior\BuildLiteBehavior [ RunTime:0.000043s ]
INFO: [ app_init ] --END-- [ RunTime:0.000715s ]
INFO: [ app_begin ] --START--
INFO: Run Behavior\ReadHtmlCacheBehavior [ RunTime:0.001292s ]
INFO: [ app_begin ] --END-- [ RunTime:0.001641s ]
SQL: SHOW COLUMNS FROM `user` [ RunTime:0.0070s ]
SQL: SELECT * FROM `user` WHERE ( password='438371e69bc048cae6e95c1a67f71f40' and user_name='test' ) LIMIT 1   [ RunTime:0.0006s ]
INFO: [ app_end ] --START--
INFO: Run Behavior\ShowPageTraceBehavior [ RunTime:0.001214s ]
INFO: [ app_end ] --END-- [ RunTime:0.001477s ]

[ 2017-05-27T22:12:15+08:00 ] ::1 /web/shop2/index.php/Admin/User/check_pwd
INFO: [ app_init ] --START--
INFO: Run Behavior\BuildLiteBehavior [ RunTime:0.000092s ]
INFO: [ app_init ] --END-- [ RunTime:0.001395s ]
INFO: [ app_begin ] --START--
INFO: Run Behavior\ReadHtmlCacheBehavior [ RunTime:0.001390s ]
INFO: [ app_begin ] --END-- [ RunTime:0.001692s ]
SQL: SHOW COLUMNS FROM `user` [ RunTime:0.0114s ]
SQL: SELECT * FROM `user` WHERE ( password='239a2492a510f2babcddff85c1962c70' and user_name='test' ) LIMIT 1   [ RunTime:0.0008s ]
INFO: [ app_end ] --START--
INFO: Run Behavior\ShowPageTraceBehavior [ RunTime:0.001550s ]
INFO: [ app_end ] --END-- [ RunTime:0.001820s ]

[ 2017-05-27T22:12:15+08:00 ] ::1 /web/shop2/index.php/Admin/User/check_pwd
INFO: [ app_init ] --START--
INFO: Run Behavior\BuildLiteBehavior [ RunTime:0.000069s ]
INFO: [ app_init ] --END-- [ RunTime:0.001121s ]
INFO: [ app_begin ] --START--
INFO: Run Behavior\ReadHtmlCacheBehavior [ RunTime:0.002059s ]
INFO: [ app_begin ] --END-- [ RunTime:0.002638s ]
SQL: SHOW COLUMNS FROM `user` [ RunTime:0.0118s ]
SQL: SELECT * FROM `user` WHERE ( password='8f0f50d0cb6bef82dfd8ceafc4a12be4' and user_name='test' ) LIMIT 1   [ RunTime:0.0008s ]
INFO: [ app_end ] --START--
INFO: Run Behavior\ShowPageTraceBehavior [ RunTime:0.002246s ]
INFO: [ app_end ] --END-- [ RunTime:0.002688s ]

[ 2017-05-27T22:12:20+08:00 ] ::1 /web/shop2/index.php/Admin/User/check
INFO: [ app_init ] --START--
INFO: Run Behavior\BuildLiteBehavior [ RunTime:0.000072s ]
INFO: [ app_init ] --END-- [ RunTime:0.001171s ]
INFO: [ app_begin ] --START--
INFO: Run Behavior\ReadHtmlCacheBehavior [ RunTime:0.001362s ]
INFO: [ app_begin ] --END-- [ RunTime:0.001715s ]
INFO: [ app_end ] --START--
INFO: Run Behavior\ShowPageTraceBehavior [ RunTime:0.001699s ]
INFO: [ app_end ] --END-- [ RunTime:0.002051s ]

[ 2017-05-27T22:12:20+08:00 ] ::1 /web/shop2/index.php/Admin/User/login
INFO: [ app_init ] --START--
INFO: Run Behavior\BuildLiteBehavior [ RunTime:0.000085s ]
INFO: [ app_init ] --END-- [ RunTime:0.001889s ]
INFO: [ app_begin ] --START--
INFO: Run Behavior\ReadHtmlCacheBehavior [ RunTime:0.001429s ]
INFO: [ app_begin ] --END-- [ RunTime:0.001868s ]
SQL: SHOW COLUMNS FROM `user` [ RunTime:0.0082s ]
SQL: SELECT * FROM `user` WHERE ( user_name='test' ) LIMIT 1   [ RunTime:0.0005s ]
INFO: [ view_parse ] --START--
INFO: [ template_filter ] --START--
INFO: Run Behavior\ContentReplaceBehavior [ RunTime:0.000187s ]
INFO: [ template_filter ] --END-- [ RunTime:0.000542s ]
INFO: Run Behavior\ParseTemplateBehavior [ RunTime:0.016217s ]
INFO: [ view_parse ] --END-- [ RunTime:0.016703s ]
INFO: [ view_filter ] --START--
INFO: Run Behavior\WriteHtmlCacheBehavior [ RunTime:0.001180s ]
INFO: [ view_filter ] --END-- [ RunTime:0.001579s ]
INFO: [ app_end ] --START--
INFO: Run Behavior\ShowPageTraceBehavior [ RunTime:0.001442s ]
INFO: [ app_end ] --END-- [ RunTime:0.001842s ]

[ 2017-05-27T22:12:21+08:00 ] ::1 /web/shop2/index.php/Admin/Index/my.html
INFO: [ app_init ] --START--
INFO: Run Behavior\BuildLiteBehavior [ RunTime:0.000113s ]
INFO: [ app_init ] --END-- [ RunTime:0.001644s ]
INFO: [ app_begin ] --START--
INFO: Run Behavior\ReadHtmlCacheBehavior [ RunTime:0.000981s ]
INFO: [ app_begin ] --END-- [ RunTime:0.001212s ]
SQL: SHOW COLUMNS FROM `user` [ RunTime:0.0069s ]
SQL: SELECT * FROM `user` WHERE ( user_name='test' ) LIMIT 1   [ RunTime:0.0005s ]
SQL: SELECT * FROM `user` WHERE ( user_name='test' ) LIMIT 1   [ RunTime:0.0003s ]
SQL: SHOW COLUMNS FROM `goods` [ RunTime:0.0081s ]
INFO: [ view_parse ] --START--
INFO: [ template_filter ] --START--
INFO: Run Behavior\ContentReplaceBehavior [ RunTime:0.000207s ]
INFO: [ template_filter ] --END-- [ RunTime:0.000404s ]
NOTIC: [8] Undefined variable: goods D:\wamp-win10\www\web\shop2\Runtime\Cache\Admin\1207ea706bc484f1231af753cc2a6f5c.php 第 135 行.
NOTIC: [8] Undefined variable: goods D:\wamp-win10\www\web\shop2\Runtime\Cache\Admin\1207ea706bc484f1231af753cc2a6f5c.php 第 152 行.
INFO: Run Behavior\ParseTemplateBehavior [ RunTime:0.017021s ]
INFO: [ view_parse ] --END-- [ RunTime:0.017223s ]
INFO: [ view_filter ] --START--
INFO: Run Behavior\WriteHtmlCacheBehavior [ RunTime:0.000547s ]
INFO: [ view_filter ] --END-- [ RunTime:0.000725s ]
INFO: [ app_end ] --START--
INFO: Run Behavior\ShowPageTraceBehavior [ RunTime:0.000816s ]
INFO: [ app_end ] --END-- [ RunTime:0.001009s ]

[ 2017-05-27T22:12:23+08:00 ] ::1 /web/shop2/index.php/Admin/Manager/manager
INFO: [ app_init ] --START--
INFO: Run Behavior\BuildLiteBehavior [ RunTime:0.000091s ]
INFO: [ app_init ] --END-- [ RunTime:0.001406s ]
INFO: [ app_begin ] --START--
INFO: Run Behavior\ReadHtmlCacheBehavior [ RunTime:0.001679s ]
INFO: [ app_begin ] --END-- [ RunTime:0.002123s ]
SQL: SHOW COLUMNS FROM `user` [ RunTime:0.0078s ]
SQL: SELECT * FROM `user` WHERE ( user_name='test' ) LIMIT 1   [ RunTime:0.0006s ]
SQL: SELECT * FROM `user` WHERE ( user_name='test' ) LIMIT 1   [ RunTime:0.0005s ]
SQL: SHOW COLUMNS FROM `goods` [ RunTime:0.0095s ]
SQL: SELECT * FROM `user` WHERE ( user_name='test' ) LIMIT 1   [ RunTime:0.0006s ]
INFO: [ view_parse ] --START--
INFO: [ template_filter ] --START--
INFO: Run Behavior\ContentReplaceBehavior [ RunTime:0.000192s ]
INFO: [ template_filter ] --END-- [ RunTime:0.000387s ]
INFO: Run Behavior\ParseTemplateBehavior [ RunTime:0.019043s ]
INFO: [ view_parse ] --END-- [ RunTime:0.019579s ]
INFO: [ view_filter ] --START--
INFO: Run Behavior\WriteHtmlCacheBehavior [ RunTime:0.001069s ]
INFO: [ view_filter ] --END-- [ RunTime:0.001453s ]
INFO: [ app_end ] --START--
INFO: Run Behavior\ShowPageTraceBehavior [ RunTime:0.001400s ]
INFO: [ app_end ] --END-- [ RunTime:0.002382s ]

[ 2017-05-27T22:14:48+08:00 ] ::1 /web/shop2/index.php/Admin/Index/my
INFO: [ app_init ] --START--
INFO: Run Behavior\BuildLiteBehavior [ RunTime:0.000092s ]
INFO: [ app_init ] --END-- [ RunTime:0.001534s ]
INFO: [ app_begin ] --START--
INFO: Run Behavior\ReadHtmlCacheBehavior [ RunTime:0.001502s ]
INFO: [ app_begin ] --END-- [ RunTime:0.001800s ]
SQL: SHOW COLUMNS FROM `user` [ RunTime:0.1352s ]
SQL: SELECT * FROM `user` WHERE ( user_name='test' ) LIMIT 1   [ RunTime:0.0008s ]
SQL: SELECT * FROM `user` WHERE ( user_name='test' ) LIMIT 1   [ RunTime:0.0005s ]
SQL: SHOW COLUMNS FROM `goods` [ RunTime:0.0090s ]
INFO: [ view_parse ] --START--
INFO: [ template_filter ] --START--
INFO: Run Behavior\ContentReplaceBehavior [ RunTime:0.000214s ]
INFO: [ template_filter ] --END-- [ RunTime:0.000464s ]
NOTIC: [8] Undefined variable: goods D:\wamp-win10\www\web\shop2\Runtime\Cache\Admin\1207ea706bc484f1231af753cc2a6f5c.php 第 135 行.
NOTIC: [8] Undefined variable: goods D:\wamp-win10\www\web\shop2\Runtime\Cache\Admin\1207ea706bc484f1231af753cc2a6f5c.php 第 152 行.
INFO: Run Behavior\ParseTemplateBehavior [ RunTime:0.027710s ]
INFO: [ view_parse ] --END-- [ RunTime:0.028056s ]
INFO: [ view_filter ] --START--
INFO: Run Behavior\WriteHtmlCacheBehavior [ RunTime:0.001670s ]
INFO: [ view_filter ] --END-- [ RunTime:0.002103s ]
INFO: [ app_end ] --START--
INFO: Run Behavior\ShowPageTraceBehavior [ RunTime:0.002203s ]
INFO: [ app_end ] --END-- [ RunTime:0.002611s ]

