[ 2017-05-02T00:23:44+08:00 ] ::1 /web/shop/index.php/Admin/USer/logout
INFO: [ app_init ] --START--
INFO: Run Behavior\BuildLiteBehavior [ RunTime:0.000206s ]
INFO: [ app_init ] --END-- [ RunTime:0.003073s ]
INFO: [ app_begin ] --START--
INFO: Run Behavior\ReadHtmlCacheBehavior [ RunTime:0.003494s ]
INFO: [ app_begin ] --END-- [ RunTime:0.004651s ]
ERR: 无法加载控制器:USer

[ 2017-05-02T00:23:51+08:00 ] ::1 /web/shop/index.php/Admin/user/logout
INFO: [ app_init ] --START--
INFO: Run Behavior\BuildLiteBehavior [ RunTime:0.000207s ]
INFO: [ app_init ] --END-- [ RunTime:0.002912s ]
INFO: [ app_begin ] --START--
INFO: Run Behavior\ReadHtmlCacheBehavior [ RunTime:0.003314s ]
INFO: [ app_begin ] --END-- [ RunTime:0.004414s ]

[ 2017-05-02T00:59:49+08:00 ] ::1 /web/shop/index.php/Admin/Index/my
INFO: [ app_init ] --START--
INFO: Run Behavior\BuildLiteBehavior [ RunTime:0.000268s ]
INFO: [ app_init ] --END-- [ RunTime:0.002860s ]
INFO: [ app_begin ] --START--
INFO: Run Behavior\ReadHtmlCacheBehavior [ RunTime:0.003597s ]
INFO: [ app_begin ] --END-- [ RunTime:0.004647s ]
INFO: [ view_parse ] --START--
INFO: [ template_filter ] --START--
INFO: Run Behavior\ContentReplaceBehavior [ RunTime:0.000862s ]
INFO: [ template_filter ] --END-- [ RunTime:0.002404s ]
INFO: Run Behavior\ParseTemplateBehavior [ RunTime:0.043564s ]
INFO: [ view_parse ] --END-- [ RunTime:0.044302s ]
INFO: [ view_filter ] --START--
INFO: Run Behavior\WriteHtmlCacheBehavior [ RunTime:0.002415s ]
INFO: [ view_filter ] --END-- [ RunTime:0.002940s ]

[ 2017-05-02T01:00:19+08:00 ] ::1 /web/shop/index.php/Admin/User/check_uname
INFO: [ app_init ] --START--
INFO: Run Behavior\BuildLiteBehavior [ RunTime:0.000113s ]
INFO: [ app_init ] --END-- [ RunTime:0.001720s ]
INFO: [ app_begin ] --START--
INFO: Run Behavior\ReadHtmlCacheBehavior [ RunTime:0.002307s ]
INFO: [ app_begin ] --END-- [ RunTime:0.002774s ]
SQL: SHOW COLUMNS FROM `user` [ RunTime:0.0119s ]
SQL: SELECT * FROM `user` WHERE ( user_name='zrlee' ) LIMIT 1   [ RunTime:0.0011s ]
INFO: [ app_end ] --START--
INFO: Run Behavior\ShowPageTraceBehavior [ RunTime:0.002320s ]
INFO: [ app_end ] --END-- [ RunTime:0.002766s ]

[ 2017-05-02T01:00:22+08:00 ] ::1 /web/shop/index.php/Admin/User/check_pwd
INFO: [ app_init ] --START--
INFO: Run Behavior\BuildLiteBehavior [ RunTime:0.000114s ]
INFO: [ app_init ] --END-- [ RunTime:0.001733s ]
INFO: [ app_begin ] --START--
INFO: Run Behavior\ReadHtmlCacheBehavior [ RunTime:0.002217s ]
INFO: [ app_begin ] --END-- [ RunTime:0.002683s ]
SQL: SHOW COLUMNS FROM `user` [ RunTime:0.0118s ]
SQL: SELECT * FROM `user` WHERE ( password='fbade9e36a3f36d3d676c1b808451dd7' and user_name='zrlee' ) LIMIT 1   [ RunTime:0.0011s ]
INFO: [ app_end ] --START--
INFO: Run Behavior\ShowPageTraceBehavior [ RunTime:0.002324s ]
INFO: [ app_end ] --END-- [ RunTime:0.002770s ]

[ 2017-05-02T01:00:22+08:00 ] ::1 /web/shop/index.php/Admin/User/check_pwd
INFO: [ app_init ] --START--
INFO: Run Behavior\BuildLiteBehavior [ RunTime:0.000112s ]
INFO: [ app_init ] --END-- [ RunTime:0.001799s ]
INFO: [ app_begin ] --START--
INFO: Run Behavior\ReadHtmlCacheBehavior [ RunTime:0.002398s ]
INFO: [ app_begin ] --END-- [ RunTime:0.002855s ]
SQL: SHOW COLUMNS FROM `user` [ RunTime:0.0140s ]
SQL: SELECT * FROM `user` WHERE ( password='c3bf26db16183dd7bd0903b9def79bf3' and user_name='zrlee' ) LIMIT 1   [ RunTime:0.0012s ]
INFO: [ app_end ] --START--
INFO: Run Behavior\ShowPageTraceBehavior [ RunTime:0.002338s ]
INFO: [ app_end ] --END-- [ RunTime:0.002789s ]

[ 2017-05-02T01:00:22+08:00 ] ::1 /web/shop/index.php/Admin/User/check_pwd
INFO: [ app_init ] --START--
INFO: Run Behavior\BuildLiteBehavior [ RunTime:0.000113s ]
INFO: [ app_init ] --END-- [ RunTime:0.001827s ]
INFO: [ app_begin ] --START--
INFO: Run Behavior\ReadHtmlCacheBehavior [ RunTime:0.003660s ]
INFO: [ app_begin ] --END-- [ RunTime:0.004519s ]
SQL: SHOW COLUMNS FROM `user` [ RunTime:0.0125s ]
SQL: SELECT * FROM `user` WHERE ( password='adfa969c4611587cd5aa4a078573a08c' and user_name='zrlee' ) LIMIT 1   [ RunTime:0.0013s ]
INFO: [ app_end ] --START--
INFO: Run Behavior\ShowPageTraceBehavior [ RunTime:0.003007s ]
INFO: [ app_end ] --END-- [ RunTime:0.003865s ]

[ 2017-05-02T01:00:23+08:00 ] ::1 /web/shop/index.php/Admin/User/check_pwd
INFO: [ app_init ] --START--
INFO: Run Behavior\BuildLiteBehavior [ RunTime:0.000118s ]
INFO: [ app_init ] --END-- [ RunTime:0.002779s ]
INFO: [ app_begin ] --START--
INFO: Run Behavior\ReadHtmlCacheBehavior [ RunTime:0.002870s ]
INFO: [ app_begin ] --END-- [ RunTime:0.003560s ]
SQL: SHOW COLUMNS FROM `user` [ RunTime:0.1654s ]
SQL: SELECT * FROM `user` WHERE ( password='adfa969c4611587cd5aa4a078573a08c' and user_name='zrlee' ) LIMIT 1   [ RunTime:0.0011s ]
INFO: [ app_end ] --START--
INFO: Run Behavior\ShowPageTraceBehavior [ RunTime:0.003358s ]
INFO: [ app_end ] --END-- [ RunTime:0.004015s ]

[ 2017-05-02T01:00:23+08:00 ] ::1 /web/shop/index.php/Admin/User/check_pwd
INFO: [ app_init ] --START--
INFO: Run Behavior\BuildLiteBehavior [ RunTime:0.000212s ]
INFO: [ app_init ] --END-- [ RunTime:0.002378s ]
INFO: [ app_begin ] --START--
INFO: Run Behavior\ReadHtmlCacheBehavior [ RunTime:0.003389s ]
INFO: [ app_begin ] --END-- [ RunTime:0.004721s ]
SQL: SHOW COLUMNS FROM `user` [ RunTime:0.2246s ]
SQL: SELECT * FROM `user` WHERE ( password='438371e69bc048cae6e95c1a67f71f40' and user_name='zrlee' ) LIMIT 1   [ RunTime:0.0012s ]
INFO: [ app_end ] --START--
INFO: Run Behavior\ShowPageTraceBehavior [ RunTime:0.002321s ]
INFO: [ app_end ] --END-- [ RunTime:0.002772s ]

[ 2017-05-02T01:00:23+08:00 ] ::1 /web/shop/index.php/Admin/User/check_pwd
INFO: [ app_init ] --START--
INFO: Run Behavior\BuildLiteBehavior [ RunTime:0.000112s ]
INFO: [ app_init ] --END-- [ RunTime:0.001789s ]
INFO: [ app_begin ] --START--
INFO: Run Behavior\ReadHtmlCacheBehavior [ RunTime:0.001967s ]
INFO: [ app_begin ] --END-- [ RunTime:0.002407s ]
SQL: SHOW COLUMNS FROM `user` [ RunTime:0.0131s ]
SQL: SELECT * FROM `user` WHERE ( password='438371e69bc048cae6e95c1a67f71f40' and user_name='zrlee' ) LIMIT 1   [ RunTime:0.0012s ]
INFO: [ app_end ] --START--
INFO: Run Behavior\ShowPageTraceBehavior [ RunTime:0.002322s ]
INFO: [ app_end ] --END-- [ RunTime:0.002826s ]

[ 2017-05-02T01:00:23+08:00 ] ::1 /web/shop/index.php/Admin/User/check_pwd
INFO: [ app_init ] --START--
INFO: Run Behavior\BuildLiteBehavior [ RunTime:0.000111s ]
INFO: [ app_init ] --END-- [ RunTime:0.001760s ]
INFO: [ app_begin ] --START--
INFO: Run Behavior\ReadHtmlCacheBehavior [ RunTime:0.001990s ]
INFO: [ app_begin ] --END-- [ RunTime:0.002439s ]
SQL: SHOW COLUMNS FROM `user` [ RunTime:0.0191s ]
SQL: SELECT * FROM `user` WHERE ( password='8f0f50d0cb6bef82dfd8ceafc4a12be4' and user_name='zrlee' ) LIMIT 1   [ RunTime:0.0010s ]
INFO: [ app_end ] --START--
INFO: Run Behavior\ShowPageTraceBehavior [ RunTime:0.002473s ]
INFO: [ app_end ] --END-- [ RunTime:0.003103s ]

[ 2017-05-02T01:00:23+08:00 ] ::1 /web/shop/index.php/Admin/User/check_pwd
INFO: [ app_init ] --START--
INFO: Run Behavior\BuildLiteBehavior [ RunTime:0.000192s ]
INFO: [ app_init ] --END-- [ RunTime:0.001860s ]
INFO: [ app_begin ] --START--
INFO: Run Behavior\ReadHtmlCacheBehavior [ RunTime:0.002485s ]
INFO: [ app_begin ] --END-- [ RunTime:0.003118s ]
SQL: SHOW COLUMNS FROM `user` [ RunTime:0.1135s ]
SQL: SELECT * FROM `user` WHERE ( password='8f0f50d0cb6bef82dfd8ceafc4a12be4' and user_name='zrlee' ) LIMIT 1   [ RunTime:0.0010s ]
INFO: [ app_end ] --START--
INFO: Run Behavior\ShowPageTraceBehavior [ RunTime:0.002375s ]
INFO: [ app_end ] --END-- [ RunTime:0.002856s ]

[ 2017-05-02T01:00:28+08:00 ] ::1 /web/shop/index.php/Admin/User/check
INFO: [ app_init ] --START--
INFO: Run Behavior\BuildLiteBehavior [ RunTime:0.000118s ]
INFO: [ app_init ] --END-- [ RunTime:0.001989s ]
INFO: [ app_begin ] --START--
INFO: Run Behavior\ReadHtmlCacheBehavior [ RunTime:0.002474s ]
INFO: [ app_begin ] --END-- [ RunTime:0.002953s ]
INFO: [ app_end ] --START--
INFO: Run Behavior\ShowPageTraceBehavior [ RunTime:0.002165s ]
INFO: [ app_end ] --END-- [ RunTime:0.002893s ]

[ 2017-05-02T01:00:28+08:00 ] ::1 /web/shop/index.php/Admin/User/login
INFO: [ app_init ] --START--
INFO: Run Behavior\BuildLiteBehavior [ RunTime:0.000113s ]
INFO: [ app_init ] --END-- [ RunTime:0.001830s ]
INFO: [ app_begin ] --START--
INFO: Run Behavior\ReadHtmlCacheBehavior [ RunTime:0.002764s ]
INFO: [ app_begin ] --END-- [ RunTime:0.003453s ]
SQL: SHOW COLUMNS FROM `user` [ RunTime:0.0151s ]
SQL: SELECT * FROM `user` WHERE ( user_name='zrlee' ) LIMIT 1   [ RunTime:0.0011s ]
INFO: [ view_parse ] --START--
INFO: [ template_filter ] --START--
INFO: Run Behavior\ContentReplaceBehavior [ RunTime:0.000318s ]
INFO: [ template_filter ] --END-- [ RunTime:0.000973s ]
INFO: Run Behavior\ParseTemplateBehavior [ RunTime:0.029275s ]
INFO: [ view_parse ] --END-- [ RunTime:0.029849s ]
INFO: [ view_filter ] --START--
INFO: Run Behavior\WriteHtmlCacheBehavior [ RunTime:0.002133s ]
INFO: [ view_filter ] --END-- [ RunTime:0.002668s ]
INFO: [ app_end ] --START--
INFO: Run Behavior\ShowPageTraceBehavior [ RunTime:0.002206s ]
INFO: [ app_end ] --END-- [ RunTime:0.002900s ]

[ 2017-05-02T01:00:30+08:00 ] ::1 /web/shop/index.php/Admin/Index/my.html
INFO: [ app_init ] --START--
INFO: Run Behavior\BuildLiteBehavior [ RunTime:0.000115s ]
INFO: [ app_init ] --END-- [ RunTime:0.001912s ]
INFO: [ app_begin ] --START--
INFO: Run Behavior\ReadHtmlCacheBehavior [ RunTime:0.002454s ]
INFO: [ app_begin ] --END-- [ RunTime:0.003055s ]
SQL: SHOW COLUMNS FROM `user` [ RunTime:0.0126s ]
SQL: SELECT * FROM `user` WHERE ( user_name='zrlee' ) LIMIT 1   [ RunTime:0.0013s ]
SQL: SELECT * FROM `user` WHERE ( user_name='zrlee' ) LIMIT 1   [ RunTime:0.0010s ]
SQL: SHOW COLUMNS FROM `goods` [ RunTime:0.0134s ]
SQL: SELECT * FROM `goods` WHERE `goods_id` IN ('8','9','10','11','12','13')  [ RunTime:0.0014s ]
SQL: SELECT COUNT(*) AS tp_count FROM `goods` WHERE ( goods_id in (8,9,10,11,12,13) ) LIMIT 1   [ RunTime:0.0008s ]
SQL: SELECT COUNT(*) AS tp_count FROM `goods` WHERE ( goods_id in (8,10,12,13,4,9) ) LIMIT 1   [ RunTime:0.0008s ]
INFO: [ view_parse ] --START--
INFO: [ template_filter ] --START--
INFO: Run Behavior\ContentReplaceBehavior [ RunTime:0.000489s ]
INFO: [ template_filter ] --END-- [ RunTime:0.001042s ]
INFO: Run Behavior\ParseTemplateBehavior [ RunTime:0.044989s ]
INFO: [ view_parse ] --END-- [ RunTime:0.045756s ]
INFO: [ view_filter ] --START--
INFO: Run Behavior\WriteHtmlCacheBehavior [ RunTime:0.002163s ]
INFO: [ view_filter ] --END-- [ RunTime:0.002709s ]
INFO: [ app_end ] --START--
INFO: Run Behavior\ShowPageTraceBehavior [ RunTime:0.002559s ]
INFO: [ app_end ] --END-- [ RunTime:0.003347s ]

[ 2017-05-02T01:01:13+08:00 ] ::1 /web/shop/index.php/Admin/Index/my
INFO: [ app_init ] --START--
INFO: Run Behavior\BuildLiteBehavior [ RunTime:0.000121s ]
INFO: [ app_init ] --END-- [ RunTime:0.002040s ]
INFO: [ app_begin ] --START--
INFO: Run Behavior\ReadHtmlCacheBehavior [ RunTime:0.004038s ]
INFO: [ app_begin ] --END-- [ RunTime:0.004905s ]
SQL: SHOW COLUMNS FROM `user` [ RunTime:0.0121s ]
SQL: SELECT * FROM `user` WHERE ( user_name='zrlee' ) LIMIT 1   [ RunTime:0.0012s ]
SQL: SELECT * FROM `user` WHERE ( user_name='zrlee' ) LIMIT 1   [ RunTime:0.0014s ]
SQL: SHOW COLUMNS FROM `goods` [ RunTime:0.0133s ]
SQL: SELECT * FROM `goods` WHERE `goods_id` IN ('8','9','10','11','12','13')  [ RunTime:0.0014s ]
SQL: SELECT COUNT(*) AS tp_count FROM `goods` WHERE ( goods_id in (8,9,10,11,12,13) ) LIMIT 1   [ RunTime:0.0011s ]
SQL: SELECT COUNT(*) AS tp_count FROM `goods` WHERE ( goods_id in (8,10,12,13,4,9) ) LIMIT 1   [ RunTime:0.0010s ]
INFO: [ view_parse ] --START--
INFO: [ template_filter ] --START--
INFO: Run Behavior\ContentReplaceBehavior [ RunTime:0.000475s ]
INFO: [ template_filter ] --END-- [ RunTime:0.001080s ]
INFO: Run Behavior\ParseTemplateBehavior [ RunTime:0.044763s ]
INFO: [ view_parse ] --END-- [ RunTime:0.045362s ]
INFO: [ view_filter ] --START--
INFO: Run Behavior\WriteHtmlCacheBehavior [ RunTime:0.001669s ]
INFO: [ view_filter ] --END-- [ RunTime:0.002167s ]
INFO: [ app_end ] --START--
INFO: Run Behavior\ShowPageTraceBehavior [ RunTime:0.004617s ]
INFO: [ app_end ] --END-- [ RunTime:0.005545s ]

[ 2017-05-02T01:05:00+08:00 ] ::1 /web/shop/index.php/Admin/Index/my
INFO: [ app_init ] --START--
INFO: Run Behavior\BuildLiteBehavior [ RunTime:0.000117s ]
INFO: [ app_init ] --END-- [ RunTime:0.002532s ]
INFO: [ app_begin ] --START--
INFO: Run Behavior\ReadHtmlCacheBehavior [ RunTime:0.007936s ]
INFO: [ app_begin ] --END-- [ RunTime:0.011138s ]
SQL: SHOW COLUMNS FROM `user` [ RunTime:0.0144s ]
SQL: SELECT * FROM `user` WHERE ( user_name='zrlee' ) LIMIT 1   [ RunTime:0.0012s ]
SQL: SELECT * FROM `user` WHERE ( user_name='zrlee' ) LIMIT 1   [ RunTime:0.0015s ]
SQL: SHOW COLUMNS FROM `goods` [ RunTime:0.0125s ]
SQL: SELECT * FROM `goods` WHERE `goods_id` IN ('8','9','10','11','12','13')  [ RunTime:0.0014s ]
SQL: SELECT COUNT(*) AS tp_count FROM `goods` WHERE ( goods_id in (8,9,10,11,12,13) ) LIMIT 1   [ RunTime:0.0009s ]
SQL: SELECT COUNT(*) AS tp_count FROM `goods` WHERE ( goods_id in (8,10,12,13,4,9) ) LIMIT 1   [ RunTime:0.0008s ]
INFO: [ view_parse ] --START--
INFO: [ template_filter ] --START--
INFO: Run Behavior\ContentReplaceBehavior [ RunTime:0.000681s ]
INFO: [ template_filter ] --END-- [ RunTime:0.001563s ]
INFO: Run Behavior\ParseTemplateBehavior [ RunTime:0.057371s ]
INFO: [ view_parse ] --END-- [ RunTime:0.058210s ]
INFO: [ view_filter ] --START--
INFO: Run Behavior\WriteHtmlCacheBehavior [ RunTime:0.002631s ]
INFO: [ view_filter ] --END-- [ RunTime:0.003137s ]
INFO: [ app_end ] --START--
INFO: Run Behavior\ShowPageTraceBehavior [ RunTime:0.013616s ]
INFO: [ app_end ] --END-- [ RunTime:0.018685s ]

[ 2017-05-02T01:05:07+08:00 ] ::1 /web/shop/index.php/Admin/User/add_collect
INFO: [ app_init ] --START--
INFO: Run Behavior\BuildLiteBehavior [ RunTime:0.000109s ]
INFO: [ app_init ] --END-- [ RunTime:0.001708s ]
INFO: [ app_begin ] --START--
INFO: Run Behavior\ReadHtmlCacheBehavior [ RunTime:0.003274s ]
INFO: [ app_begin ] --END-- [ RunTime:0.003759s ]
SQL: SHOW COLUMNS FROM `user` [ RunTime:0.0128s ]
SQL: SELECT `collection_goods_id` FROM `user` WHERE ( user_name='zrlee' ) LIMIT 1   [ RunTime:0.0010s ]
SQL: UPDATE `user` SET `collection_goods_id`='8,10,12,13,4,9,3' WHERE ( user_name='zrlee' ) [ RunTime:0.0762s ]
SQL: SHOW COLUMNS FROM `goods` [ RunTime:0.0116s ]
SQL: SELECT `collect_num` FROM `goods` WHERE ( goods_id=3 ) LIMIT 1   [ RunTime:0.0009s ]
SQL: UPDATE `goods` SET `collect_num`='2' WHERE ( goods_id=3 ) [ RunTime:0.0720s ]
INFO: [ app_end ] --START--
INFO: Run Behavior\ShowPageTraceBehavior [ RunTime:0.002351s ]
INFO: [ app_end ] --END-- [ RunTime:0.003096s ]

[ 2017-05-02T01:05:08+08:00 ] ::1 /web/shop/index.php/Admin/Index/my
INFO: [ app_init ] --START--
INFO: Run Behavior\BuildLiteBehavior [ RunTime:0.000112s ]
INFO: [ app_init ] --END-- [ RunTime:0.001833s ]
INFO: [ app_begin ] --START--
INFO: Run Behavior\ReadHtmlCacheBehavior [ RunTime:0.003820s ]
INFO: [ app_begin ] --END-- [ RunTime:0.004687s ]
SQL: SHOW COLUMNS FROM `user` [ RunTime:0.0135s ]
SQL: SELECT * FROM `user` WHERE ( user_name='zrlee' ) LIMIT 1   [ RunTime:0.0014s ]
SQL: SELECT * FROM `user` WHERE ( user_name='zrlee' ) LIMIT 1   [ RunTime:0.0011s ]
SQL: SHOW COLUMNS FROM `goods` [ RunTime:0.0134s ]
SQL: SELECT * FROM `goods` WHERE `goods_id` IN ('8','9','10','11','12','13')  [ RunTime:0.0017s ]
SQL: SELECT COUNT(*) AS tp_count FROM `goods` WHERE ( goods_id in (8,9,10,11,12,13) ) LIMIT 1   [ RunTime:0.0010s ]
SQL: SELECT COUNT(*) AS tp_count FROM `goods` WHERE ( goods_id in (8,10,12,13,4,9,3) ) LIMIT 1   [ RunTime:0.0012s ]
INFO: [ view_parse ] --START--
INFO: [ template_filter ] --START--
INFO: Run Behavior\ContentReplaceBehavior [ RunTime:0.000629s ]
INFO: [ template_filter ] --END-- [ RunTime:0.001518s ]
INFO: Run Behavior\ParseTemplateBehavior [ RunTime:0.044454s ]
INFO: [ view_parse ] --END-- [ RunTime:0.045072s ]
INFO: [ view_filter ] --START--
INFO: Run Behavior\WriteHtmlCacheBehavior [ RunTime:0.002242s ]
INFO: [ view_filter ] --END-- [ RunTime:0.003038s ]
INFO: [ app_end ] --START--
INFO: Run Behavior\ShowPageTraceBehavior [ RunTime:0.005170s ]
INFO: [ app_end ] --END-- [ RunTime:0.006183s ]

[ 2017-05-02T01:05:11+08:00 ] ::1 /web/shop/index.php/Admin/Index/collection
INFO: [ app_init ] --START--
INFO: Run Behavior\BuildLiteBehavior [ RunTime:0.000207s ]
INFO: [ app_init ] --END-- [ RunTime:0.002408s ]
INFO: [ app_begin ] --START--
INFO: Run Behavior\ReadHtmlCacheBehavior [ RunTime:0.003052s ]
INFO: [ app_begin ] --END-- [ RunTime:0.003932s ]
SQL: SHOW COLUMNS FROM `user` [ RunTime:0.0120s ]
SQL: SELECT * FROM `user` WHERE ( user_name='zrlee' ) LIMIT 1   [ RunTime:0.0011s ]
SQL: SELECT * FROM `user` WHERE ( user_name='zrlee' ) LIMIT 1   [ RunTime:0.0011s ]
SQL: SHOW COLUMNS FROM `goods` [ RunTime:0.0146s ]
SQL: SELECT * FROM `goods` WHERE `goods_id` IN ('8','10','12','13','4','9','3')  [ RunTime:0.0017s ]
SQL: SELECT COUNT(*) AS tp_count FROM `goods` WHERE ( goods_id in (8,9,10,11,12,13) ) LIMIT 1   [ RunTime:0.0008s ]
SQL: SELECT COUNT(*) AS tp_count FROM `goods` WHERE ( goods_id in (8,10,12,13,4,9,3) ) LIMIT 1   [ RunTime:0.0009s ]
INFO: [ view_parse ] --START--
INFO: [ template_filter ] --START--
INFO: Run Behavior\ContentReplaceBehavior [ RunTime:0.000491s ]
INFO: [ template_filter ] --END-- [ RunTime:0.001300s ]
INFO: Run Behavior\ParseTemplateBehavior [ RunTime:0.051020s ]
INFO: [ view_parse ] --END-- [ RunTime:0.051624s ]
INFO: [ view_filter ] --START--
INFO: Run Behavior\WriteHtmlCacheBehavior [ RunTime:0.001330s ]
INFO: [ view_filter ] --END-- [ RunTime:0.001852s ]
INFO: [ app_end ] --START--
INFO: Run Behavior\ShowPageTraceBehavior [ RunTime:0.002602s ]
INFO: [ app_end ] --END-- [ RunTime:0.003980s ]

[ 2017-05-02T11:44:25+08:00 ] ::1 /web/shop/index.php/Admin/Index/my
INFO: [ app_init ] --START--
INFO: Run Behavior\BuildLiteBehavior [ RunTime:0.000212s ]
INFO: [ app_init ] --END-- [ RunTime:0.003539s ]
INFO: [ app_begin ] --START--
INFO: Run Behavior\ReadHtmlCacheBehavior [ RunTime:0.003282s ]
INFO: [ app_begin ] --END-- [ RunTime:0.004330s ]
INFO: [ view_parse ] --START--
INFO: [ template_filter ] --START--
INFO: Run Behavior\ContentReplaceBehavior [ RunTime:0.000416s ]
INFO: [ template_filter ] --END-- [ RunTime:0.001511s ]
INFO: Run Behavior\ParseTemplateBehavior [ RunTime:0.085091s ]
INFO: [ view_parse ] --END-- [ RunTime:0.087446s ]
INFO: [ view_filter ] --START--
INFO: Run Behavior\WriteHtmlCacheBehavior [ RunTime:0.002151s ]
INFO: [ view_filter ] --END-- [ RunTime:0.004198s ]

[ 2017-05-02T11:44:35+08:00 ] ::1 /web/shop/index.php/Admin/User/check_uname
INFO: [ app_init ] --START--
INFO: Run Behavior\BuildLiteBehavior [ RunTime:0.000321s ]
INFO: [ app_init ] --END-- [ RunTime:0.003805s ]
INFO: [ app_begin ] --START--
INFO: Run Behavior\ReadHtmlCacheBehavior [ RunTime:0.003099s ]
INFO: [ app_begin ] --END-- [ RunTime:0.003964s ]
SQL: SHOW COLUMNS FROM `user` [ RunTime:0.0156s ]
SQL: SELECT * FROM `user` WHERE ( user_name='z' ) LIMIT 1   [ RunTime:0.0015s ]
INFO: [ app_end ] --START--
INFO: Run Behavior\ShowPageTraceBehavior [ RunTime:0.004532s ]
INFO: [ app_end ] --END-- [ RunTime:0.005351s ]

[ 2017-05-02T11:44:35+08:00 ] ::1 /web/shop/index.php/Admin/User/check_uname
INFO: [ app_init ] --START--
INFO: Run Behavior\BuildLiteBehavior [ RunTime:0.000242s ]
INFO: [ app_init ] --END-- [ RunTime:0.006867s ]
INFO: [ app_begin ] --START--
INFO: Run Behavior\ReadHtmlCacheBehavior [ RunTime:0.003295s ]
INFO: [ app_begin ] --END-- [ RunTime:0.004646s ]
SQL: SHOW COLUMNS FROM `user` [ RunTime:0.0157s ]
SQL: SELECT * FROM `user` WHERE ( user_name='zr' ) LIMIT 1   [ RunTime:0.0014s ]
INFO: [ app_end ] --START--
INFO: Run Behavior\ShowPageTraceBehavior [ RunTime:0.004002s ]
INFO: [ app_end ] --END-- [ RunTime:0.004846s ]

[ 2017-05-02T11:44:36+08:00 ] ::1 /web/shop/index.php/Admin/User/check_uname
INFO: [ app_init ] --START--
INFO: Run Behavior\BuildLiteBehavior [ RunTime:0.000340s ]
INFO: [ app_init ] --END-- [ RunTime:0.007604s ]
INFO: [ app_begin ] --START--
INFO: Run Behavior\ReadHtmlCacheBehavior [ RunTime:0.019563s ]
INFO: [ app_begin ] --END-- [ RunTime:0.026011s ]
SQL: SHOW COLUMNS FROM `user` [ RunTime:0.0190s ]
SQL: SELECT * FROM `user` WHERE ( user_name='zrl' ) LIMIT 1   [ RunTime:0.0014s ]
INFO: [ app_end ] --START--
INFO: Run Behavior\ShowPageTraceBehavior [ RunTime:0.003845s ]
INFO: [ app_end ] --END-- [ RunTime:0.004722s ]

[ 2017-05-02T11:44:36+08:00 ] ::1 /web/shop/index.php/Admin/User/check_uname
INFO: [ app_init ] --START--
INFO: Run Behavior\BuildLiteBehavior [ RunTime:0.000804s ]
INFO: [ app_init ] --END-- [ RunTime:0.005373s ]
INFO: [ app_begin ] --START--
INFO: Run Behavior\ReadHtmlCacheBehavior [ RunTime:0.004681s ]
INFO: [ app_begin ] --END-- [ RunTime:0.005936s ]
SQL: SHOW COLUMNS FROM `user` [ RunTime:0.0154s ]
SQL: SELECT * FROM `user` WHERE ( user_name='zrle' ) LIMIT 1   [ RunTime:0.0014s ]
INFO: [ app_end ] --START--
INFO: Run Behavior\ShowPageTraceBehavior [ RunTime:0.004349s ]
INFO: [ app_end ] --END-- [ RunTime:0.005118s ]

[ 2017-05-02T11:44:36+08:00 ] ::1 /web/shop/index.php/Admin/User/check_uname
INFO: [ app_init ] --START--
INFO: Run Behavior\BuildLiteBehavior [ RunTime:0.000216s ]
INFO: [ app_init ] --END-- [ RunTime:0.003607s ]
INFO: [ app_begin ] --START--
INFO: Run Behavior\ReadHtmlCacheBehavior [ RunTime:0.008391s ]
INFO: [ app_begin ] --END-- [ RunTime:0.013732s ]
SQL: SHOW COLUMNS FROM `user` [ RunTime:0.0169s ]
SQL: SELECT * FROM `user` WHERE ( user_name='zrlee' ) LIMIT 1   [ RunTime:0.0015s ]
INFO: [ app_end ] --START--
INFO: Run Behavior\ShowPageTraceBehavior [ RunTime:0.002822s ]
INFO: [ app_end ] --END-- [ RunTime:0.003701s ]

[ 2017-05-02T11:44:38+08:00 ] ::1 /web/shop/index.php/Admin/User/check_pwd
INFO: [ app_init ] --START--
INFO: Run Behavior\BuildLiteBehavior [ RunTime:0.000161s ]
INFO: [ app_init ] --END-- [ RunTime:0.002921s ]
INFO: [ app_begin ] --START--
INFO: Run Behavior\ReadHtmlCacheBehavior [ RunTime:0.003744s ]
INFO: [ app_begin ] --END-- [ RunTime:0.004455s ]
SQL: SHOW COLUMNS FROM `user` [ RunTime:0.0201s ]
SQL: SELECT * FROM `user` WHERE ( password='fbade9e36a3f36d3d676c1b808451dd7' and user_name='zrlee' ) LIMIT 1   [ RunTime:0.0016s ]
INFO: [ app_end ] --START--
INFO: Run Behavior\ShowPageTraceBehavior [ RunTime:0.003393s ]
INFO: [ app_end ] --END-- [ RunTime:0.004275s ]

[ 2017-05-02T11:44:38+08:00 ] ::1 /web/shop/index.php/Admin/User/check_pwd
INFO: [ app_init ] --START--
INFO: Run Behavior\BuildLiteBehavior [ RunTime:0.000309s ]
INFO: [ app_init ] --END-- [ RunTime:0.005169s ]
INFO: [ app_begin ] --START--
INFO: Run Behavior\ReadHtmlCacheBehavior [ RunTime:0.003947s ]
INFO: [ app_begin ] --END-- [ RunTime:0.004750s ]
SQL: SHOW COLUMNS FROM `user` [ RunTime:0.0152s ]
SQL: SELECT * FROM `user` WHERE ( password='c3bf26db16183dd7bd0903b9def79bf3' and user_name='zrlee' ) LIMIT 1   [ RunTime:0.0014s ]
INFO: [ app_end ] --START--
INFO: Run Behavior\ShowPageTraceBehavior [ RunTime:0.003461s ]
INFO: [ app_end ] --END-- [ RunTime:0.004459s ]

[ 2017-05-02T11:44:39+08:00 ] ::1 /web/shop/index.php/Admin/User/check_pwd
INFO: [ app_init ] --START--
INFO: Run Behavior\BuildLiteBehavior [ RunTime:0.000285s ]
INFO: [ app_init ] --END-- [ RunTime:0.006894s ]
INFO: [ app_begin ] --START--
INFO: Run Behavior\ReadHtmlCacheBehavior [ RunTime:0.004866s ]
INFO: [ app_begin ] --END-- [ RunTime:0.009136s ]
SQL: SHOW COLUMNS FROM `user` [ RunTime:0.0173s ]
SQL: SELECT * FROM `user` WHERE ( password='ceab3afe8083284e2453bea665ac89a5' and user_name='zrlee' ) LIMIT 1   [ RunTime:0.0014s ]
INFO: [ app_end ] --START--
INFO: Run Behavior\ShowPageTraceBehavior [ RunTime:0.004523s ]
INFO: [ app_end ] --END-- [ RunTime:0.005335s ]

[ 2017-05-02T11:44:39+08:00 ] ::1 /web/shop/index.php/Admin/User/check_pwd
INFO: [ app_init ] --START--
INFO: Run Behavior\BuildLiteBehavior [ RunTime:0.000211s ]
INFO: [ app_init ] --END-- [ RunTime:0.005863s ]
INFO: [ app_begin ] --START--
INFO: Run Behavior\ReadHtmlCacheBehavior [ RunTime:0.004487s ]
INFO: [ app_begin ] --END-- [ RunTime:0.005495s ]
SQL: SHOW COLUMNS FROM `user` [ RunTime:0.0226s ]
SQL: SELECT * FROM `user` WHERE ( password='adfa969c4611587cd5aa4a078573a08c' and user_name='zrlee' ) LIMIT 1   [ RunTime:0.0015s ]
INFO: [ app_end ] --START--
INFO: Run Behavior\ShowPageTraceBehavior [ RunTime:0.003276s ]
INFO: [ app_end ] --END-- [ RunTime:0.004142s ]

[ 2017-05-02T11:44:39+08:00 ] ::1 /web/shop/index.php/Admin/User/check_pwd
INFO: [ app_init ] --START--
INFO: Run Behavior\BuildLiteBehavior [ RunTime:0.000217s ]
INFO: [ app_init ] --END-- [ RunTime:0.005300s ]
INFO: [ app_begin ] --START--
INFO: Run Behavior\ReadHtmlCacheBehavior [ RunTime:0.012249s ]
INFO: [ app_begin ] --END-- [ RunTime:0.013357s ]
SQL: SHOW COLUMNS FROM `user` [ RunTime:0.0303s ]
SQL: SELECT * FROM `user` WHERE ( password='438371e69bc048cae6e95c1a67f71f40' and user_name='zrlee' ) LIMIT 1   [ RunTime:0.0014s ]
INFO: [ app_end ] --START--
INFO: Run Behavior\ShowPageTraceBehavior [ RunTime:0.004640s ]
INFO: [ app_end ] --END-- [ RunTime:0.005545s ]

[ 2017-05-02T11:44:39+08:00 ] ::1 /web/shop/index.php/Admin/User/check_pwd
INFO: [ app_init ] --START--
INFO: Run Behavior\BuildLiteBehavior [ RunTime:0.000280s ]
INFO: [ app_init ] --END-- [ RunTime:0.007603s ]
INFO: [ app_begin ] --START--
INFO: Run Behavior\ReadHtmlCacheBehavior [ RunTime:0.007434s ]
INFO: [ app_begin ] --END-- [ RunTime:0.011913s ]
SQL: SHOW COLUMNS FROM `user` [ RunTime:0.3139s ]
SQL: SELECT * FROM `user` WHERE ( password='438371e69bc048cae6e95c1a67f71f40' and user_name='zrlee' ) LIMIT 1   [ RunTime:0.0013s ]
INFO: [ app_end ] --START--
INFO: Run Behavior\ShowPageTraceBehavior [ RunTime:0.003885s ]
INFO: [ app_end ] --END-- [ RunTime:0.004753s ]

[ 2017-05-02T11:44:40+08:00 ] ::1 /web/shop/index.php/Admin/User/check_pwd
INFO: [ app_init ] --START--
INFO: Run Behavior\BuildLiteBehavior [ RunTime:0.000237s ]
INFO: [ app_init ] --END-- [ RunTime:0.003185s ]
INFO: [ app_begin ] --START--
INFO: Run Behavior\ReadHtmlCacheBehavior [ RunTime:0.004248s ]
INFO: [ app_begin ] --END-- [ RunTime:0.004987s ]
SQL: SHOW COLUMNS FROM `user` [ RunTime:0.0159s ]
SQL: SELECT * FROM `user` WHERE ( password='239a2492a510f2babcddff85c1962c70' and user_name='zrlee' ) LIMIT 1   [ RunTime:0.0015s ]
INFO: [ app_end ] --START--
INFO: Run Behavior\ShowPageTraceBehavior [ RunTime:0.005707s ]
INFO: [ app_end ] --END-- [ RunTime:0.006850s ]

[ 2017-05-02T11:44:40+08:00 ] ::1 /web/shop/index.php/Admin/User/check_pwd
INFO: [ app_init ] --START--
INFO: Run Behavior\BuildLiteBehavior [ RunTime:0.000114s ]
INFO: [ app_init ] --END-- [ RunTime:0.002706s ]
INFO: [ app_begin ] --START--
INFO: Run Behavior\ReadHtmlCacheBehavior [ RunTime:0.004800s ]
INFO: [ app_begin ] --END-- [ RunTime:0.005592s ]
SQL: SHOW COLUMNS FROM `user` [ RunTime:0.0151s ]
SQL: SELECT * FROM `user` WHERE ( password='8f0f50d0cb6bef82dfd8ceafc4a12be4' and user_name='zrlee' ) LIMIT 1   [ RunTime:0.0014s ]
INFO: [ app_end ] --START--
INFO: Run Behavior\ShowPageTraceBehavior [ RunTime:0.003304s ]
INFO: [ app_end ] --END-- [ RunTime:0.004221s ]

[ 2017-05-02T11:44:48+08:00 ] ::1 /web/shop/index.php/Admin/User/check
INFO: [ app_init ] --START--
INFO: Run Behavior\BuildLiteBehavior [ RunTime:0.000112s ]
INFO: [ app_init ] --END-- [ RunTime:0.002742s ]
INFO: [ app_begin ] --START--
INFO: Run Behavior\ReadHtmlCacheBehavior [ RunTime:0.003024s ]
INFO: [ app_begin ] --END-- [ RunTime:0.003991s ]
INFO: [ app_end ] --START--
INFO: Run Behavior\ShowPageTraceBehavior [ RunTime:0.003939s ]
INFO: [ app_end ] --END-- [ RunTime:0.004850s ]

[ 2017-05-02T11:45:22+08:00 ] ::1 /web/shop/index.php/Admin/Index/my
INFO: [ app_init ] --START--
INFO: Run Behavior\BuildLiteBehavior [ RunTime:0.000156s ]
INFO: [ app_init ] --END-- [ RunTime:0.008158s ]
INFO: [ app_begin ] --START--
INFO: Run Behavior\ReadHtmlCacheBehavior [ RunTime:0.003460s ]
INFO: [ app_begin ] --END-- [ RunTime:0.006456s ]
INFO: [ view_parse ] --START--
INFO: [ template_filter ] --START--
INFO: Run Behavior\ContentReplaceBehavior [ RunTime:0.000875s ]
INFO: [ template_filter ] --END-- [ RunTime:0.005112s ]
INFO: Run Behavior\ParseTemplateBehavior [ RunTime:0.085709s ]
INFO: [ view_parse ] --END-- [ RunTime:0.088183s ]
INFO: [ view_filter ] --START--
INFO: Run Behavior\WriteHtmlCacheBehavior [ RunTime:0.002196s ]
INFO: [ view_filter ] --END-- [ RunTime:0.003446s ]

[ 2017-05-02T11:45:48+08:00 ] ::1 /web/shop/index.php/Admin/User/check_uname
INFO: [ app_init ] --START--
INFO: Run Behavior\BuildLiteBehavior [ RunTime:0.000253s ]
INFO: [ app_init ] --END-- [ RunTime:0.002996s ]
INFO: [ app_begin ] --START--
INFO: Run Behavior\ReadHtmlCacheBehavior [ RunTime:0.003010s ]
INFO: [ app_begin ] --END-- [ RunTime:0.004013s ]
SQL: SHOW COLUMNS FROM `user` [ RunTime:0.0149s ]
SQL: SELECT * FROM `user` WHERE ( user_name='z' ) LIMIT 1   [ RunTime:0.0014s ]
INFO: [ app_end ] --START--
INFO: Run Behavior\ShowPageTraceBehavior [ RunTime:0.003525s ]
INFO: [ app_end ] --END-- [ RunTime:0.004316s ]

[ 2017-05-02T11:45:49+08:00 ] ::1 /web/shop/index.php/Admin/User/check_uname
INFO: [ app_init ] --START--
INFO: Run Behavior\BuildLiteBehavior [ RunTime:0.000137s ]
INFO: [ app_init ] --END-- [ RunTime:0.002809s ]
INFO: [ app_begin ] --START--
INFO: Run Behavior\ReadHtmlCacheBehavior [ RunTime:0.003059s ]
INFO: [ app_begin ] --END-- [ RunTime:0.003769s ]
SQL: SHOW COLUMNS FROM `user` [ RunTime:0.0154s ]
SQL: SELECT * FROM `user` WHERE ( user_name='zr' ) LIMIT 1   [ RunTime:0.0017s ]
INFO: [ app_end ] --START--
INFO: Run Behavior\ShowPageTraceBehavior [ RunTime:0.003466s ]
INFO: [ app_end ] --END-- [ RunTime:0.004537s ]

[ 2017-05-02T11:45:49+08:00 ] ::1 /web/shop/index.php/Admin/User/check_uname
INFO: [ app_init ] --START--
INFO: Run Behavior\BuildLiteBehavior [ RunTime:0.000386s ]
INFO: [ app_init ] --END-- [ RunTime:0.004681s ]
INFO: [ app_begin ] --START--
INFO: Run Behavior\ReadHtmlCacheBehavior [ RunTime:0.007723s ]
INFO: [ app_begin ] --END-- [ RunTime:0.009665s ]
SQL: SHOW COLUMNS FROM `user` [ RunTime:0.0162s ]
SQL: SELECT * FROM `user` WHERE ( user_name='zrl' ) LIMIT 1   [ RunTime:0.0014s ]
INFO: [ app_end ] --START--
INFO: Run Behavior\ShowPageTraceBehavior [ RunTime:0.004378s ]
INFO: [ app_end ] --END-- [ RunTime:0.005287s ]

[ 2017-05-02T11:45:49+08:00 ] ::1 /web/shop/index.php/Admin/User/check_uname
INFO: [ app_init ] --START--
INFO: Run Behavior\BuildLiteBehavior [ RunTime:0.000270s ]
INFO: [ app_init ] --END-- [ RunTime:0.004688s ]
INFO: [ app_begin ] --START--
INFO: Run Behavior\ReadHtmlCacheBehavior [ RunTime:0.005186s ]
INFO: [ app_begin ] --END-- [ RunTime:0.007599s ]
SQL: SHOW COLUMNS FROM `user` [ RunTime:0.0157s ]
SQL: SELECT * FROM `user` WHERE ( user_name='zrle' ) LIMIT 1   [ RunTime:0.0013s ]
INFO: [ app_end ] --START--
INFO: Run Behavior\ShowPageTraceBehavior [ RunTime:0.003738s ]
INFO: [ app_end ] --END-- [ RunTime:0.004807s ]

[ 2017-05-02T11:45:50+08:00 ] ::1 /web/shop/index.php/Admin/User/check_uname
INFO: [ app_init ] --START--
INFO: Run Behavior\BuildLiteBehavior [ RunTime:0.000227s ]
INFO: [ app_init ] --END-- [ RunTime:0.004499s ]
INFO: [ app_begin ] --START--
INFO: Run Behavior\ReadHtmlCacheBehavior [ RunTime:0.003567s ]
INFO: [ app_begin ] --END-- [ RunTime:0.004659s ]
SQL: SHOW COLUMNS FROM `user` [ RunTime:0.1320s ]
SQL: SELECT * FROM `user` WHERE ( user_name='zrlee' ) LIMIT 1   [ RunTime:0.0015s ]
INFO: [ app_end ] --START--
INFO: Run Behavior\ShowPageTraceBehavior [ RunTime:0.003352s ]
INFO: [ app_end ] --END-- [ RunTime:0.004410s ]

[ 2017-05-02T11:45:51+08:00 ] ::1 /web/shop/index.php/Admin/User/check_pwd
INFO: [ app_init ] --START--
INFO: Run Behavior\BuildLiteBehavior [ RunTime:0.000618s ]
INFO: [ app_init ] --END-- [ RunTime:0.004584s ]
INFO: [ app_begin ] --START--
INFO: Run Behavior\ReadHtmlCacheBehavior [ RunTime:0.002805s ]
INFO: [ app_begin ] --END-- [ RunTime:0.003535s ]
SQL: SHOW COLUMNS FROM `user` [ RunTime:0.0143s ]
SQL: SELECT * FROM `user` WHERE ( password='fbade9e36a3f36d3d676c1b808451dd7' and user_name='zrlee' ) LIMIT 1   [ RunTime:0.0014s ]
INFO: [ app_end ] --START--
INFO: Run Behavior\ShowPageTraceBehavior [ RunTime:0.003291s ]
INFO: [ app_end ] --END-- [ RunTime:0.004100s ]

[ 2017-05-02T11:45:51+08:00 ] ::1 /web/shop/index.php/Admin/User/check_pwd
INFO: [ app_init ] --START--
INFO: Run Behavior\BuildLiteBehavior [ RunTime:0.000225s ]
INFO: [ app_init ] --END-- [ RunTime:0.002713s ]
INFO: [ app_begin ] --START--
INFO: Run Behavior\ReadHtmlCacheBehavior [ RunTime:0.003085s ]
INFO: [ app_begin ] --END-- [ RunTime:0.003895s ]
SQL: SHOW COLUMNS FROM `user` [ RunTime:0.0714s ]
SQL: SELECT * FROM `user` WHERE ( password='c3bf26db16183dd7bd0903b9def79bf3' and user_name='zrlee' ) LIMIT 1   [ RunTime:0.0014s ]
INFO: [ app_end ] --START--
INFO: Run Behavior\ShowPageTraceBehavior [ RunTime:0.003150s ]
INFO: [ app_end ] --END-- [ RunTime:0.004019s ]

[ 2017-05-02T11:45:52+08:00 ] ::1 /web/shop/index.php/Admin/User/check_pwd
INFO: [ app_init ] --START--
INFO: Run Behavior\BuildLiteBehavior [ RunTime:0.000187s ]
INFO: [ app_init ] --END-- [ RunTime:0.003804s ]
INFO: [ app_begin ] --START--
INFO: Run Behavior\ReadHtmlCacheBehavior [ RunTime:0.003114s ]
INFO: [ app_begin ] --END-- [ RunTime:0.004408s ]
SQL: SHOW COLUMNS FROM `user` [ RunTime:0.0171s ]
SQL: SELECT * FROM `user` WHERE ( password='ceab3afe8083284e2453bea665ac89a5' and user_name='zrlee' ) LIMIT 1   [ RunTime:0.0015s ]
INFO: [ app_end ] --START--
INFO: Run Behavior\ShowPageTraceBehavior [ RunTime:0.003448s ]
INFO: [ app_end ] --END-- [ RunTime:0.004083s ]

[ 2017-05-02T11:45:52+08:00 ] ::1 /web/shop/index.php/Admin/User/check_pwd
INFO: [ app_init ] --START--
INFO: Run Behavior\BuildLiteBehavior [ RunTime:0.000230s ]
INFO: [ app_init ] --END-- [ RunTime:0.003432s ]
INFO: [ app_begin ] --START--
INFO: Run Behavior\ReadHtmlCacheBehavior [ RunTime:0.005472s ]
INFO: [ app_begin ] --END-- [ RunTime:0.006609s ]
SQL: SHOW COLUMNS FROM `user` [ RunTime:0.0165s ]
SQL: SELECT * FROM `user` WHERE ( password='adfa969c4611587cd5aa4a078573a08c' and user_name='zrlee' ) LIMIT 1   [ RunTime:0.0015s ]
INFO: [ app_end ] --START--
INFO: Run Behavior\ShowPageTraceBehavior [ RunTime:0.003281s ]
INFO: [ app_end ] --END-- [ RunTime:0.004237s ]

[ 2017-05-02T11:45:52+08:00 ] ::1 /web/shop/index.php/Admin/User/check_pwd
INFO: [ app_init ] --START--
INFO: Run Behavior\BuildLiteBehavior [ RunTime:0.000225s ]
INFO: [ app_init ] --END-- [ RunTime:0.003552s ]
INFO: [ app_begin ] --START--
INFO: Run Behavior\ReadHtmlCacheBehavior [ RunTime:0.006368s ]
INFO: [ app_begin ] --END-- [ RunTime:0.007616s ]
SQL: SHOW COLUMNS FROM `user` [ RunTime:0.0659s ]
SQL: SELECT * FROM `user` WHERE ( password='438371e69bc048cae6e95c1a67f71f40' and user_name='zrlee' ) LIMIT 1   [ RunTime:0.0014s ]
INFO: [ app_end ] --START--
INFO: Run Behavior\ShowPageTraceBehavior [ RunTime:0.003239s ]
INFO: [ app_end ] --END-- [ RunTime:0.004114s ]

[ 2017-05-02T11:45:52+08:00 ] ::1 /web/shop/index.php/Admin/User/check_pwd
INFO: [ app_init ] --START--
INFO: Run Behavior\BuildLiteBehavior [ RunTime:0.000216s ]
INFO: [ app_init ] --END-- [ RunTime:0.004315s ]
INFO: [ app_begin ] --START--
INFO: Run Behavior\ReadHtmlCacheBehavior [ RunTime:0.004180s ]
INFO: [ app_begin ] --END-- [ RunTime:0.005986s ]
SQL: SHOW COLUMNS FROM `user` [ RunTime:0.0153s ]
SQL: SELECT * FROM `user` WHERE ( password='438371e69bc048cae6e95c1a67f71f40' and user_name='zrlee' ) LIMIT 1   [ RunTime:0.0017s ]
INFO: [ app_end ] --START--
INFO: Run Behavior\ShowPageTraceBehavior [ RunTime:0.004499s ]
INFO: [ app_end ] --END-- [ RunTime:0.005424s ]

[ 2017-05-02T11:45:53+08:00 ] ::1 /web/shop/index.php/Admin/User/check_pwd
INFO: [ app_init ] --START--
INFO: Run Behavior\BuildLiteBehavior [ RunTime:0.000213s ]
INFO: [ app_init ] --END-- [ RunTime:0.006057s ]
INFO: [ app_begin ] --START--
INFO: Run Behavior\ReadHtmlCacheBehavior [ RunTime:0.007340s ]
INFO: [ app_begin ] --END-- [ RunTime:0.009104s ]
SQL: SHOW COLUMNS FROM `user` [ RunTime:0.0157s ]
SQL: SELECT * FROM `user` WHERE ( password='8f0f50d0cb6bef82dfd8ceafc4a12be4' and user_name='zrlee' ) LIMIT 1   [ RunTime:0.0015s ]
INFO: [ app_end ] --START--
INFO: Run Behavior\ShowPageTraceBehavior [ RunTime:0.003112s ]
INFO: [ app_end ] --END-- [ RunTime:0.003954s ]

[ 2017-05-02T11:45:53+08:00 ] ::1 /web/shop/index.php/Admin/User/check_pwd
INFO: [ app_init ] --START--
INFO: Run Behavior\BuildLiteBehavior [ RunTime:0.000209s ]
INFO: [ app_init ] --END-- [ RunTime:0.004260s ]
INFO: [ app_begin ] --START--
INFO: Run Behavior\ReadHtmlCacheBehavior [ RunTime:0.004619s ]
INFO: [ app_begin ] --END-- [ RunTime:0.005582s ]
SQL: SHOW COLUMNS FROM `user` [ RunTime:0.0174s ]
SQL: SELECT * FROM `user` WHERE ( password='8f0f50d0cb6bef82dfd8ceafc4a12be4' and user_name='zrlee' ) LIMIT 1   [ RunTime:0.0014s ]
INFO: [ app_end ] --START--
INFO: Run Behavior\ShowPageTraceBehavior [ RunTime:0.004311s ]
INFO: [ app_end ] --END-- [ RunTime:0.005218s ]

[ 2017-05-02T11:45:58+08:00 ] ::1 /web/shop/index.php/Admin/User/check
INFO: [ app_init ] --START--
INFO: Run Behavior\BuildLiteBehavior [ RunTime:0.000210s ]
INFO: [ app_init ] --END-- [ RunTime:0.009073s ]
INFO: [ app_begin ] --START--
INFO: Run Behavior\ReadHtmlCacheBehavior [ RunTime:0.003199s ]
INFO: [ app_begin ] --END-- [ RunTime:0.005058s ]
INFO: [ app_end ] --START--
INFO: Run Behavior\ShowPageTraceBehavior [ RunTime:0.006254s ]
INFO: [ app_end ] --END-- [ RunTime:0.007516s ]

[ 2017-05-02T11:45:58+08:00 ] ::1 /web/shop/index.php/Admin/User/login
INFO: [ app_init ] --START--
INFO: Run Behavior\BuildLiteBehavior [ RunTime:0.000345s ]
INFO: [ app_init ] --END-- [ RunTime:0.005418s ]
INFO: [ app_begin ] --START--
INFO: Run Behavior\ReadHtmlCacheBehavior [ RunTime:0.007241s ]
INFO: [ app_begin ] --END-- [ RunTime:0.008913s ]
SQL: SHOW COLUMNS FROM `user` [ RunTime:0.0162s ]
SQL: SELECT * FROM `user` WHERE ( user_name='zrlee' ) LIMIT 1   [ RunTime:0.0014s ]
INFO: [ view_parse ] --START--
INFO: [ template_filter ] --START--
INFO: Run Behavior\ContentReplaceBehavior [ RunTime:0.000591s ]
INFO: [ template_filter ] --END-- [ RunTime:0.004232s ]
INFO: Run Behavior\ParseTemplateBehavior [ RunTime:0.079855s ]
INFO: [ view_parse ] --END-- [ RunTime:0.082566s ]
INFO: [ view_filter ] --START--
INFO: Run Behavior\WriteHtmlCacheBehavior [ RunTime:0.003142s ]
INFO: [ view_filter ] --END-- [ RunTime:0.005159s ]
INFO: [ app_end ] --START--
INFO: Run Behavior\ShowPageTraceBehavior [ RunTime:0.006871s ]
INFO: [ app_end ] --END-- [ RunTime:0.008933s ]

[ 2017-05-02T11:46:00+08:00 ] ::1 /web/shop/index.php/Admin/Index/my.html
INFO: [ app_init ] --START--
INFO: Run Behavior\BuildLiteBehavior [ RunTime:0.000212s ]
INFO: [ app_init ] --END-- [ RunTime:0.004440s ]
INFO: [ app_begin ] --START--
INFO: Run Behavior\ReadHtmlCacheBehavior [ RunTime:0.005843s ]
INFO: [ app_begin ] --END-- [ RunTime:0.007299s ]
SQL: SHOW COLUMNS FROM `user` [ RunTime:0.0191s ]
SQL: SELECT * FROM `user` WHERE ( user_name='zrlee' ) LIMIT 1   [ RunTime:0.0013s ]
SQL: SELECT * FROM `user` WHERE ( user_name='zrlee' ) LIMIT 1   [ RunTime:0.0015s ]
SQL: SHOW COLUMNS FROM `goods` [ RunTime:0.0161s ]
SQL: SELECT * FROM `goods` WHERE `goods_id` IN ('8','9','10','11','12','13')  [ RunTime:0.0054s ]
SQL: SELECT COUNT(*) AS tp_count FROM `goods` WHERE ( goods_id in (8,9,10,11,12,13) ) LIMIT 1   [ RunTime:0.0015s ]
SQL: SELECT COUNT(*) AS tp_count FROM `goods` WHERE ( goods_id in (8,10,12,13,4,9,3) ) LIMIT 1   [ RunTime:0.0010s ]
INFO: [ view_parse ] --START--
INFO: [ template_filter ] --START--
INFO: Run Behavior\ContentReplaceBehavior [ RunTime:0.000591s ]
INFO: [ template_filter ] --END-- [ RunTime:0.001537s ]
INFO: Run Behavior\ParseTemplateBehavior [ RunTime:0.135406s ]
INFO: [ view_parse ] --END-- [ RunTime:0.137109s ]
INFO: [ view_filter ] --START--
INFO: Run Behavior\WriteHtmlCacheBehavior [ RunTime:0.004567s ]
INFO: [ view_filter ] --END-- [ RunTime:0.006239s ]
INFO: [ app_end ] --START--
INFO: Run Behavior\ShowPageTraceBehavior [ RunTime:0.016627s ]
INFO: [ app_end ] --END-- [ RunTime:0.021867s ]

[ 2017-05-02T11:46:15+08:00 ] ::1 /web/shop/index.php/Admin/Index/my
INFO: [ app_init ] --START--
INFO: Run Behavior\BuildLiteBehavior [ RunTime:0.000212s ]
INFO: [ app_init ] --END-- [ RunTime:0.010306s ]
INFO: [ app_begin ] --START--
INFO: Run Behavior\ReadHtmlCacheBehavior [ RunTime:0.013182s ]
INFO: [ app_begin ] --END-- [ RunTime:0.023571s ]
SQL: SHOW COLUMNS FROM `user` [ RunTime:0.0161s ]
SQL: SELECT * FROM `user` WHERE ( user_name='zrlee' ) LIMIT 1   [ RunTime:0.0015s ]
SQL: SELECT * FROM `user` WHERE ( user_name='zrlee' ) LIMIT 1   [ RunTime:0.0020s ]
SQL: SHOW COLUMNS FROM `goods` [ RunTime:0.0153s ]
SQL: SELECT * FROM `goods` WHERE `goods_id` IN ('8','9','10','11','12','13')  [ RunTime:0.0053s ]
SQL: SELECT COUNT(*) AS tp_count FROM `goods` WHERE ( goods_id in (8,9,10,11,12,13) ) LIMIT 1   [ RunTime:0.0013s ]
SQL: SELECT COUNT(*) AS tp_count FROM `goods` WHERE ( goods_id in (8,10,12,13,4,9,3) ) LIMIT 1   [ RunTime:0.0013s ]
INFO: [ view_parse ] --START--
INFO: [ template_filter ] --START--
INFO: Run Behavior\ContentReplaceBehavior [ RunTime:0.002646s ]
INFO: [ template_filter ] --END-- [ RunTime:0.004447s ]
INFO: Run Behavior\ParseTemplateBehavior [ RunTime:0.181052s ]
INFO: [ view_parse ] --END-- [ RunTime:0.183293s ]
INFO: [ view_filter ] --START--
INFO: Run Behavior\WriteHtmlCacheBehavior [ RunTime:0.006266s ]
INFO: [ view_filter ] --END-- [ RunTime:0.007510s ]
INFO: [ app_end ] --START--
INFO: Run Behavior\ShowPageTraceBehavior [ RunTime:0.028901s ]
INFO: [ app_end ] --END-- [ RunTime:0.031479s ]

[ 2017-05-02T11:46:28+08:00 ] ::1 /web/shop/index.php/Admin/User/add_collect
INFO: [ app_init ] --START--
INFO: Run Behavior\BuildLiteBehavior [ RunTime:0.000392s ]
INFO: [ app_init ] --END-- [ RunTime:0.010578s ]
INFO: [ app_begin ] --START--
INFO: Run Behavior\ReadHtmlCacheBehavior [ RunTime:0.004756s ]
INFO: [ app_begin ] --END-- [ RunTime:0.005778s ]
SQL: SHOW COLUMNS FROM `user` [ RunTime:0.0156s ]
SQL: SELECT `collection_goods_id` FROM `user` WHERE ( user_name='zrlee' ) LIMIT 1   [ RunTime:0.0010s ]
SQL: UPDATE `user` SET `collection_goods_id`='8,10,12,13,4,9,3,11' WHERE ( user_name='zrlee' ) [ RunTime:0.1215s ]
SQL: SHOW COLUMNS FROM `goods` [ RunTime:0.0158s ]
SQL: SELECT `collect_num` FROM `goods` WHERE ( goods_id=11 ) LIMIT 1   [ RunTime:0.0010s ]
SQL: UPDATE `goods` SET `collect_num`='1' WHERE ( goods_id=11 ) [ RunTime:0.0882s ]
INFO: [ app_end ] --START--
INFO: Run Behavior\ShowPageTraceBehavior [ RunTime:0.004225s ]
INFO: [ app_end ] --END-- [ RunTime:0.004974s ]

[ 2017-05-02T11:46:31+08:00 ] ::1 /web/shop/index.php/Admin/User/add_collect
INFO: [ app_init ] --START--
INFO: Run Behavior\BuildLiteBehavior [ RunTime:0.000128s ]
INFO: [ app_init ] --END-- [ RunTime:0.003041s ]
INFO: [ app_begin ] --START--
INFO: Run Behavior\ReadHtmlCacheBehavior [ RunTime:0.003174s ]
INFO: [ app_begin ] --END-- [ RunTime:0.004000s ]
SQL: SHOW COLUMNS FROM `user` [ RunTime:0.0845s ]
SQL: SELECT `collection_goods_id` FROM `user` WHERE ( user_name='zrlee' ) LIMIT 1   [ RunTime:0.0010s ]
SQL: UPDATE `user` SET `collection_goods_id`='8,10,12,13,4,9,3' WHERE ( user_name='zrlee' ) [ RunTime:0.1475s ]
SQL: SHOW COLUMNS FROM `goods` [ RunTime:0.0152s ]
SQL: SELECT `collect_num` FROM `goods` WHERE ( goods_id=11 ) LIMIT 1   [ RunTime:0.0011s ]
SQL: UPDATE `goods` SET `collect_num`='0' WHERE ( goods_id=11 ) [ RunTime:0.0900s ]
INFO: [ app_end ] --START--
INFO: Run Behavior\ShowPageTraceBehavior [ RunTime:0.004447s ]
INFO: [ app_end ] --END-- [ RunTime:0.005311s ]

[ 2017-05-02T11:46:40+08:00 ] ::1 /web/shop/index.php/Admin/User/add_collect
INFO: [ app_init ] --START--
INFO: Run Behavior\BuildLiteBehavior [ RunTime:0.001898s ]
INFO: [ app_init ] --END-- [ RunTime:0.006495s ]
INFO: [ app_begin ] --START--
INFO: Run Behavior\ReadHtmlCacheBehavior [ RunTime:0.017060s ]
INFO: [ app_begin ] --END-- [ RunTime:0.021543s ]
SQL: SHOW COLUMNS FROM `user` [ RunTime:0.0285s ]
SQL: SELECT `collection_goods_id` FROM `user` WHERE ( user_name='zrlee' ) LIMIT 1   [ RunTime:0.0010s ]
SQL: UPDATE `user` SET `collection_goods_id`='8,10,12,13,4,9,3,11' WHERE ( user_name='zrlee' ) [ RunTime:0.1168s ]
SQL: SHOW COLUMNS FROM `goods` [ RunTime:0.0160s ]
SQL: SELECT `collect_num` FROM `goods` WHERE ( goods_id=11 ) LIMIT 1   [ RunTime:0.0011s ]
SQL: UPDATE `goods` SET `collect_num`='1' WHERE ( goods_id=11 ) [ RunTime:0.1072s ]
INFO: [ app_end ] --START--
INFO: Run Behavior\ShowPageTraceBehavior [ RunTime:0.004518s ]
INFO: [ app_end ] --END-- [ RunTime:0.005405s ]

[ 2017-05-02T11:46:44+08:00 ] ::1 /web/shop/index.php/Admin/User/add_collect
INFO: [ app_init ] --START--
INFO: Run Behavior\BuildLiteBehavior [ RunTime:0.000249s ]
INFO: [ app_init ] --END-- [ RunTime:0.003996s ]
INFO: [ app_begin ] --START--
INFO: Run Behavior\ReadHtmlCacheBehavior [ RunTime:0.002961s ]
INFO: [ app_begin ] --END-- [ RunTime:0.003703s ]
SQL: SHOW COLUMNS FROM `user` [ RunTime:0.0155s ]
SQL: SELECT `collection_goods_id` FROM `user` WHERE ( user_name='zrlee' ) LIMIT 1   [ RunTime:0.0010s ]
SQL: UPDATE `user` SET `collection_goods_id`='8,10,12,13,4,9,3' WHERE ( user_name='zrlee' ) [ RunTime:0.1328s ]
SQL: SHOW COLUMNS FROM `goods` [ RunTime:0.1580s ]
SQL: SELECT `collect_num` FROM `goods` WHERE ( goods_id=11 ) LIMIT 1   [ RunTime:0.0011s ]
SQL: UPDATE `goods` SET `collect_num`='0' WHERE ( goods_id=11 ) [ RunTime:0.0955s ]
INFO: [ app_end ] --START--
INFO: Run Behavior\ShowPageTraceBehavior [ RunTime:0.004428s ]
INFO: [ app_end ] --END-- [ RunTime:0.005361s ]

[ 2017-05-02T12:30:18+08:00 ] ::1 /web/shop/index.php/Admin/user/register
INFO: [ app_init ] --START--
INFO: Run Behavior\BuildLiteBehavior [ RunTime:0.000228s ]
INFO: [ app_init ] --END-- [ RunTime:0.003619s ]
INFO: [ app_begin ] --START--
INFO: Run Behavior\ReadHtmlCacheBehavior [ RunTime:0.004520s ]
INFO: [ app_begin ] --END-- [ RunTime:0.005601s ]
INFO: [ view_parse ] --START--
INFO: [ template_filter ] --START--
INFO: Run Behavior\ContentReplaceBehavior [ RunTime:0.000937s ]
INFO: [ template_filter ] --END-- [ RunTime:0.002465s ]
INFO: Run Behavior\ParseTemplateBehavior [ RunTime:0.046618s ]
INFO: [ view_parse ] --END-- [ RunTime:0.047505s ]
INFO: [ view_filter ] --START--
INFO: Run Behavior\WriteHtmlCacheBehavior [ RunTime:0.003776s ]
INFO: [ view_filter ] --END-- [ RunTime:0.004814s ]
INFO: [ app_end ] --START--
INFO: Run Behavior\ShowPageTraceBehavior [ RunTime:0.003477s ]
INFO: [ app_end ] --END-- [ RunTime:0.004320s ]

[ 2017-05-02T12:30:26+08:00 ] ::1 /web/shop/index.php/Admin/User/check_uname
INFO: [ app_init ] --START--
INFO: Run Behavior\BuildLiteBehavior [ RunTime:0.000108s ]
INFO: [ app_init ] --END-- [ RunTime:0.001810s ]
INFO: [ app_begin ] --START--
INFO: Run Behavior\ReadHtmlCacheBehavior [ RunTime:0.002089s ]
INFO: [ app_begin ] --END-- [ RunTime:0.002546s ]
SQL: SHOW COLUMNS FROM `user` [ RunTime:0.0116s ]
SQL: SELECT * FROM `user` WHERE ( user_name='迪达拉' ) LIMIT 1   [ RunTime:0.0011s ]
INFO: [ app_end ] --START--
INFO: Run Behavior\ShowPageTraceBehavior [ RunTime:0.003114s ]
INFO: [ app_end ] --END-- [ RunTime:0.003548s ]

[ 2017-05-02T12:30:44+08:00 ] ::1 /web/shop/index.php/Admin/User/adduser
INFO: [ app_init ] --START--
INFO: Run Behavior\BuildLiteBehavior [ RunTime:0.000204s ]
INFO: [ app_init ] --END-- [ RunTime:0.005636s ]
INFO: [ app_begin ] --START--
INFO: Run Behavior\ReadHtmlCacheBehavior [ RunTime:0.003202s ]
INFO: [ app_begin ] --END-- [ RunTime:0.004326s ]
SQL: SHOW COLUMNS FROM `user` [ RunTime:0.0143s ]
NOTIC: [8] Undefined index: validate D:\wamp-win10\www\web\shop\ThinkPHP\Library\Think\Model.class.php 第 1185 行.
NOTIC: [8] Undefined index: auto D:\wamp-win10\www\web\shop\ThinkPHP\Library\Think\Model.class.php 第 1128 行.
SQL: INSERT INTO `user` (`user_name`,`password`,`email`,`register_time`) VALUES ('迪达拉','81dc9bdb52d04dc20036dbd8313ed055','45418406@qq.com','1493699442') [ RunTime:0.1210s ]
INFO: [ view_parse ] --START--
INFO: [ template_filter ] --START--
INFO: Run Behavior\ContentReplaceBehavior [ RunTime:0.000352s ]
INFO: [ template_filter ] --END-- [ RunTime:0.001110s ]
INFO: Run Behavior\ParseTemplateBehavior [ RunTime:0.026158s ]
INFO: [ view_parse ] --END-- [ RunTime:0.026778s ]
INFO: [ view_filter ] --START--
INFO: Run Behavior\WriteHtmlCacheBehavior [ RunTime:0.002170s ]
INFO: [ view_filter ] --END-- [ RunTime:0.002753s ]
INFO: [ app_end ] --START--
INFO: Run Behavior\ShowPageTraceBehavior [ RunTime:0.002815s ]
INFO: [ app_end ] --END-- [ RunTime:0.003319s ]

[ 2017-05-02T12:30:48+08:00 ] ::1 /web/shop/index.php/Admin/User/check_uname
INFO: [ app_init ] --START--
INFO: Run Behavior\BuildLiteBehavior [ RunTime:0.000234s ]
INFO: [ app_init ] --END-- [ RunTime:0.003314s ]
INFO: [ app_begin ] --START--
INFO: Run Behavior\ReadHtmlCacheBehavior [ RunTime:0.004056s ]
INFO: [ app_begin ] --END-- [ RunTime:0.004976s ]
SQL: SHOW COLUMNS FROM `user` [ RunTime:0.0792s ]
SQL: SELECT * FROM `user` WHERE ( user_name='迪达拉' ) LIMIT 1   [ RunTime:0.0015s ]
INFO: [ app_end ] --START--
INFO: Run Behavior\ShowPageTraceBehavior [ RunTime:0.003774s ]
INFO: [ app_end ] --END-- [ RunTime:0.004599s ]

[ 2017-05-02T12:30:51+08:00 ] ::1 /web/shop/index.php/Admin/User/check_pwd
INFO: [ app_init ] --START--
INFO: Run Behavior\BuildLiteBehavior [ RunTime:0.000111s ]
INFO: [ app_init ] --END-- [ RunTime:0.001760s ]
INFO: [ app_begin ] --START--
INFO: Run Behavior\ReadHtmlCacheBehavior [ RunTime:0.001986s ]
INFO: [ app_begin ] --END-- [ RunTime:0.002437s ]
SQL: SHOW COLUMNS FROM `user` [ RunTime:0.0112s ]
SQL: SELECT * FROM `user` WHERE ( password='fbade9e36a3f36d3d676c1b808451dd7' and user_name='迪达拉' ) LIMIT 1   [ RunTime:0.0011s ]
INFO: [ app_end ] --START--
INFO: Run Behavior\ShowPageTraceBehavior [ RunTime:0.002223s ]
INFO: [ app_end ] --END-- [ RunTime:0.002673s ]

[ 2017-05-02T12:30:51+08:00 ] ::1 /web/shop/index.php/Admin/User/check_pwd
INFO: [ app_init ] --START--
INFO: Run Behavior\BuildLiteBehavior [ RunTime:0.000109s ]
INFO: [ app_init ] --END-- [ RunTime:0.001719s ]
INFO: [ app_begin ] --START--
INFO: Run Behavior\ReadHtmlCacheBehavior [ RunTime:0.002011s ]
INFO: [ app_begin ] --END-- [ RunTime:0.002486s ]
SQL: SHOW COLUMNS FROM `user` [ RunTime:0.0113s ]
SQL: SELECT * FROM `user` WHERE ( password='c4ca4238a0b923820dcc509a6f75849b' and user_name='迪达拉' ) LIMIT 1   [ RunTime:0.0013s ]
INFO: [ app_end ] --START--
INFO: Run Behavior\ShowPageTraceBehavior [ RunTime:0.002953s ]
INFO: [ app_end ] --END-- [ RunTime:0.003710s ]

[ 2017-05-02T12:30:52+08:00 ] ::1 /web/shop/index.php/Admin/User/check_pwd
INFO: [ app_init ] --START--
INFO: Run Behavior\BuildLiteBehavior [ RunTime:0.000110s ]
INFO: [ app_init ] --END-- [ RunTime:0.001782s ]
INFO: [ app_begin ] --START--
INFO: Run Behavior\ReadHtmlCacheBehavior [ RunTime:0.001980s ]
INFO: [ app_begin ] --END-- [ RunTime:0.002421s ]
SQL: SHOW COLUMNS FROM `user` [ RunTime:0.0113s ]
SQL: SELECT * FROM `user` WHERE ( password='c20ad4d76fe97759aa27a0c99bff6710' and user_name='迪达拉' ) LIMIT 1   [ RunTime:0.0011s ]
INFO: [ app_end ] --START--
INFO: Run Behavior\ShowPageTraceBehavior [ RunTime:0.002358s ]
INFO: [ app_end ] --END-- [ RunTime:0.002894s ]

[ 2017-05-02T12:30:52+08:00 ] ::1 /web/shop/index.php/Admin/User/check_pwd
INFO: [ app_init ] --START--
INFO: Run Behavior\BuildLiteBehavior [ RunTime:0.000109s ]
INFO: [ app_init ] --END-- [ RunTime:0.001695s ]
INFO: [ app_begin ] --START--
INFO: Run Behavior\ReadHtmlCacheBehavior [ RunTime:0.002108s ]
INFO: [ app_begin ] --END-- [ RunTime:0.002549s ]
SQL: SHOW COLUMNS FROM `user` [ RunTime:0.0114s ]
SQL: SELECT * FROM `user` WHERE ( password='202cb962ac59075b964b07152d234b70' and user_name='迪达拉' ) LIMIT 1   [ RunTime:0.0013s ]
INFO: [ app_end ] --START--
INFO: Run Behavior\ShowPageTraceBehavior [ RunTime:0.002323s ]
INFO: [ app_end ] --END-- [ RunTime:0.002775s ]

[ 2017-05-02T12:30:52+08:00 ] ::1 /web/shop/index.php/Admin/User/check_pwd
INFO: [ app_init ] --START--
INFO: Run Behavior\BuildLiteBehavior [ RunTime:0.000110s ]
INFO: [ app_init ] --END-- [ RunTime:0.001685s ]
INFO: [ app_begin ] --START--
INFO: Run Behavior\ReadHtmlCacheBehavior [ RunTime:0.002089s ]
INFO: [ app_begin ] --END-- [ RunTime:0.002544s ]
SQL: SHOW COLUMNS FROM `user` [ RunTime:0.0162s ]
SQL: SELECT * FROM `user` WHERE ( password='81dc9bdb52d04dc20036dbd8313ed055' and user_name='迪达拉' ) LIMIT 1   [ RunTime:0.0011s ]
INFO: [ app_end ] --START--
INFO: Run Behavior\ShowPageTraceBehavior [ RunTime:0.002309s ]
INFO: [ app_end ] --END-- [ RunTime:0.002936s ]

[ 2017-05-02T12:30:56+08:00 ] ::1 /web/shop/index.php/Admin/User/check
INFO: [ app_init ] --START--
INFO: Run Behavior\BuildLiteBehavior [ RunTime:0.000205s ]
INFO: [ app_init ] --END-- [ RunTime:0.002805s ]
INFO: [ app_begin ] --START--
INFO: Run Behavior\ReadHtmlCacheBehavior [ RunTime:0.002408s ]
INFO: [ app_begin ] --END-- [ RunTime:0.002882s ]
INFO: [ app_end ] --START--
INFO: Run Behavior\ShowPageTraceBehavior [ RunTime:0.002212s ]
INFO: [ app_end ] --END-- [ RunTime:0.002906s ]

[ 2017-05-02T12:30:57+08:00 ] ::1 /web/shop/index.php/Admin/User/login
INFO: [ app_init ] --START--
INFO: Run Behavior\BuildLiteBehavior [ RunTime:0.000213s ]
INFO: [ app_init ] --END-- [ RunTime:0.003282s ]
INFO: [ app_begin ] --START--
INFO: Run Behavior\ReadHtmlCacheBehavior [ RunTime:0.003236s ]
INFO: [ app_begin ] --END-- [ RunTime:0.004694s ]
SQL: SHOW COLUMNS FROM `user` [ RunTime:0.0142s ]
SQL: SELECT * FROM `user` WHERE ( user_name='迪达拉' ) LIMIT 1   [ RunTime:0.0014s ]
INFO: [ view_parse ] --START--
INFO: [ template_filter ] --START--
INFO: Run Behavior\ContentReplaceBehavior [ RunTime:0.000507s ]
INFO: [ template_filter ] --END-- [ RunTime:0.001455s ]
INFO: Run Behavior\ParseTemplateBehavior [ RunTime:0.036662s ]
INFO: [ view_parse ] --END-- [ RunTime:0.037642s ]
INFO: [ view_filter ] --START--
INFO: Run Behavior\WriteHtmlCacheBehavior [ RunTime:0.002351s ]
INFO: [ view_filter ] --END-- [ RunTime:0.003183s ]
INFO: [ app_end ] --START--
INFO: Run Behavior\ShowPageTraceBehavior [ RunTime:0.002981s ]
INFO: [ app_end ] --END-- [ RunTime:0.003892s ]

[ 2017-05-02T12:30:58+08:00 ] ::1 /web/shop/index.php/Admin/Index/my.html
INFO: [ app_init ] --START--
INFO: Run Behavior\BuildLiteBehavior [ RunTime:0.000118s ]
INFO: [ app_init ] --END-- [ RunTime:0.002441s ]
INFO: [ app_begin ] --START--
INFO: Run Behavior\ReadHtmlCacheBehavior [ RunTime:0.004189s ]
INFO: [ app_begin ] --END-- [ RunTime:0.004904s ]
SQL: SHOW COLUMNS FROM `user` [ RunTime:0.0119s ]
SQL: SELECT * FROM `user` WHERE ( user_name='迪达拉' ) LIMIT 1   [ RunTime:0.0012s ]
SQL: SELECT * FROM `user` WHERE ( user_name='迪达拉' ) LIMIT 1   [ RunTime:0.0010s ]
SQL: SHOW COLUMNS FROM `goods` [ RunTime:0.0119s ]

[ 2017-05-02T12:31:36+08:00 ] ::1 /web/shop/index.php/Admin/Index/my.html
INFO: [ app_init ] --START--
INFO: Run Behavior\BuildLiteBehavior [ RunTime:0.000114s ]
INFO: [ app_init ] --END-- [ RunTime:0.001814s ]
INFO: [ app_begin ] --START--
INFO: Run Behavior\ReadHtmlCacheBehavior [ RunTime:0.002829s ]
INFO: [ app_begin ] --END-- [ RunTime:0.003619s ]
SQL: SHOW COLUMNS FROM `user` [ RunTime:0.1933s ]
SQL: SELECT * FROM `user` WHERE ( user_name='迪达拉' ) LIMIT 1   [ RunTime:0.0014s ]
SQL: SELECT * FROM `user` WHERE ( user_name='迪达拉' ) LIMIT 1   [ RunTime:0.0010s ]
SQL: SHOW COLUMNS FROM `goods` [ RunTime:0.1905s ]
INFO: [ view_parse ] --START--
INFO: [ template_filter ] --START--
INFO: Run Behavior\ContentReplaceBehavior [ RunTime:0.000497s ]
INFO: [ template_filter ] --END-- [ RunTime:0.001200s ]
NOTIC: [8] Undefined variable: goods D:\wamp-win10\www\web\shop\Runtime\Cache\Admin\165169de7d0dc0e11356055693bbc24e.php 第 90 行.
NOTIC: [8] Undefined variable: goods D:\wamp-win10\www\web\shop\Runtime\Cache\Admin\165169de7d0dc0e11356055693bbc24e.php 第 106 行.
INFO: Run Behavior\ParseTemplateBehavior [ RunTime:0.042810s ]
INFO: [ view_parse ] --END-- [ RunTime:0.043354s ]
INFO: [ view_filter ] --START--
INFO: Run Behavior\WriteHtmlCacheBehavior [ RunTime:0.001284s ]
INFO: [ view_filter ] --END-- [ RunTime:0.001773s ]
INFO: [ app_end ] --START--
INFO: Run Behavior\ShowPageTraceBehavior [ RunTime:0.001963s ]
INFO: [ app_end ] --END-- [ RunTime:0.002471s ]

[ 2017-05-02T12:32:04+08:00 ] ::1 /web/shop/index.php/Admin/Index/collection
INFO: [ app_init ] --START--
INFO: Run Behavior\BuildLiteBehavior [ RunTime:0.000594s ]
INFO: [ app_init ] --END-- [ RunTime:0.003003s ]
INFO: [ app_begin ] --START--
INFO: Run Behavior\ReadHtmlCacheBehavior [ RunTime:0.002752s ]
INFO: [ app_begin ] --END-- [ RunTime:0.003308s ]
SQL: SHOW COLUMNS FROM `user` [ RunTime:0.0129s ]
SQL: SELECT * FROM `user` WHERE ( user_name='迪达拉' ) LIMIT 1   [ RunTime:0.0011s ]
SQL: SELECT * FROM `user` WHERE ( user_name='迪达拉' ) LIMIT 1   [ RunTime:0.0010s ]
SQL: SHOW COLUMNS FROM `goods` [ RunTime:0.0121s ]
SQL: SELECT * FROM `goods`  [ RunTime:0.0018s ]
INFO: [ view_parse ] --START--
INFO: [ template_filter ] --START--
INFO: Run Behavior\ContentReplaceBehavior [ RunTime:0.000484s ]
INFO: [ template_filter ] --END-- [ RunTime:0.001049s ]
INFO: Run Behavior\ParseTemplateBehavior [ RunTime:0.049502s ]
INFO: [ view_parse ] --END-- [ RunTime:0.050402s ]
INFO: [ view_filter ] --START--
INFO: Run Behavior\WriteHtmlCacheBehavior [ RunTime:0.001904s ]
INFO: [ view_filter ] --END-- [ RunTime:0.002500s ]
INFO: [ app_end ] --START--
INFO: Run Behavior\ShowPageTraceBehavior [ RunTime:0.005059s ]
INFO: [ app_end ] --END-- [ RunTime:0.005822s ]

[ 2017-05-02T12:32:35+08:00 ] ::1 /web/shop/index.php/Admin/Index/collection
INFO: [ app_init ] --START--
INFO: Run Behavior\BuildLiteBehavior [ RunTime:0.000116s ]
INFO: [ app_init ] --END-- [ RunTime:0.002653s ]
INFO: [ app_begin ] --START--
INFO: Run Behavior\ReadHtmlCacheBehavior [ RunTime:0.002279s ]
INFO: [ app_begin ] --END-- [ RunTime:0.002828s ]
SQL: SHOW COLUMNS FROM `user` [ RunTime:0.0131s ]
SQL: SELECT * FROM `user` WHERE ( user_name='迪达拉' ) LIMIT 1   [ RunTime:0.0012s ]
SQL: SELECT * FROM `user` WHERE ( user_name='迪达拉' ) LIMIT 1   [ RunTime:0.0009s ]
SQL: SHOW COLUMNS FROM `goods` [ RunTime:0.0137s ]
INFO: [ view_parse ] --START--
INFO: [ template_filter ] --START--
INFO: Run Behavior\ContentReplaceBehavior [ RunTime:0.000485s ]
INFO: [ template_filter ] --END-- [ RunTime:0.001033s ]
NOTIC: [8] Undefined variable: goods D:\wamp-win10\www\web\shop\Runtime\Cache\Admin\91e7998b8b1171a7a795bea1b610b6b7.php 第 90 行.
NOTIC: [8] Undefined variable: goods D:\wamp-win10\www\web\shop\Runtime\Cache\Admin\91e7998b8b1171a7a795bea1b610b6b7.php 第 106 行.
INFO: Run Behavior\ParseTemplateBehavior [ RunTime:0.046804s ]
INFO: [ view_parse ] --END-- [ RunTime:0.047344s ]
INFO: [ view_filter ] --START--
INFO: Run Behavior\WriteHtmlCacheBehavior [ RunTime:0.001295s ]
INFO: [ view_filter ] --END-- [ RunTime:0.001777s ]
INFO: [ app_end ] --START--
INFO: Run Behavior\ShowPageTraceBehavior [ RunTime:0.002557s ]
INFO: [ app_end ] --END-- [ RunTime:0.003098s ]

[ 2017-05-02T12:32:46+08:00 ] ::1 /web/shop/index.php/Admin/user/logout
INFO: [ app_init ] --START--
INFO: Run Behavior\BuildLiteBehavior [ RunTime:0.000210s ]
INFO: [ app_init ] --END-- [ RunTime:0.002054s ]
INFO: [ app_begin ] --START--
INFO: Run Behavior\ReadHtmlCacheBehavior [ RunTime:0.003807s ]
INFO: [ app_begin ] --END-- [ RunTime:0.004784s ]

[ 2017-05-02T12:32:52+08:00 ] ::1 /web/shop/index.php/Admin/User/check_uname
INFO: [ app_init ] --START--
INFO: Run Behavior\BuildLiteBehavior [ RunTime:0.000110s ]
INFO: [ app_init ] --END-- [ RunTime:0.001699s ]
INFO: [ app_begin ] --START--
INFO: Run Behavior\ReadHtmlCacheBehavior [ RunTime:0.002005s ]
INFO: [ app_begin ] --END-- [ RunTime:0.002486s ]
SQL: SHOW COLUMNS FROM `user` [ RunTime:0.0124s ]
SQL: SELECT * FROM `user` WHERE ( user_name='z' ) LIMIT 1   [ RunTime:0.0011s ]
INFO: [ app_end ] --START--
INFO: Run Behavior\ShowPageTraceBehavior [ RunTime:0.002417s ]
INFO: [ app_end ] --END-- [ RunTime:0.002984s ]

[ 2017-05-02T12:32:53+08:00 ] ::1 /web/shop/index.php/Admin/User/check_uname
INFO: [ app_init ] --START--
INFO: Run Behavior\BuildLiteBehavior [ RunTime:0.000165s ]
INFO: [ app_init ] --END-- [ RunTime:0.001980s ]
INFO: [ app_begin ] --START--
INFO: Run Behavior\ReadHtmlCacheBehavior [ RunTime:0.002008s ]
INFO: [ app_begin ] --END-- [ RunTime:0.002450s ]
SQL: SHOW COLUMNS FROM `user` [ RunTime:0.0140s ]
SQL: SELECT * FROM `user` WHERE ( user_name='z' ) LIMIT 1   [ RunTime:0.0013s ]
INFO: [ app_end ] --START--
INFO: Run Behavior\ShowPageTraceBehavior [ RunTime:0.002634s ]
INFO: [ app_end ] --END-- [ RunTime:0.003252s ]

[ 2017-05-02T12:32:54+08:00 ] ::1 /web/shop/index.php/Admin/User/check_uname
INFO: [ app_init ] --START--
INFO: Run Behavior\BuildLiteBehavior [ RunTime:0.000111s ]
INFO: [ app_init ] --END-- [ RunTime:0.001822s ]
INFO: [ app_begin ] --START--
INFO: Run Behavior\ReadHtmlCacheBehavior [ RunTime:0.003443s ]
INFO: [ app_begin ] --END-- [ RunTime:0.004255s ]
SQL: SHOW COLUMNS FROM `user` [ RunTime:0.0125s ]
SQL: SELECT * FROM `user` WHERE ( user_name='zr' ) LIMIT 1   [ RunTime:0.0011s ]
INFO: [ app_end ] --START--
INFO: Run Behavior\ShowPageTraceBehavior [ RunTime:0.002512s ]
INFO: [ app_end ] --END-- [ RunTime:0.003187s ]

[ 2017-05-02T12:32:54+08:00 ] ::1 /web/shop/index.php/Admin/User/check_uname
INFO: [ app_init ] --START--
INFO: Run Behavior\BuildLiteBehavior [ RunTime:0.000127s ]
INFO: [ app_init ] --END-- [ RunTime:0.001692s ]
INFO: [ app_begin ] --START--
INFO: Run Behavior\ReadHtmlCacheBehavior [ RunTime:0.002250s ]
INFO: [ app_begin ] --END-- [ RunTime:0.002904s ]
SQL: SHOW COLUMNS FROM `user` [ RunTime:0.1099s ]
SQL: SELECT * FROM `user` WHERE ( user_name='zrle' ) LIMIT 1   [ RunTime:0.0010s ]
INFO: [ app_end ] --START--
INFO: Run Behavior\ShowPageTraceBehavior [ RunTime:0.003204s ]
INFO: [ app_end ] --END-- [ RunTime:0.003876s ]

[ 2017-05-02T12:32:54+08:00 ] ::1 /web/shop/index.php/Admin/User/check_uname
INFO: [ app_init ] --START--
INFO: Run Behavior\BuildLiteBehavior [ RunTime:0.000151s ]
INFO: [ app_init ] --END-- [ RunTime:0.003807s ]
INFO: [ app_begin ] --START--
INFO: Run Behavior\ReadHtmlCacheBehavior [ RunTime:0.005592s ]
INFO: [ app_begin ] --END-- [ RunTime:0.006588s ]
SQL: SHOW COLUMNS FROM `user` [ RunTime:0.0143s ]
SQL: SELECT * FROM `user` WHERE ( user_name='zrle' ) LIMIT 1   [ RunTime:0.0013s ]
INFO: [ app_end ] --START--
INFO: Run Behavior\ShowPageTraceBehavior [ RunTime:0.004292s ]
INFO: [ app_end ] --END-- [ RunTime:0.005159s ]

[ 2017-05-02T12:32:54+08:00 ] ::1 /web/shop/index.php/Admin/User/check_uname
INFO: [ app_init ] --START--
INFO: Run Behavior\BuildLiteBehavior [ RunTime:0.000110s ]
INFO: [ app_init ] --END-- [ RunTime:0.002010s ]
INFO: [ app_begin ] --START--
INFO: Run Behavior\ReadHtmlCacheBehavior [ RunTime:0.002198s ]
INFO: [ app_begin ] --END-- [ RunTime:0.002656s ]
SQL: SHOW COLUMNS FROM `user` [ RunTime:0.0133s ]
SQL: SELECT * FROM `user` WHERE ( user_name='zrlee' ) LIMIT 1   [ RunTime:0.0012s ]
INFO: [ app_end ] --START--
INFO: Run Behavior\ShowPageTraceBehavior [ RunTime:0.003321s ]
INFO: [ app_end ] --END-- [ RunTime:0.004182s ]

[ 2017-05-02T12:32:56+08:00 ] ::1 /web/shop/index.php/Admin/User/check_pwd
INFO: [ app_init ] --START--
INFO: Run Behavior\BuildLiteBehavior [ RunTime:0.000108s ]
INFO: [ app_init ] --END-- [ RunTime:0.001725s ]
INFO: [ app_begin ] --START--
INFO: Run Behavior\ReadHtmlCacheBehavior [ RunTime:0.002195s ]
INFO: [ app_begin ] --END-- [ RunTime:0.002656s ]
SQL: SHOW COLUMNS FROM `user` [ RunTime:0.0127s ]
SQL: SELECT * FROM `user` WHERE ( password='fbade9e36a3f36d3d676c1b808451dd7' and user_name='zrlee' ) LIMIT 1   [ RunTime:0.0012s ]
INFO: [ app_end ] --START--
INFO: Run Behavior\ShowPageTraceBehavior [ RunTime:0.002453s ]
INFO: [ app_end ] --END-- [ RunTime:0.002889s ]

[ 2017-05-02T12:32:56+08:00 ] ::1 /web/shop/index.php/Admin/User/check_pwd
INFO: [ app_init ] --START--
INFO: Run Behavior\BuildLiteBehavior [ RunTime:0.000114s ]
INFO: [ app_init ] --END-- [ RunTime:0.001968s ]
INFO: [ app_begin ] --START--
INFO: Run Behavior\ReadHtmlCacheBehavior [ RunTime:0.002181s ]
INFO: [ app_begin ] --END-- [ RunTime:0.002728s ]
SQL: SHOW COLUMNS FROM `user` [ RunTime:0.0292s ]
SQL: SELECT * FROM `user` WHERE ( password='c3bf26db16183dd7bd0903b9def79bf3' and user_name='zrlee' ) LIMIT 1   [ RunTime:0.0013s ]
INFO: [ app_end ] --START--
INFO: Run Behavior\ShowPageTraceBehavior [ RunTime:0.003240s ]
INFO: [ app_end ] --END-- [ RunTime:0.004066s ]

[ 2017-05-02T12:32:56+08:00 ] ::1 /web/shop/index.php/Admin/User/check_pwd
INFO: [ app_init ] --START--
INFO: Run Behavior\BuildLiteBehavior [ RunTime:0.000112s ]
INFO: [ app_init ] --END-- [ RunTime:0.001833s ]
INFO: [ app_begin ] --START--
INFO: Run Behavior\ReadHtmlCacheBehavior [ RunTime:0.003288s ]
INFO: [ app_begin ] --END-- [ RunTime:0.004178s ]
SQL: SHOW COLUMNS FROM `user` [ RunTime:0.0141s ]
SQL: SELECT * FROM `user` WHERE ( password='ceab3afe8083284e2453bea665ac89a5' and user_name='zrlee' ) LIMIT 1   [ RunTime:0.0014s ]
INFO: [ app_end ] --START--
INFO: Run Behavior\ShowPageTraceBehavior [ RunTime:0.003059s ]
INFO: [ app_end ] --END-- [ RunTime:0.003929s ]

[ 2017-05-02T12:32:56+08:00 ] ::1 /web/shop/index.php/Admin/User/check_pwd
INFO: [ app_init ] --START--
INFO: Run Behavior\BuildLiteBehavior [ RunTime:0.000225s ]
INFO: [ app_init ] --END-- [ RunTime:0.003190s ]
INFO: [ app_begin ] --START--
INFO: Run Behavior\ReadHtmlCacheBehavior [ RunTime:0.004190s ]
INFO: [ app_begin ] --END-- [ RunTime:0.004900s ]
SQL: SHOW COLUMNS FROM `user` [ RunTime:0.0130s ]
SQL: SELECT * FROM `user` WHERE ( password='adfa969c4611587cd5aa4a078573a08c' and user_name='zrlee' ) LIMIT 1   [ RunTime:0.0011s ]
INFO: [ app_end ] --START--
INFO: Run Behavior\ShowPageTraceBehavior [ RunTime:0.004636s ]
INFO: [ app_end ] --END-- [ RunTime:0.005539s ]

[ 2017-05-02T12:32:57+08:00 ] ::1 /web/shop/index.php/Admin/User/check_pwd
INFO: [ app_init ] --START--
INFO: Run Behavior\BuildLiteBehavior [ RunTime:0.000118s ]
INFO: [ app_init ] --END-- [ RunTime:0.001982s ]
INFO: [ app_begin ] --START--
INFO: Run Behavior\ReadHtmlCacheBehavior [ RunTime:0.003164s ]
INFO: [ app_begin ] --END-- [ RunTime:0.003664s ]
SQL: SHOW COLUMNS FROM `user` [ RunTime:0.0149s ]
SQL: SELECT * FROM `user` WHERE ( password='438371e69bc048cae6e95c1a67f71f40' and user_name='zrlee' ) LIMIT 1   [ RunTime:0.0014s ]
INFO: [ app_end ] --START--
INFO: Run Behavior\ShowPageTraceBehavior [ RunTime:0.004727s ]
INFO: [ app_end ] --END-- [ RunTime:0.005604s ]

[ 2017-05-02T12:32:57+08:00 ] ::1 /web/shop/index.php/Admin/User/check_pwd
INFO: [ app_init ] --START--
INFO: Run Behavior\BuildLiteBehavior [ RunTime:0.000220s ]
INFO: [ app_init ] --END-- [ RunTime:0.002883s ]
INFO: [ app_begin ] --START--
INFO: Run Behavior\ReadHtmlCacheBehavior [ RunTime:0.003781s ]
INFO: [ app_begin ] --END-- [ RunTime:0.004459s ]
SQL: SHOW COLUMNS FROM `user` [ RunTime:0.0124s ]
SQL: SELECT * FROM `user` WHERE ( password='438371e69bc048cae6e95c1a67f71f40' and user_name='zrlee' ) LIMIT 1   [ RunTime:0.0013s ]
INFO: [ app_end ] --START--
INFO: Run Behavior\ShowPageTraceBehavior [ RunTime:0.002540s ]
INFO: [ app_end ] --END-- [ RunTime:0.002995s ]

[ 2017-05-02T12:32:57+08:00 ] ::1 /web/shop/index.php/Admin/User/check_pwd
INFO: [ app_init ] --START--
INFO: Run Behavior\BuildLiteBehavior [ RunTime:0.000214s ]
INFO: [ app_init ] --END-- [ RunTime:0.002226s ]
INFO: [ app_begin ] --START--
INFO: Run Behavior\ReadHtmlCacheBehavior [ RunTime:0.002065s ]
INFO: [ app_begin ] --END-- [ RunTime:0.002565s ]
SQL: SHOW COLUMNS FROM `user` [ RunTime:0.0140s ]
SQL: SELECT * FROM `user` WHERE ( password='8f0f50d0cb6bef82dfd8ceafc4a12be4' and user_name='zrlee' ) LIMIT 1   [ RunTime:0.0010s ]
INFO: [ app_end ] --START--
INFO: Run Behavior\ShowPageTraceBehavior [ RunTime:0.002573s ]
INFO: [ app_end ] --END-- [ RunTime:0.003055s ]

[ 2017-05-02T12:32:57+08:00 ] ::1 /web/shop/index.php/Admin/User/check_pwd
INFO: [ app_init ] --START--
INFO: Run Behavior\BuildLiteBehavior [ RunTime:0.000218s ]
INFO: [ app_init ] --END-- [ RunTime:0.003382s ]
INFO: [ app_begin ] --START--
INFO: Run Behavior\ReadHtmlCacheBehavior [ RunTime:0.004735s ]
INFO: [ app_begin ] --END-- [ RunTime:0.005915s ]
SQL: SHOW COLUMNS FROM `user` [ RunTime:0.0130s ]
SQL: SELECT * FROM `user` WHERE ( password='8f0f50d0cb6bef82dfd8ceafc4a12be4' and user_name='zrlee' ) LIMIT 1   [ RunTime:0.0013s ]
INFO: [ app_end ] --START--
INFO: Run Behavior\ShowPageTraceBehavior [ RunTime:0.004096s ]
INFO: [ app_end ] --END-- [ RunTime:0.005014s ]

[ 2017-05-02T12:33:03+08:00 ] ::1 /web/shop/index.php/Admin/User/check
INFO: [ app_init ] --START--
INFO: Run Behavior\BuildLiteBehavior [ RunTime:0.000125s ]
INFO: [ app_init ] --END-- [ RunTime:0.002608s ]
INFO: [ app_begin ] --START--
INFO: Run Behavior\ReadHtmlCacheBehavior [ RunTime:0.002773s ]
INFO: [ app_begin ] --END-- [ RunTime:0.003287s ]
INFO: [ app_end ] --START--
INFO: Run Behavior\ShowPageTraceBehavior [ RunTime:0.002968s ]
INFO: [ app_end ] --END-- [ RunTime:0.003497s ]

[ 2017-05-02T12:33:04+08:00 ] ::1 /web/shop/index.php/Admin/User/login
INFO: [ app_init ] --START--
INFO: Run Behavior\BuildLiteBehavior [ RunTime:0.000116s ]
INFO: [ app_init ] --END-- [ RunTime:0.002034s ]
INFO: [ app_begin ] --START--
INFO: Run Behavior\ReadHtmlCacheBehavior [ RunTime:0.003180s ]
INFO: [ app_begin ] --END-- [ RunTime:0.003817s ]
SQL: SHOW COLUMNS FROM `user` [ RunTime:0.0126s ]
SQL: SELECT * FROM `user` WHERE ( user_name='zrlee' ) LIMIT 1   [ RunTime:0.0010s ]
INFO: [ view_parse ] --START--
INFO: [ template_filter ] --START--
INFO: Run Behavior\ContentReplaceBehavior [ RunTime:0.000301s ]
INFO: [ template_filter ] --END-- [ RunTime:0.000877s ]
INFO: Run Behavior\ParseTemplateBehavior [ RunTime:0.034178s ]
INFO: [ view_parse ] --END-- [ RunTime:0.034940s ]
INFO: [ view_filter ] --START--
INFO: Run Behavior\WriteHtmlCacheBehavior [ RunTime:0.002267s ]
INFO: [ view_filter ] --END-- [ RunTime:0.002780s ]
INFO: [ app_end ] --START--
INFO: Run Behavior\ShowPageTraceBehavior [ RunTime:0.002855s ]
INFO: [ app_end ] --END-- [ RunTime:0.003422s ]

[ 2017-05-02T12:33:05+08:00 ] ::1 /web/shop/index.php/Admin/Index/my.html
INFO: [ app_init ] --START--
INFO: Run Behavior\BuildLiteBehavior [ RunTime:0.000227s ]
INFO: [ app_init ] --END-- [ RunTime:0.003386s ]
INFO: [ app_begin ] --START--
INFO: Run Behavior\ReadHtmlCacheBehavior [ RunTime:0.004451s ]
INFO: [ app_begin ] --END-- [ RunTime:0.005602s ]
SQL: SHOW COLUMNS FROM `user` [ RunTime:0.0739s ]
SQL: SELECT * FROM `user` WHERE ( user_name='zrlee' ) LIMIT 1   [ RunTime:0.0012s ]
SQL: SELECT * FROM `user` WHERE ( user_name='zrlee' ) LIMIT 1   [ RunTime:0.0009s ]
SQL: SHOW COLUMNS FROM `goods` [ RunTime:0.0141s ]
SQL: SELECT * FROM `goods` WHERE `goods_id` IN ('8','9','10','11','12','13')  [ RunTime:0.0015s ]
SQL: SELECT COUNT(*) AS tp_count FROM `goods` WHERE ( goods_id in (8,9,10,11,12,13) ) LIMIT 1   [ RunTime:0.0010s ]
SQL: SELECT COUNT(*) AS tp_count FROM `goods` WHERE ( goods_id in (8,10,12,13,4,9,3) ) LIMIT 1   [ RunTime:0.0009s ]
INFO: [ view_parse ] --START--
INFO: [ template_filter ] --START--
INFO: Run Behavior\ContentReplaceBehavior [ RunTime:0.000479s ]
INFO: [ template_filter ] --END-- [ RunTime:0.001006s ]
INFO: Run Behavior\ParseTemplateBehavior [ RunTime:0.055738s ]
INFO: [ view_parse ] --END-- [ RunTime:0.056375s ]
INFO: [ view_filter ] --START--
INFO: Run Behavior\WriteHtmlCacheBehavior [ RunTime:0.002207s ]
INFO: [ view_filter ] --END-- [ RunTime:0.002730s ]
INFO: [ app_end ] --START--
INFO: Run Behavior\ShowPageTraceBehavior [ RunTime:0.003376s ]
INFO: [ app_end ] --END-- [ RunTime:0.004526s ]

